Determining if the pthread_create exist failed with the following output:
Change Dir: /home/fortyfunbobby/hackthebox/scripts/reverse-tools/retdec/retdec-master/build/CMakeFiles/CMakeTmp

Run Build Command:"/usr/bin/make" "cmTC_54d54/fast"
/usr/bin/make -f CMakeFiles/cmTC_54d54.dir/build.make CMakeFiles/cmTC_54d54.dir/build
make[1]: Entering directory '/mnt/host/Development/security-projects/hackthebox/scripts/reverse-tools/retdec/retdec-master/build/CMakeFiles/CMakeTmp'
Building C object CMakeFiles/cmTC_54d54.dir/CheckSymbolExists.c.o
/usr/bin/cc    -o CMakeFiles/cmTC_54d54.dir/CheckSymbolExists.c.o   -c /home/fortyfunbobby/hackthebox/scripts/reverse-tools/retdec/retdec-master/build/CMakeFiles/CMakeTmp/CheckSymbolExists.c
Linking C executable cmTC_54d54
/usr/bin/cmake -E cmake_link_script CMakeFiles/cmTC_54d54.dir/link.txt --verbose=1
/usr/bin/cc      CMakeFiles/cmTC_54d54.dir/CheckSymbolExists.c.o  -o cmTC_54d54 
/usr/bin/ld: CMakeFiles/cmTC_54d54.dir/CheckSymbolExists.c.o: in function `main':
CheckSymbolExists.c:(.text+0x1b): undefined reference to `pthread_create'
collect2: error: ld returned 1 exit status
CMakeFiles/cmTC_54d54.dir/build.make:86: recipe for target 'cmTC_54d54' failed
make[1]: *** [cmTC_54d54] Error 1
make[1]: Leaving directory '/mnt/host/Development/security-projects/hackthebox/scripts/reverse-tools/retdec/retdec-master/build/CMakeFiles/CMakeTmp'
Makefile:126: recipe for target 'cmTC_54d54/fast' failed
make: *** [cmTC_54d54/fast] Error 2

File /home/fortyfunbobby/hackthebox/scripts/reverse-tools/retdec/retdec-master/build/CMakeFiles/CMakeTmp/CheckSymbolExists.c:
/* */
#include <pthread.h>

int main(int argc, char** argv)
{
  (void)argv;
#ifndef pthread_create
  return ((int*)(&pthread_create))[argc];
#else
  (void)argc;
  return 0;
#endif
}

Determining if the function pthread_create exists in the pthreads failed with the following output:
Change Dir: /home/fortyfunbobby/hackthebox/scripts/reverse-tools/retdec/retdec-master/build/CMakeFiles/CMakeTmp

Run Build Command:"/usr/bin/make" "cmTC_2706c/fast"
/usr/bin/make -f CMakeFiles/cmTC_2706c.dir/build.make CMakeFiles/cmTC_2706c.dir/build
make[1]: Entering directory '/mnt/host/Development/security-projects/hackthebox/scripts/reverse-tools/retdec/retdec-master/build/CMakeFiles/CMakeTmp'
Building C object CMakeFiles/cmTC_2706c.dir/CheckFunctionExists.c.o
/usr/bin/cc   -DCHECK_FUNCTION_EXISTS=pthread_create   -o CMakeFiles/cmTC_2706c.dir/CheckFunctionExists.c.o   -c /usr/share/cmake-3.11/Modules/CheckFunctionExists.c
Linking C executable cmTC_2706c
/usr/bin/cmake -E cmake_link_script CMakeFiles/cmTC_2706c.dir/link.txt --verbose=1
/usr/bin/cc  -DCHECK_FUNCTION_EXISTS=pthread_create    CMakeFiles/cmTC_2706c.dir/CheckFunctionExists.c.o  -o cmTC_2706c -lpthreads 
/usr/bin/ld: cannot find -lpthreads
collect2: error: ld returned 1 exit status
CMakeFiles/cmTC_2706c.dir/build.make:86: recipe for target 'cmTC_2706c' failed
make[1]: *** [cmTC_2706c] Error 1
make[1]: Leaving directory '/mnt/host/Development/security-projects/hackthebox/scripts/reverse-tools/retdec/retdec-master/build/CMakeFiles/CMakeTmp'
Makefile:126: recipe for target 'cmTC_2706c/fast' failed
make: *** [cmTC_2706c/fast] Error 2


