This program must be run under Win32
CODE
`DATA
.idata
.tls
.rdata
P.reloc
P.rsrc
Boolean
False
True
Char
Integer
Byte
Word
Cardinal
String
TObject
TObject
System
IInterface
System
TInterfacedObject
uYhD
YZ^[
SVWU
YZ]_^[
SVWU
;D$
]_^[
SVWU
]_^[
SVWU
B;D$
wE;\$
h;l$v
l$h
D$+D$
]_^[
SVWU
]_^[
SVWU
]_^[
SVWU
]_^[
SVWU
]_^[
=IpE
= vE
ZYYd
=IpE
=IpE
ZYYd
=IpE
SVWU
]_^[
t$;
YZ^[
SVWU
]_^[
Uhp%@
=IpE
ZYYd
hw%@
=IpE
UhG'@
=IpE
ZYYd
hN'@
=IpE
SVWU
u,)-
ue;=
]_^[
=IpE
ZYYd
=IpE
^[YY]
YZXu
|$1
- PE
,$YXZ
=(pE
r/f=
w)f%
uDJt
u/Jt
u$Jt
uENt
u0Nt
u%Nt
~KxI[)
2_^[
Cg2@
Cg2@
@v:k
@aQY
E@|o
BkU'9
Uhu3@
ZYYd
h|3@
SOFTWARE\              \RTL
FPUMaskValue
- PE
SVW3
ZYYd
_^[YY]
2;0u
r;pt
SVW1
SVW1
=(PE
=(PE
PPRTj
=(PE
=(PE
=(PE
YYZX
=(PE
=(PE
=,PE
=(PE
=,PE
=(PE
YZXtp
VWUd
SPRQ
T$(j
SVWU
]_^[
=,PE
=(PE
=,PE
=(PE
YZXtm1
SPRQ
SVWU
]_^[
ZTUWVSPRTj
]_^[
d$,1
,t\=
t=HtN
r6t0
t.Ht
=(PE
ZYYd
_^[YY]
UhA?@
ZYYd
_^[YY]
=HpE
=$rE
hlPE
h A@
=0PE
hdPE
hlPE
SVWUQ
=$pE
Z]_^[
;_^[
SVWU
]_^[
t!R:
t-Rf;
t f;J
SVWRP
Z_^[X
uXJt
uAJt
u:Jt
It2S
t&J|
N|*9
tVSVWU
]_^[
t1SVW
_^t
;_^[
SVWU
]_^[
t-Rf;
t f;J
uAJt
_^[]
<t$<
]_^[
=PE
PSVW
t><tQ<
_^[X
_^[X
SVWU
]_^[
]_^[
SVWU
]_^[
]_^[
SVWQ
;Xu
Z_^[
^[Y]
h0U@
tDh@U@
8\uA
kernel32.dll
GetLongPathNameA
UhXV@
ZYYd
h_V@
Software         Locales
Softw                   Locales
YZ_^[
ZYYd
_^[YY]
UhuY@
ZYYd
h|Y@
FFF;M
^[YY]
tl;u
B@;u
t0;u
UhC]@
ZYYd
hJ]@
^[Y]
ZYYd
^[Y]
Uh7^@
ZYYd
h>^@
^[Y]
ZYYd
UhZ_@
ZYYd
ha_@
Uhea@
ZYYd
hla@
-hvE
S[]
ZYYd
-pvE
odSelected
odGrayed
odDisabled
odChecked
odFocused
odDefault
odHotLight
odInactive
odNoAccel
odNoFocusRect
odReserved1
odReserved2
odComboBoxEdit
Windows
TOwnerDrawState
QSVW
_^[Y]
QSVW
PWVj
_^[Y]
QSVW
hn@
h4n@
_^[Y]
Magellan MSWHEEL
MouseZ
MSWHEEL_ROLLMSG
MSH_WHEELSUPPORT_MSG
MSH_SCROLL_LINES_MSG
Uhqn@
ZYYd
hxn@
-tvE
ZYYd
-xvE
ZYYd
-|vE
Exception
EHeapException
EOutOfMemory
EInOutError
EExternal
EExternalException
EIntError
EDivByZero
ERangeErrorPu@
EIntOverflow
EMathError
EInvalidOp
EZeroDivide
EOverflow
EUnderflow
EInvalidPointer
EInvalidCast
EConvertError
EAccessViolation
EPrivilege
EStackOverflow
EControlC
EVariantError
EAssertionFailed
EAbstractError
EIntfCastError
EOSError
ESafecallException
SysUtils
SysUtils
TThreadLocalCounter
$TMultiReadExclusiveWriteSynchronizer
YZ_^[
YZ_^[
SWSVj
SVWU
]_^[
0<:r
True
False
QSVW
_^[Y]
@w2j
SVWQ
PWVS
$Z_^[
SVWQ
PWVS
$Z_^[
^[YY]
$Z^[
SVWQ
Z_^[
$Z^[
SVWQ
$Z_^[
$Z^[
(_^[
<*t"<0r=<9w9i
_^[[
QSVW
_^[Y]
QSVW
_^[Y]
;E~
INFNAN
JtAu
QS<$t
$*@@@*$@@@$ *@@* $@@($*)@-$*@@$-*@@$*-@@(*$)@-*$@@*-$@@*$-@@-* $@-$ *@* $-@$ *-@$ -*@*- $@($ *)(* $)
;}r
-xQE
<sGf
<sAf
^YY]
wwf
f;\B
@YY]
=HwE
ZYYd
ZYYd
yyyy
SVW3
t%HtIHtm
ZYYd
AM/PM
AMPM
AAAA
SVW3
ZYYd
_^[YY]
SVWQ
Z_^[
SVWUQ
$Z]_^[
=DwE
SVW3
8gu4
=LwE
ZYYd
SVWU
D$P
D$P
D$P
D$P
w>f
]_^[
SVWQ
Z_^[
QSVW
_^[Y]
QQQQQQSVW3
ZYYd
ZYYd
^[Y]
ZYYd
QQQQQSVW
ZYYd
yyyy
eeee
D$DP
D$HP
D$PPj
D$LPj
ZYYd
_^[Y]
ZYYd
_^[YY]
TErrorRec
pYZ^[
TExceptRec
SVW3
ZYYd
,tY=
t<HtH
r3t7
t(Ht
ZYYd
ZYYd
D$%
ZYYd
ZYYd
=LwE
=LwE
SVWU
=LwE
]_^[
u#;]
=LwE
K;\$
$YZ^[
=LwE
$YZ^[
=LwE
=LwE
=LwE
SVWUQ
Z]_^[
SVWU
=LwE
]_^[
SVWU
D$Pj
$YZ]_^[
YZ^[
SVWQ
Z_^[
ZYYd
QSVW
_^[Y]
Y_^[
=LwE
ZYYd
m/d/yy
mmmm d, yyyy
 AMPM
AMPM 
:mm:ss
ZYYd
ZYYd
=0QE
kernel32.dll
GetDiskFreeSpaceExA
SVWU
]_^[
SVWU
YZ]_^[
SVWU
H;D$
YZ]_^[
SVWQ
;G$t@
Z_^[
;C$t4
ZYYd
_^[Y]
ZYYd
ZYYd
ZYYd
=avE
ZYYd
ZYYd
ZYYd
ZYYd
ZYYd
ZYYd
ZYYd
[YY]
ZYYd
ZYYd
ZYYd
oleaut32.dll
VariantChangeTypeEx
VarNeg
VarNot
VarAdd
VarSub
VarMul
VarDiv
VarIdiv
VarMod
VarAnd
VarOr
VarXor
VarCmp
VarI4FromStr
VarR4FromStr
VarR8FromStr
VarDateFromStr
VarCyFromStr
VarBoolFromStr
VarBstrFromCy
VarBstrFromDate
VarBstrFromBool
ZYYd
TCustomVariantType
TCustomVariantType
Variants
EVariantInvalidOpError
EVariantTypeCastError
EVariantOverflowError
EVariantInvalidArgErrort
EVariantBadVarTypeError
EVariantBadIndexError
EVariantArrayLockedError
EVariantArrayCreateError
EVariantNotImplError
EVariantOutOfMemoryError
EVariantUnexpectedError<
EVariantDispatchError
ZYYd
ZYYd
ZYYd
ZYYd
ZYYd
t?Htb
ZYYd
ZYYd
|kC3
|kC3
SVWQ
Z_^[
QQQQSV
ZYYd
ZYYd
ZYYd
ZYYd
ZYYd
ZYYd
ZYYd
ZYYd
ZYYd
ZYYd
ZYYd
ZYYd
= SE
E4SE
C[]
Empty
Null
Smallint
Integer
Single
Double
Currency
Date
OleStr
Dispatch
Error
Boolean
Variant
Unknown
Decimal
ShortInt
Byte
Word
LongWord
Int64
SVW3
ZYYd
String
Array 
ByRef 
Variants
h$xE
ZYYd
h$xE
SVWQ
Z_^[
_^[YY]
QSVW
_^[Y]
SVWUQ
Z]_^[
h$xE
ZYYd
h$xE
QSVW
= xE
t~h$xE
ZYYd
h$xE
_^[Y]
SVW3
h$xE
|PF3
ZYYd
h$xE
ZYYd
h$xE
ZYYd
h$xE
ZYYd
ZYYd
-<xE
False
True
ZYYd
_^[Y]
SVW3
ZYYd
_^[YY]
$YZ^[
ZYYd
-@xE
ZYYd
-DxE
TAlignment
taLeftJustify
taRightJustify
taCenter
Classes
TBiDiMode
bdLeftToRight
bdRightToLeft
bdRightToLeftNoAlign
bdRightToLeftReadingOnly
Classes
ssShift
ssAlt
ssCtrl
ssLeft
ssRight
ssMiddle
ssDouble
Classes
TShiftState
THelpContext
THelpType
htKeyword
htContext
Classes
TShortCut
TNotifyEvent
Sender
TObject
EStreamError
EFileStreamError
EFCreateError
EFOpenError|
EFilerError
EReadError
EWriteError
EClassNotFound
EResNotFound
EListError
EBitsError
EStringListError
EComponentError
EOutOfResources
EInvalidOperation
TList
TThreadList 
TBits
TPersistent
TPersistentt
Classes
TInterfacedPersistent
TInterfacedPersistentd
Classes
IStringsAdapter
Classes
TStrings
TStringsP
Classes
TStringItem
TStringList(!A
TStringList
Classes
TStream
THandleStream
TFileStream
TCustomMemoryStreamp#A
TMemoryStream
TResourceStream
TStreamAdapter
TClassFinder
TFiler
TReader
EThread\'A
TComponentNamep'A
IDesignerNotify
Classes
TComponent
TComponent
Classes
Name<
TBasicActionLink
TBasicAction
TBasicActionx*A
Classes
TIdentMapEntry
_^[]
_^[]
TRegGroup
TRegGroups
SVWU
|8F3
YZ]_^[
QSVW
_^[Y]
QSVW
_^[Y]
SVWUQ
|!F3
u%CNu
Z]_^[
SVWUQ
$Z]_^[
Uh7/A
ZYYd
h>/A
SVWUQ
| F3
Z]_^[
SVWU
]_^[
SVWUQ
|%C3
Z]_^[
SVWUQ
|%C3
Z]_^[
UhG2A
ZYYd
hN2A
SVWUQ
$Z]_^[
SVWU
]_^[
SVWU
]_^[
Uh/5A
|3F3
|+F3
ZYYd
h65A
|)C3
#FKu
ZYYd
_^[YY]
ZYYd
ZYYd
Uhe7A
ZYYd
hl7A
ZYYd
ZYYd
UhO8A
ZYYd
hV8A
ZYYd
TIntConst
QSVW
ZYYd
_^[Y]
QSVW
_^[Y]
_^[YY]
=`xE
=`xE
=`xE
=LxE
QSVW
tMWj
ZYYd
_^[Y]
RFKu
Uh.=A
;5L(A
ZYYd
h5=A
ZYYd
ZYYd
;su
YZ^[
UhT?A
ZYYd
h[?A
^[Y]
;Cu
;Cu
;st
s^[
SVWU
;s~
]_^[
UhJBA
ZYYd
hQBA
ZYYd
UhCCA
ZYYd
hJCA
SVWUQ
Z]_^[
PRQB
SVWQ
@< u
Z_^[
ZYYd
SVW3
ZYYd
ZYYd
SVWU
]_^[
SVW3
Uh'IA
|-F3
W<CNu
ZYYd
ZYYd
h.IA
ZYYd
^[Y]
[YY]
Strings
SVW3
Uh5KA
|0F3
ZYYd
h<KA
YZ^[
ZYYd
_^[Y]
SVW3
ZYYd
ZYYd
ZYYd
SVW3
Uh/NA
ZYYd
h6NA
SVW3
ZYYd
ZYYd
SVWU
]_^[
QSVW
S$_^[Y]
UhXPA
ZYYd
h_PA
ZYYd
ZYYd
^[YY]
SVW3
ZYYd
ZYYd
_^[YY]
SVWUQ
SdZ]_^[
UhwRA
ZYYd
h~RA
ZYYd
ZYYd
UhMSA
ZYYd
hTSA
^[Y]
Q^[
ZYYd
^[Y]
Uh{TA
ZYYd
ZYYd
[YY]
SVW3
ZYYd
h%UA
SVWUQ
$Z]_^[
SVWU
D$;t$
;t$~
]_^[
$Z^[
Sd^[
_^[]
_^[]
T$j
t$3
^[YY]
Uh8_A
;Uu
ZYYd
h?_A
ZYYd
[YY]
SVW3
ZYYd
SVWU
~,;{
]_^[
_^[]
ZYYd
QSVW
_^[Y]
_^[]
TPropFixup
TPropIntfFixup
SVWU
]_^[
UhGhA
ZYYd
hNhA
^[Y]
SVW3
ZYYd
_^[YY]
Owner
Uh5kA
YF;w
ZYYd
|*C3
ZYYd
ZYYd
ZYYd
h<kA
=dxE
ZYYd
_^[YY]
QSVW
=dxE
UhglA
ZYYd
hnlA
_^[Y]
Uh1nA
ZYYd
h8nA
UhXoA
P;Wu
ZYYd
h_oA
_^[]
SVW3
UhspA
UhVpA
ZYYd
h]pA
ZYYd
hzpA
C0_^[
SVWU
]_^[
ZYYd
UhHsA
ZYYd
hOsA
^[Y]
Classes
|\F3
_^[]
QSVW
|AF3
_^[Y]
SVW3
ZYYd
ZYYd
_^[]
SVW3
ZYYd
_^[]
SVW3
Uh?wA
ZYYd
_^[]
SVW3
UhYyA
ZYYd
ZYYd
ZYYd
h`yA
ZYYd
ZYYd
ZYYd
False
True
Null
$YZ[
ZYYd
SVW3
ZYYd
ZYYd
ZYYd
_^[YY]
_^[]
QQQQ3
ZYYd
ZYYd
ZYYd
%s_%d
SVW3
ZYYd
ZYYd
ZYYd
ZYYd
ZYYd
ZYYd
ZYYd
SVW3
ZYYd
ZYYd
_^[YY]
ZYYd
^[YY]
ZYYd
ZYYd
ZYYd
ZYYd
ZYYd
SVW3
ZYYd
$Z^[
ZYYd
ZYYd
ZYYd
B^*L
QQQQQQQS
ZYYd
O+O
SVWQ
Z_^[
ZYYd
^[Y]
hhxE
=PxE
hhxE
hhxE
hhxE
ZYYd
ZYYd
hhxE
ZYYd
ZYYd
hhxE
SVWUQ
Z]_^[
QSVW
_^[Y]
Left
u6;_
S _^[
SVWUQ
|"C3
Z]_^[
YZ_^[
SVWUQ
Z]_^[
_^[]
;w0u
G0_^[
;C@u
E;CDt:
R0_^[]
SVWU
|&F3
]_^[
_^[]
ZYYd
ZYYd
_^[]
ZYYd
ZYYd
_^[]
ZYYd
ZYYd
_^[YY]
;Et
ZYYd
_^[]
ZYYd
ZYYd
ZYYd
ZYYd
ZYYd
ZYYd
_^[]
ZYYd
_^[]
ulj@h
_^[]
TPUtilWindow
ZYYd
-TxE
ZYYd
ZYYd
TColor
EInvalidGraphic
EInvalidGraphicOperation
TFontPitch
fpDefault
fpVariable
fpFixed
Graphics
TFontName
TFontCharset
TFontStyle
fsBold
fsItalic
fsUnderline
fsStrikeOut
Graphics
TFontStyles
TPenStyle
psSolid
psDash
psDot
psDashDotpsDashDotDot
psClear
psInsideFrame
Graphics
TPenMode
pmBlack
pmWhite
pmNop
pmNot
pmCopy
pmNotCopy
pmMergePenNotpmMaskPenNot
pmMergeNotPenpmMaskNotPen
pmMerge
pmNotMerge
pmMask
pmNotMask
pmXor
pmNotXor
Graphics
TBrushStyle
bsSolid
bsClearbsHorizontal
bsVertical
bsFDiagonal
bsBDiagonal
bsCross
bsDiagCross
Graphics
TGraphicsObject
TGraphicsObject
Graphics
IChangeNotifier
Graphics
TFont
TFont
Graphics
CharsetL
Color<
Heightl
Name(
Pitch<
Size
Style
TPen
TPen<
Graphics
Colorh
Mode
Style<
Width
TBrush
TBrush<
Graphics
Color$
Style
TCanvas$
TCanvas
Graphics
Brush<
CopyMode
FontP
TProgressStage
psStarting
psRunning
psEnding
Graphics
TProgressEvent
Sender
TObject
Stage
TProgressStage
PercentDone
Byte
RedrawNow
Boolean
TRect
String
TGraphic
TGraphic\
Graphics
TPicture
TPicture
Graphics
TSharedImage
TMetafileImage
TMetafile
TMetafile
Graphics
TBitmapImage
TBitmap
TBitmap\
Graphics
TIconImage
TIcon
TIcon
Graphics
TResourceManager
f;pu
ZYYd
^[YY]
ZYYd
ZYYd
_^[YY]
ZYYd
^[YY]
ZYYd
_^[YY]
ZYYd
^[YY]
clBlack
clMaroon
clGreen
clOlive
clNavy
clPurple
clTeal
clGray
clSilver
clRed
clLime
clYellow
clBlue
clFuchsia
clAqua
clWhite
clMoneyGreen
clSkyBlue
clCream
clMedGray
clActiveBorder
clActiveCaption
clAppWorkSpace
clBackground
clBtnFace
clBtnHighlight
clBtnShadow
clBtnText
clCaptionText
clDefault
clGradientActiveCaption
clGradientInactiveCaption
clGrayText
clHighlight
clHighlightText
clHotLight
clInactiveBorder
clInactiveCaption
clInactiveCaptionText
clInfoBk
clInfoText
clMenu
clMenuBar
clMenuHighlight
clMenuText
clNone
clScrollBar
cl3DDkShadow
cl3DLight
clWindow
clWindowFrame
clWindowText
ANSI_CHARSET
DEFAULT_CHARSET
SYMBOL_CHARSET
MAC_CHARSET
SHIFTJIS_CHARSET
HANGEUL_CHARSET
JOHAB_CHARSET
GB2312_CHARSET
CHINESEBIG5_CHARSET
GREEK_CHARSET
TURKISH_CHARSET
HEBREW_CHARSET
ARABIC_CHARSET
BALTIC_CHARSET
RUSSIAN_CHARSET
THAI_CHARSET
EASTEUROPE_CHARSET
OEM_CHARSET
Tj<V
`_^[
ZYYd
ZYYd
[YY]
ZYYd
ZYYd
ZYYd
Default
ZYYd
ZYYd
[YY]
ZYYd
ZYYd
ZYYd
ZYYd
[YY]
ZYYd
ZYYd
D$<
QSVW
W+W
V+V
R_^[Y]
R_^[
R^[
R_^[
EPWV
R_^[]
R_^[
$YZ^[
YZ^[
ZYYd
YZ_^
R_^[]
YZ^[
ZYYd
ZYYd
ZYYd
ZYYd
ZYYd
PVSj
E$PVSj
ZYYd
YZ_^[
ZYYd
ZYYd
[YY]
SVWQ
t6Tj
$Z_^[
ZYYd
ZYYd
ZYYd
_^[YY]
ZYYd
ZYYd
ZYYd
ZYYd
TjTP
C ;C$s
T_^[
ZYYd
ZYYd
ZYYd
@DPU
[YY]
Data
$ZXu
ZYYd
ZYYd
ZYYd
ZYYd
:P!t
TFileFormat
TFileFormatsList
QQQQSV
ZYYd
SVWU
]_^[
SVW3
ZYYd
SVW3
ZYYd
TClipboardFormats
ZYYd
_^[YY]
QSVW
ZYYd
_^[Y]
QT^[
QX_^
S []
SVW3
ZYYd
ZYYd
@;Ct$
[YY]
Data
SVWU
]_^[
3TjdP
kD$TdP
D$PP
3TjdP
kD$PdP
D$LP
SVWQ
Z_^[
 EMFt
ZYYd
ZYYd
ZYYd
ZYYd
.wmf
?TjdR
D$LPkD$XdPV
P ;p
;pt
?TjdR
D$HPkD$TdPV
|$( EMFt
d_^[
SVWQ
Z_^[
ZYYd
^[YY]
ZYYd
ZYYd
_^[]
TBitmapCanvas
TBitmapCanvas|
Graphics
UhjB
UhBB
ZYYd
hIB
ZYYd
hqB
ZYYd
^[Y]
ZYYd
ZYYd
^[Y]
ZYYd
u#j
@ ;E
ZYYd
ZYYd
ZYYd
ZYYd
ZYYd
ZYYd
EPjT
PjTS
ZYYd
ZYYd
=DTE
ZYYd
@pPj
ZYYd
@pPV3
T_^[
G+G
ZYYd
G+G
ZYYd
t%;C
C,^[
C,^[
R HP
ZYYd
SVWU
u'jV
]_^[
PjTS
ZYYd
Uhg$B
ZYYd
hn$B
_^[YY]
SVWQ
Z_^[
S+u
(u-f
=DTE
Uh{(B
UhO(B
ZYYd
hV(B
ZYYd
ZYYd
ZYYd
ZYYd
ZYYd
<$BMt
d_^[
s(;~
PjTW
ZYYd
SVWU
WpRj
WpRj
T]_^[
s(;~ t8
|$ T
T_^[
D$$f
D$&f
T_^[
C(;x
FpPj
ZYYd
s(;~
T_^[
SVWU
D$*Ph
D$P
T$"f
T$$f
]_^[
ZYYd
ZYYd
C_^[
UhZ5B
ZYYd
QSVW
ZYYd
C(_^[Y]
\$4Vj
SVWjH
TPatternManagerSV
;pu
ZYYd
_^[YY]
ZYYd
UhY:B
ZYYd
h`:B
ZYYd
ZYYd
TObjectList
TOrderedList
TStack
ZYYd
Uhu@B
ZYYd
h|@B
QSVW
UhGAB
=(yE
=(yE
ZYYd
hNAB
_^[Y]
GetMonitorInfoA
= yE
GetSystemMetrics
="yE
_^[]
MonitorFromRect
=!yE
MonitorFromWindow
=#yE
;E~
_^[]
MonitorFromPoint
=$yE
>(r[j
GetMonitorInfo
DISPLAY
=%yE
>(r[j
hXEB
GetMonitorInfoA
DISPLAY
=&yE
>(r[j
h,FB
GetMonitorInfoW
DISPLAY
='yE
PVhB
EnumDisplayMonitors
USER32.DLL
ZYYd
Uh5HB
ZYYd
h<HB
-,yE
IHelpSelector
HelpIntfs
IHelpSystem
HelpIntfs
ICustomHelpViewer
HelpIntfs
IExtendedHelpViewer
HelpIntfs
ISpecialWinHelpViewer
HelpIntfs
IHelpManager
HelpIntfs
EHelpSystemException
THelpViewerNode
THelpManager
=4yE
ZYYd
[YY]
=4yE
:SVW
ZYYd
:SVW
R(FKu
UhUPB
ZYYd
ZYYd
Hu?3
ZYYd
SVW3
|'C3
GFKu
|~C3
ZYYd
SVW3
ZYYd
|XC3
ZYYd
UhKVB
ZYYd
hRVB
QSVW
ZYYd
_^[Y]
Uh/XB
=4yE
ZYYd
h6XB
-0yE
UheXB
ZYYd
hlXB
-8yE
ZYYd
-<yE
=hyE
=lyE
SVh|ZB
5@yE
5DyE
5HyE
h,[B
5LyE
hD[B
5PyE
hX[B
5TyE
hl[B
5XyE
5\yE
comctl32.dll
InitializeFlatSB
UninitializeFlatSB
FlatSB_GetScrollProp
FlatSB_SetScrollProp
FlatSB_EnableScrollBar
FlatSB_ShowScrollBar
FlatSB_GetScrollRange
FlatSB_GetScrollInfo
FlatSB_GetScrollPos
FlatSB_SetScrollPos
FlatSB_SetScrollInfo
FlatSB_SetScrollRange
ZYYd
-`yE
TSynchroObject
TCriticalSection
Uhm]B
ZYYd
ht]B
-tyE
Uh7_B
=<zE
=8zE
=<zE
ZYYd
h>_B
h cB
h0cB
hDcB
hTcB
hTcB
htcB
h@dB
hPdB
h`dB
hpdB
heB
h0eB
hDeB
h\eB
hleB
h|eB
h,fB
hDfB
hXfB
hxfB
ZYYd
uxtheme.dll
OpenThemeData
CloseThemeData
DrawThemeBackground
DrawThemeText
GetThemeBackgroundContentRect
GetThemePartSize
GetThemeTextExtent
GetThemeTextMetrics
GetThemeBackgroundRegion
HitTestThemeBackground
DrawThemeEdge
DrawThemeIcon
IsThemePartDefined
IsThemeBackgroundPartiallyTransparent
GetThemeColor
GetThemeMetric
GetThemeString
GetThemeBool
GetThemeInt
GetThemeEnumValue
GetThemePosition
GetThemeFont
GetThemeRect
GetThemeMargins
GetThemeIntList
GetThemePropertyOrigin
SetWindowTheme
GetThemeFilename
GetThemeSysColor
GetThemeSysColorBrush
GetThemeSysBool
GetThemeSysSize
GetThemeSysFont
GetThemeSysString
GetThemeSysInt
IsThemeActive
IsAppThemed
GetWindowTheme
EnableThemeDialogTexture
IsThemeDialogTextureEnabled
GetThemeAppProperties
SetThemeAppProperties
GetCurrentThemeName
GetThemeDocumentationProperty
DrawThemeParentBackground
EnableTheming
=8zE
=<zE
=<zE
ZYYd
-4zE
UhagB
ZYYd
hhgB
-DzE
ZYYd
-HzE
ZYYd
-LzE
ZYYd
-PzE
UhAhB
ZYYd
hHhB
-TzE
UhyhB
ZYYd
-XzE
ZYYd
-\zE
ZYYd
-`zE
Uh!iB
ZYYd
h(iB
-dzE
TCommonDialog
TCommonDialog
Dialogs
Ctl3D(
HelpContext
OnClose
OnShowSV
Vh|kB
QSVW
ZYYd
_^[Y]
C^[
ZYYd
ZYYd
TMessageForm
TMessageForm
Dialogs
ZYYd
^[Y]
ZYYd
ZYYd
ZYYd
ZYYd
_^[YY]
SVW3
|UG3
ZYYd
%s%s%s%s%s%s%s%s%s%s
Cancel
Abort
Retry
Ignore
NoToAll
YesToAll
Help
SVW3
Uh$yB
QhWj
j j 
Qp+u
ZYYd
h+yB
Image
Message
ZYYd
h"zB
commdlg_help
commdlg_FindReplace
WndProcPtr%.8X%.8X
=$WE
ZYYd
-hzE
TImage
TImage
ExtCtrls
AlignH
Anchors
AutoSize
Center
Constraints
DragCursor
DragKind
DragMode
Enabled
IncrementalDisplay
ParentShowHint
Picture
PopupMenu
Proportional
ShowHint
Stretch
Transparent
Visible
OnClick
OnContextPopup
OnDblClick
OnDragDrop
OnDragOver@
OnEndDock@
OnEndDrag
OnMouseDown$
OnMouseMove
OnMouseUp
OnProgress
OnStartDock
OnStartDrag
TTimer
TTimer
ExtCtrls
Enabled|
Interval
OnTimerU
^[Y]
SVWU
;4$~
]_^[
@LP3
ZYYd
SVWU
]_^[
QSVW
_^[Y]
;CH|
D$;CL|
SVWU
]_^[
QSVW
ZYYd
C_^[Y]
ZYYd
^[Y]
:P@t
;P0t
ZYYd
ZYYd
ZYYd
Delphi Picture
Delphi Component
ZYYd
ZYYd
ZYYd
ZYYd
ZYYd
MAPI32.DLL
ZYYd
ZYYd
ZYYd
TConversionT
TConversionFormat
comctl32.dll
S[]
={E
ZYYd
TThemeServices
Theme manager 
 2001, 2002 Mike Lischke
^[YY]
 !"#$%
ZYYd
ZYYd
TTextLayout
tlTop
tlCenter
tlBottom
StdCtrls
TCustomLabel
TCustomLabel
StdCtrls
TLabel
TLabelL
StdCtrls'
Align
AlignmentH
Anchors
AutoSizeL
BiDiMode
CaptionL
Color
Constraints
DragCursor
DragKind
DragMode
Enabled
FocusControl
Font
ParentBiDiMode
ParentColor
ParentFont
ParentShowHint
PopupMenu
ShowAccelChar
ShowHint
Transparent|
Layout
Visible
WordWrap
OnClick
OnContextPopup
OnDblClick
OnDragDrop
OnDragOver@
OnEndDock@
OnEndDrag
OnMouseDown$
OnMouseMove
OnMouseUp
OnMouseEnter
OnMouseLeave
OnStartDock
OnStartDrag
TEditCharCase
ecNormal
ecUpperCase
ecLowerCase
StdCtrls
TCustomEdit
TCustomEdit,
StdCtrls
TabStop
TEdit
TEdit
StdCtrls6
Anchors
AutoSelect
AutoSizeh
BevelEdges
BevelInner
BevelKind
BevelOuterL
BiDiMode
BorderStyle
CharCaseL
Color
Constraints
Ctl3D
DragCursor
DragKind
DragMode
Enabled
Font
HideSelection 
ImeMode
ImeName<
MaxLength
OEMConvert
ParentBiDiMode
ParentColor
ParentCtl3D
ParentFont
ParentShowHint(
PasswordChar
PopupMenu
ReadOnly
ShowHint
TabOrder
TabStop
Text
Visible
OnChange
OnClick
OnContextPopup
OnDblClick
OnDragDrop
OnDragOver@
OnEndDock@
OnEndDrag
OnEnter
OnExit
OnKeyDown
OnKeyPress
OnKeyUp
OnMouseDown$
OnMouseMove
OnMouseUp
OnStartDock
OnStartDrag
TButtonActionLink
TButtonControl
TButtonControl
StdCtrls
TButton
TButton0
StdCtrls&
ActionH
AnchorsL
BiDiMode
Cancel
Caption
Constraints
Default
DragCursor
DragKind
DragMode
Enabled
Font
ModalResult
ParentBiDiMode
ParentFont
ParentShowHint
PopupMenu
ShowHint
TabOrder
TabStop
Visible
WordWrap
OnClick
OnContextPopup
OnDragDrop
OnDragOver@
OnEndDock@
OnEndDrag
OnEnter
OnExit
OnKeyDown
OnKeyPress
OnKeyUp
OnMouseDown$
OnMouseMove
OnMouseUp
OnStartDock
OnStartDragSV
ZYYd
_^[Y]
<E ZE
CL+D$
CL+D$
0_^[
E$ZE
GH+D$
R|_^
ZYYd
_^[Y]
ZYYd
$YZ[
YZ^[
ZYYd
ZYYd
_^[YY]
EDIT
ZYYd
D$8PS
D$8;
p_^[
C(^[
Z:Pit
ZYYd
SVWU
]_^[
BUTTON
ZYYd
_^[Y]
ZYYd
- {E
THintAction
THintAction
StdActns
Hint
ZYYd
-${E
TWinHelpViewer
=({E
=({E
ZYYd
_^[YY]
=({E
ZYYd
^[Y]
=({E
ZYYd
_^[YY]
ZYYd
[YY]
ZYYd
IE(AL("%s",4),"AL(\"%0:s\",3)","JK(\"%1:s\",\"%0:s\")")
=({E
=({E
ZYYd
_^[Y]
ZYYd
JumpID("","%s")
SVW3
=({E
ZYYd
_^[YY]
t7V3
ZYYd
_^[Y]
ZYYd
MS_WINHELP
#32770
t):^
ZYYd
ZYYd
^[Y]
ZYYd
-0{E
ZYYd
TModalResult
TCursor
TAlign
alNone
alTop
alBottom
alLeft
alRight
alClient
alCustom
Controls
TDragObject
TDragObject
Controls
TBaseDragControlObject
TBaseDragControlObjectl
Controls
TDragControlObject
TDragControlObjectEx
TDragDockObject
TDragDockObjectL
Controls
TDragDockObjectEx
TControlCanvas
TControlCanvas
Controls
TControlActionLink
TMouseButton
mbLeft
mbRight
mbMiddle
Controls 
TDragMode
dmManual
dmAutomatic
Controls
TDragState
dsDragEnter
dsDragLeave
dsDragMove
Controls
TDragKind
dkDrag
dkDock
Controls
TTabOrder
TCaption
TAnchorKind
akLeft
akTop
akRight
akBottom
Controls
TAnchors
TConstraintSize
TSizeConstraints
TSizeConstraints
Controls
MaxHeight\
MaxWidth\
MinHeight\
MinWidth
TMouseEvent
Sender
TObject
ButtonTMouseButton
Shift
TShiftState
Integer
Integer
TMouseMoveEvent
Sender
TObject
Shift
TShiftState
Integer
Integer
TKeyEvent
Sender
TObject
Word
Shift
TShiftState
TKeyPressEvent
Sender
TObject
Char
TDragOverEvent
Sender
TObject
Source
TObject
Integer
Integer
State
TDragState
Accept
Boolean
TDragDropEvent
Sender
TObject
Source
TObject
Integer
Integer
TStartDragEvent
Sender
TObject
DragObject
TDragObject
TEndDragEvent
Sender
TObject
Target
TObject
Integer
Integer
TDockDropEvent
Sender
TObject
Source
TDragDockObject
Integer
Integer
TDockOverEvent
Sender
TObject
Source
TDragDockObject
Integer
Integer
State
TDragState
Accept
Boolean
TUnDockEvent
Sender
TObject
Client
TControl
NewTarget
TWinControl
Allow
Boolean
TStartDockEvent
Sender
TObject
DragObject
TDragDockObject
TGetSiteInfoEvent
Sender
TObject
DockClient
TControl
InfluenceRect
TRect
MousePos
TPoint
CanDock
Boolean
TCanResizeEvent
Sender
TObject
NewWidth
Integer
NewHeight
Integer
Resize
Boolean
TConstrainedResizeEvent
Sender
TObject
MinWidth
Integer
MinHeight
Integer
MaxWidth
Integer
MaxHeight
Integer
TMouseWheelEvent
Sender
TObject
Shift
TShiftState
WheelDelta
Integer
MousePos
TPoint
Handled
Boolean
TMouseWheelUpDownEvent
Sender
TObject
Shift
TShiftState
MousePos
TPoint
Handled
Boolean
TContextPopupEvent
Sender
TObject
MousePos
TPoint
Handled
Boolean
TControl
TControl|
Controls
Left<
Top<
Width<
Height
Cursor
HintD
HelpType
HelpKeyword(
HelpContext
TWinControlActionLink
TImeMode
imDisable
imClose
imOpen
imDontCare
imSAlpha
imAlpha
imHira
imSKata
imKata
imChinese
imSHanguel
imHanguel
Controls
TImeName
TBorderWidth
TBevelCut
bvNone
bvLowered
bvRaised
bvSpace
Controls
TBevelEdge
beLeft
beTop
beRight
beBottom
Controlsl
TBevelEdges
TBevelKind
bkNone
bkTile
bkSoft
bkFlat
Controls
IDockManager
Controls
TWinControl
TWinControlD
Controls
TGraphicControl
TGraphicControl 
Controls
TCustomControl
TCustomControl@
Controls
THintWindow
THintWindow
Controls
TDockZone
TDockTree
TMouse
tITS
crDefault
crArrow
crCross
crIBeam
crSizeNESW
crSizeNS
crSizeNWSE
crSizeWE
crUpArrow
crHourGlass
crDrag
crNoDrop
crHSplit
crVSplit
crMultiDrag
crSQLWait
crNo
crAppStart
crHelp
crHandPoint
crSizeAll
crSize
= [E
;B0u
TSiteList
_^[YY]
SVWQ
tMHu
Z_^[
tPHt8
ZYYd
=X{E
QSVW
ZYYd
_^[Y]
C8^[
_^Y]
S$_^[]
^[Y]
;D$~
L$+
;B0t'
=x{E
tOTV
SVW3
;B8t=
=x{E
=x{E
=|{E
=x{E
=\{E
=\{E
=|{E
CQ tA
=x{E
=\{E
5\{E
hh{E
=t{E
P+P
=|{E
=x{E
YZ_^[
=X{E
=X{E
ZYYd
=X{E
ZYYd
ZYYd
=x{E
=\{E
=x{E
=x{E
=x{E
=x{E
;S8u
=|{E
ZYYd
ZYYd
=\{E
SVWU
YZ]_^[
YZ_^[
ZYYd
ZYYd
ZYYd
ZYYd
ZYYd
;sXt
sX^[
R^[
t%Jt?Jt[
;NtT
SVW3
ZYYd
%s (%s)
ZYYd
Z:Pjt
:BWt
;B@t
Qd^[
^[Y]
u9W3
;s0t
Qh^[
SVWU
YZ]_^[
$:Cat
u$;~|u
SVWQ
Z_^[
tr;s@u
;{Du
E;CHu
;CLtX3
_^[]
FHPR
ZYYd
;s0t
Qh_^[
SVWU
]_^[
YZ^[
YZ^[
ZYYd
h ,C
YZ_^[
YZ_^[
=\{E
SVWU
]_^[
V:P\t
SVW3
GP t;
ZYYd
_^[YY]
CH+D$
CL+D$
;s0t=;
:_Wt+
:PXt
ZYYd
^[Y]
:P_t
:PYt
;Ppt
:PZt
:P`t
f;Pxt
C@PV
CHPj
ZYYd
CP@t2
@P@u
G_^[
Uh%7C
KHQRP
ZYYd
h?7C
[YY]
@_H,
=X{E
=X{E
=X{E
MQV
SVWU
]_^[
_^[
_^[
PSWV
ZYYd
SVWU
=`{E
D$P
D$P
D$f
]_^[
ZYYd
 _^[
SVWQ
Z_^[
YZ^[
;D$~
@[H,
J+J
Ht7Ht
tJHt
C^^[
[YY]
IsControl
_^[YY]
SVWU
D$;D$
]_^[
YZ^[
;SH}
;SH~
;SL}
;SL~
@P@u
CYZ_^[
T$+T$
C+C
+BLP
[YY]
ZYYd
_^[YY]
ZYYd
_^[Y]
^[Y]
SVWU
tHt
8]_^[
SVWU
L$$3
,]_^[
YZ_^[
C ^[
ZYYd
^[YY]
|0C3
ZYYd
Uh YC
ZYYd
h'YC
RD;PD
R@;P@
ZYYd
Uhi]C
ZYYd
hp]C
@H;E
RL;U
P_^[
:X[u
:_[up
:Pau
_^[]
ZYYd
UhwaC
ZYYd
h~aC
UhybC
|BC3
+WH+W@
ZYYd
UhocC
|.G3
ZYYd
hvcC
|5G3
s0^[
C0^[
SVWU
]_^[
SVWU
]_^[
SVWUQ
|!C3
Z]_^[
C$PV
C$PVj
C$PV
C$PV
C$_^[
SVW3
ZYYd
UhejC
5`ZE
@t!j
ZYYd
hljC
QSVW
|,C3
:GauOFKu
|,C3
:Gau
_^[Y]
[YY]
DesignSize
Uh-mC
ZYYd
h4mC
ZYYd
_^[YY]
QSVW
ZYYd
ZYYd
_^[Y]
= [E
;X0u
T$3
t2HtY
= [E
;X0u
SVWU
,;=T{E
]_^[
|TG3
@P@t%
@@PS
ZYYd
SVWU
$;<$
CHPj
G;<$
D$3
CL@P
 ]_^[
CHPj
CHPj
ZYYd
SVWQ
Z_^[
T$3
ZYYd
_^[Y]
ZYYd
_^[]
QSVW
_^[Y]
SVWQ
$Z_^[
_^[YY]
ZYYd
_^[Y]
ZYYd
ZYYd
^[YY]
SVWUQ
Z]_^[
SVWUQ
Z]_^[
SVWUQ
Z]_^[
|tF3
_^[YY]
;XDt#
^[Y]
SVWUQ
Z]_^[
G_^[
G_^[
U$[E
t&j7j
SVWU
sYZ]_^[
SVWU
YZ]_^[
F_^[
F_^[
F^[
F^[
F^[
;s@u
;{Du
E;CHu
EPWVj
SVWU
| C3
YZ]_^[
 t4VS
ZYYd
^[Y]
SVWU
D$P
D$P
|lF3
]_^[
SVWU
]_^[
U([E
|$G3
R|FOu
$Z^[
SVWU
|dF3
;P@~
;PD~
PH;S
PL;S~
SENu
]_^[
CHPj
SVWU
]_^[
ZYYd
^[Y]
@t&j
D$+D$
<_^[
SVWU
YZ]_^[
G0;E
ZYYd
|!C3
^[YY]
S8_^[]
+CH+E
+SL+U
ZYYd
_^[]
QH^[
HD+M
ZYYd
)F_^[
ZYYd
R|^[
^[Y]
;5 [E
ZYYd
ZYYd
=@{E
=@{E
ZYYd
ZYYd
ZYYd
^YY]
=\ZE
ZYYd
QSVW
_^[Y]
ZYYd
_^[]
f;Pht
QSVW
_^[Y]
t9;wlt4
YZ_^[
^[Y]
ZYYd
ZYYd
;Bdu
;Bdu
;Bdu
;Bdu
;Xdt
pd;s
D$+D$
;pdu
Pd:J
ZYYd
;Bdt*
Rd:B
;Bh|3
Rd:B
+XV
ZYYd
@[H,
Y^[]
R|_^[
QSVW
^dVh
^dVh
FLVhH
_^[Y]
Y_^[]
S^[Y]
SVW3
ZYYd
ZYYd
_^[]
@[H,
Y[YY]
ZYYd
ZYYd
ZYYd
EH,
;^du
t$;C8u
R|^[
QQQQSVW
;Fdu;
ZYYd
D$+D$
T$+T$
:FHu
ZYYd
[YY]
ZYYd
^[YY]
SVW3
|-C3
Q8FKu
YFKu
ZYYd
ZYYd
;Xdt>
Y^[]
R|Y]
C8^[
t#;^dt
:FHu
YZ_^[
Y_^[]
^[YY]
QSVW
;pdt
+W$;U
+G$;E
_^[Y]
;BT|
;BP|
BP_^[]
SVW3
ty--
ZYYd
C Z[
ZYYd
USER32
WINNLSEnableIME
imm32.dll
ImmGetContext
ImmReleaseContext
ImmGetConversionStatus
ImmSetConversionStatus
ImmSetOpenStatus
ImmSetCompositionWindow
ImmSetCompositionFontA
ImmGetCompositionStringA
ImmIsIME
ImmNotifyIME
YZ_^[
ZYYd
Delphi%.8X
ControlOfs%.8X%.8X
USER32
AnimateWindow
ZYYd
-D{E
ZYYd
TContainedAction
TContainedActionp
ActnList
Category
TCustomActionList
TCustomActionList
ActnList
TShortCutList
TShortCutListp
ActnList
TCustomAction
TCustomAction
ActnList
TActionLinkSV
R0^[
^[Y]
|#C3
^[YY]
;P8u
u*;~8u
F\^[
R0GNu
R_^[
SVWUQ
|PF3
t,f;
Z]_^[
SVWQ
|'F3
QLGNu
R0Z_^[
QSVW
|)G3
QPFOu
|@G3
;Blu
ZYYd
_^[Y]
SVWQ
$:Cjt_
|'F3
QTGNu
R0Z_^[
SVWU
|1G3
Q`FOu
R0]_^[
SVWQ
$;Ctt?
|'F3
Q\GNu
R0Z_^[
SVWQ
|'F3
QhGNu
R0Z_^[
SVWQ
|'F3
QlGNu
R0Z_^[
SVWQf
|(F3
QpGNu
R0Z_^[
SVWU
|0G3
QtFOu
R0]_^[
SVWUQ
$Z]_^[
ZYYd
TChangeLink
TImageIndex
TCustomImageList
TCustomImageList
ImgList
ZYYd
ZYYd
Rd_^[
s8VV3
ZYYd
^[Y]
ZYYd
ZYYd
ZYYd
^[Y]
S0_^[]
||F3
ZYYd
ZYYd
ZYYd
R ;C0|
R,;C4}!
ZYYd
^[Y]
:V@t
SVWU
S`]_^[
SVWU
|&G3
]_^[
$ZXu
ZYYd
ZYYd
@<PU
[YY]
Bitmap
ZYYd
ZYYd
ZYYd
ZYYd
VHuK
VHu&
ZYYd
ZYYd
$;D$
QSVW
ZYYd
_^[Y]
comctl32.dll
comctl32.dll
ImageList_WriteEx
ZYYd
EMenuError
TMenuBreak
mbNone
mbBreak
mbBarBreak
Menus
TMenuChangeEvent
Sender
TObject
Source
TMenuItem
Rebuild
Boolean
TMenuDrawItemEvent
Sender
TObject
ACanvas
TCanvas
ARect
TRect
Selected
Boolean
TAdvancedMenuDrawItemEvent
Sender
TObject
ACanvas
TCanvas
ARect
TRect
State
TOwnerDrawState
TMenuMeasureItemEvent
Sender
TObject
ACanvas
TCanvas
Width
Integer
Height
Integer
TMenuItemAutoFlag
maAutomatic
maManual
maParent
Menus,
TMenuAutoFlag
Menus
TMenuActionLinkt
TMenuItem
TMenuItemt
Menus
Action
AutoCheck
AutoHotkeys
AutoLineReduction
Bitmap
Break
Caption
Checked
SubMenuImages
Default
EnabledT
GroupIndex(
HelpContext
Hint
ImageIndex
RadioItem|
ShortCut
Visible
OnClick
OnDrawItem
OnAdvancedDrawItemp
OnMeasureItem
TMenu
TMenu
Menus
Items
TMainMenu
TMainMenu
Menus
AutoHotkeys(
AutoLineReduction
AutoMergeL
BiDiMode
Images
OwnerDraw
ParentBiDiMode4
OnChange
TPopupAlignment
paLeft
paRight
paCenter
Menusd
TTrackButton
tbRightButtontbLeftButton
Menus
TMenuAnimations
maLeftToRight
maRightToLeft
maTopToBottom
maBottomToTop
maNone
Menus
TMenuAnimation
TPopupMenu
TPopupMenup
Menus
Alignment(
AutoHotkeys(
AutoLineReduction
AutoPopupL
BiDiMode(
HelpContext
Images
MenuAnimation
OwnerDraw
ParentBiDiMode`
TrackButton4
OnChange
OnPopup
TPopupList
TMenuItemStack
1234567890ABCDEFGHIJKLMNOPQRSTUVWXYZ
ZYYd
SVW3
ZYYd
_^[YY]
@?:E
@?:E
:B8t
:B9t
;BTt
;B@t
f;B`t
:B>t
;B@t
pT^[
^[Y]
SVW3
CPPVj
ZYYd
[YY]
ZYYd
^[Y]
SVWU
Q<]_^[
SVWUQ
|@F3
;,$}
:X?s&
:X?v
X?ENu
Z]_^[
Sh\/D
ShortCutText
SVW3
ZYYd
SVW3
UhG=D
@@tK
ZYYd
@@t
E|\E
@ t
ZYYd
hN=D
_^[Y]
SVW3
@@tK
ZYYd
@@t
E|\E
@ t
ZYYd
_^[Y]
Y_^[
SVW3
Uh>JD
ZYYd
hEJD
:PHt
Q<^[
P?:S?u
:^8tB
:^9tg
Q<_^[
:^?t1
f;P`t
:P>t
;P@t
^[Y]
SVWU
:]:tJ
|%G3
Q<]_^[
SVWU
C\;h
@?:F?v
Q<]_^[
Q<_^[
Q<^[
R@FKu
:S=t
;~|u
;~hu
;P|u
|1F3
W<CNu
_^[]
SVW3
ZYYd
SVW3
Uhg\D
Uh(\D
|4G3
SpFOu
ZYYd
h/\D
ZYYd
hn\D
:P;t
SVWU
$YZ]_^[
:P<t
QSVW
_^[Y]
QSVW
;C4t
|$F3
_^[Y]
SVWUQ
Z]_^[
@d;E
Uh)cD
ZYYd
_^[YY]
UhVdD
Uh+dD
ZYYd
h2dD
ZYYd
h]dD
D$(P
:P@t
UhgD
ZYYd
S0^[]
;PHu
;wHu
UhyiD
ZYYd
C_^[
QSVW
_^[Y]
:P0t
:PAt
:P\t
QSVW
_^[Y]
Ih;J4u
QSVW
UhzmD
ZYYd
_^[Y]
SVW3
|tC3
;Bu
ZYYd
ZYYd
UhErD
Uh rD
ZYYd
ZYYd
h'rD
ZYYd
|>C3
R4;F
ZYYd
ShPmD
SVWU
YZ]_^[
SVWU
|#F3
]_^[
S0_^[
SVWU
]_^[
ZYYd
^[YY]
ZYYd
TScrollBarInc
TScrollBarStyle
ssRegular
ssFlat
ssHotTrack
Forms
TControlScrollBar
TControlScrollBar
Forms
ButtonSizeL
ColorLyD
Incrementh
Margin
ParentColor<
Position<
Range
Smooth<
SizehyD
Style<
ThumbSize
Tracking
Visible
TWindowState
wsNormal
wsMinimized
wsMaximized
Forms
TScrollingWinControl
TScrollingWinControl
Forms
HorzScrollBar
VertScrollBar$~D
TFormBorderStyle
bsNone
bsSingle
bsSizeable
bsDialogbsToolWindow
bsSizeToolWin
Forms
TBorderStyle
Forms
IDesignerHookl'A
Forms
IOleForm
Forms
TFormStyle
fsNormal
fsMDIChild
fsMDIForm
fsStayOnTop
Forms
TBorderIcon
biSystemMenu
biMinimize
biMaximize
biHelp
Forms
TBorderIcons
TPosition
poDesigned
poDefault
poDefaultPosOnly
poDefaultSizeOnly
poScreenCenter
poDesktopCenter
poMainFormCenter
poOwnerFormCenter
Formsl
TDefaultMonitor
dmDesktop
dmPrimary
dmMainFormdmActiveForm
Forms
TPrintScale
poNone
poProportionalpoPrintToFit
Forms
TCloseAction
caNone
caHide
caFree
caMinimize
Forms
TCloseEvent
Sender
TObject
ActionTCloseAction
TCloseQueryEvent
Sender
TObject
CanClose
Boolean
TShortCutEvent
TWMKey
Handled
Boolean
THelpEvent
Command
Word
Data
Integer
CallHelp
Boolean
Boolean
TCustomForm
TCustomForm
Forms
TForm
TForm
FormsU
Action
ActiveControl 
Align
AlphaBlendT
AlphaBlendValueH
Anchors
AutoScroll
AutoSizeL
BiDiMode
BorderIcons ~D
BorderStyle
BorderWidth
Caption<
ClientHeight<
ClientWidthL
Color
TransparentColorL
TransparentColorValue
Constraints
Ctl3D
UseDockManagerh
DefaultMonitor
DockSite
DragKind
DragMode
Enabled
ParentFont
Font
FormStyle<
Height
HelpFile
HorzScrollBar
Icon
KeyPreview
Menu
OldCreateOrder
ObjectMenuItem
ParentBiDiMode<
PixelsPerInch
PopupMenu
Position
PrintScale
Scaled
ScreenSnap
ShowHint<
SnapBuffer
VertScrollBar
Visible<
Width
WindowState
WindowMenu
OnActivate
OnCanResize
OnClickL
OnClose
OnCloseQueryH
OnConstrainedResize
OnContextPopup
OnCreate
OnDblClick
OnDestroy
OnDeactivate
OnDockDrop
OnDockOver
OnDragDrop
OnDragOver@
OnEndDockL
OnGetSiteInfo
OnHide
OnHelp
OnKeyDown
OnKeyPress
OnKeyUp
OnMouseDown$
OnMouseMove
OnMouseUp
OnMouseWheel`
OnMouseWheelDown`
OnMouseWheelUp
OnPaint
OnResize
OnShortCut
OnShow
OnStartDock
OnUnDock
TCustomDockForm
TCustomDockForm\
Forms
PixelsPerInch
TMonitor
TScreen
TScreen
Forms
THintInfo@
TApplication
TApplicationd
Forms
SVW3
ZYYd
ZYYd
YZ^[
;X0t@S
SVWU
|)F3
t:GNu
|#F3
]_^[
ZYYd
^[YY]
ZYYd
_^[]
|:C3
YFKu
_^[]
u Uf
;p }
P+U
P+U
P+U
P+U
;S$t6
C$^[
;P(t
:P,t
;Ct
CPW
;S0t6
C0^[
:P4t
;P8t
|7F3
+WH+W@
ZYYd
ZYYd
SVWU
 ]_^[
SVWU
]_^[
ZYYd
ZYYd
ZYYd
ZYYd
ZYYd
ZYYd
Q@j2
^[Y]
ZYYd
QSVW
ZYYd
_^[Y]
QSVW
ZYYd
_^[Y]
SVWU
uz;~
]_^[
;B@t/
ZYYd
^[Y]
PixelsPerInch
TextHeight
IgnoreFontProperty
SVWU
]_^[
CL+F
CH+F
_^[YY]
SVWU
|7C3
]_^[
:S`t
t:^Wt
ZYYd
S,_^[]
t;E
ZYYd
ZYYd
ZYYd
ZYYd
ZYYd
|!C3
ZYYd
QWRj
SVWQ
|-G3
Z_^[
ZYYd
SVW3
GFKu
|!C3
SVWUQ
|(C3
|%C3
$Z]_^[
SVWU
WVh0
]_^[
SVW3
ZYYd
;Cpu'
SVWU
$;D$
]_^[
SVWQ
F(Z_^[
D$ P
YZ^[
MDICLIENT
SVW3
ZYYd
F^[
ZYYd
_^[Y]
ZYYd
f#PT
_^[YY]
;ADti
SVWU
]_^[
ZYYd
ZYYd
^[Y]
SVWU
D$f
;|$t
]_^[
f#CTf
F^[
ZYYd
_^[Y]
F^[
;XDu
ZYYd
3^[]
SVW3
ZYYd
Phlg@
ZYYd
@l;E
ZYYd
ZYYd
_^[YY]
ZYYd
C_^[
;XDu
SVWQ
t"GNu
$Z_^[
ZYYd
_^[YY]
ZYYd
ZYYd
ZYYd
@H;E
ZYYd
ZYYd
QSVW
|CF3
YGNu
_^[Y]
R@GNu
Y_^[]
QSVW
|NF3
_^[Y]
QSVW
|NF3
_^[Y]
|-C3
_^[]
ZYYd
SVWU
|&G3
]_^[
_^[YY]
ZYYd
^[Y]
D$+D$
(_^[
(_^[
C@Vj
^[Y]
SVWU
]_^[
ujP
Ch;Ctt
Cd;Cpt
SVWU
=dvE
]_^[
YZ_^[
C\_^[
;B<u
ZYYd
ZYYd
System\CurrentControlSet\Control\Keyboard Layouts\%.8x
layout text
$;Q
SVWU
f;sDtsf
PWj W
CHYZ]_^[
Pj<j
ZYYd
RD;PD
R@;P@
SL;U
B_^[
@[:E
C[:E
_^[YY]
ZYYd
ZYYd
ZYYd
_^[]
[YY]
EPS
_^[]
TApplication
MAINICON
C@Pj
ZYYd
;PDu
XD;PHu
;Sdu
;Shu
;Sxu
sx;P`u
;B0uGj
_^[]
YZ^[
ZYYd
^[Y]
Uh3"E
|2C3
ZYYd
8TDS
Phh"E
ZYYd
vcltest3.dll
RegisterAutomation
t<j@j
;s0t
@_^[
@_^[
SVWU
]_^[
SVWU
]_^[
SVWUQ
$Z]_^[
SVWQ
Z_^[
QSVW
|HG3
;Eu
_^[Y]
QSVW
ZYYd
~D_^[Y]
QSVW
Uh})E
ZYYd
ZYYd
_^[Y]
!SWV
ZYYd
ZYYd
SVWU
]_^[
SVW3
ZYYd
_^[YY]
SVW3
Uh~/E
ZYYd
_^[YY]
|LF3
;{HtK
;sHu
;sHu
YZ_^[
SVW3
Uh{1E
ZYYd
ZYYd
ZYYd
^[Y]
QSVW
|RF3
Y_^[Y]
SVWU
;^`u0
 ]_^[
SVWj
Uhq7E
ZYYd
hx7E
ZYYd
SVW3
ZYYd
SVW3
Uh^<E
ZYYd
he<E
SVWU
YZ]_^[
User32.dll
SetLayeredWindowAttributes
Uhg>E
ZYYd
hn>E
TaskbarCreated
Edit1
Button1
Label1
Button1Click
TForm1
TForm1
ch002Unit
UhqAE
ZYYd
hxAE
Good Job. Congratulations
Wrong Password!
Uh5BE
ZYYd
h<BE
UhgBE
ZYYd
hnBE
Error
Runtime error     at 00000000
0123456789ABCDEF
@v:k
%.*ddp@
TPF0
MS Sans Serif
kernel32.dll
DeleteCriticalSection
LeaveCriticalSection
EnterCriticalSection
InitializeCriticalSection
VirtualFree
VirtualAlloc
LocalFree
LocalAlloc
GetVersion
GetCurrentThreadId
InterlockedDecrement
InterlockedIncrement
VirtualQuery
WideCharToMultiByte
MultiByteToWideChar
lstrlenA
lstrcpynA
LoadLibraryExA
GetThreadLocale
GetStartupInfoA
GetProcAddress
GetModuleHandleA
GetModuleFileNameA
GetLocaleInfoA
GetCommandLineA
FreeLibrary
FindFirstFileA
FindClose
ExitProcess
WriteFile
UnhandledExceptionFilter
RtlUnwind
RaiseException
GetStdHandle
user32.dll
GetKeyboardType
LoadStringA
MessageBoxA
CharNextA
advapi32.dll
RegQueryValueExA
RegOpenKeyExA
RegCloseKey
oleaut32.dll
SysFreeString
SysReAllocStringLen
SysAllocStringLen
kernel32.dll
TlsSetValue
TlsGetValue
LocalAlloc
GetModuleHandleA
advapi32.dll
RegQueryValueExA
RegOpenKeyExA
RegCloseKey
kernel32.dll
lstrcpyA
WriteFile
WaitForSingleObject
VirtualQuery
VirtualAlloc
Sleep
SizeofResource
SetThreadLocale
SetFilePointer
SetEvent
SetErrorMode
SetEndOfFile
ResetEvent
ReadFile
MulDiv
LockResource
LoadResource
LoadLibraryA
LeaveCriticalSection
InitializeCriticalSection
GlobalUnlock
GlobalReAlloc
GlobalHandle
GlobalLock
GlobalFree
GlobalFindAtomA
GlobalDeleteAtom
GlobalAlloc
GlobalAddAtomA
GetVersionExA
GetVersion
GetTickCount
GetThreadLocale
GetSystemInfo
GetStringTypeExA
GetStdHandle
GetProcAddress
GetModuleHandleA
GetModuleFileNameA
GetLocaleInfoA
GetLocalTime
GetLastError
GetFullPathNameA
GetDiskFreeSpaceA
GetDateFormatA
GetCurrentThreadId
GetCurrentProcessId
GetCPInfo
GetACP
FreeResource
InterlockedExchange
FreeLibrary
FormatMessageA
FindResourceA
EnumCalendarInfoA
EnterCriticalSection
DeleteCriticalSection
CreateThread
CreateFileA
CreateEventA
CompareStringA
CloseHandle
version.dll
VerQueryValueA
GetFileVersionInfoSizeA
GetFileVersionInfoA
gdi32.dll
UnrealizeObject
StretchBlt
SetWindowOrgEx
SetWinMetaFileBits
SetViewportOrgEx
SetTextColor
SetStretchBltMode
SetROP2
SetPixel
SetEnhMetaFileBits
SetDIBColorTable
SetBrushOrgEx
SetBkMode
SetBkColor
SelectPalette
SelectObject
SaveDC
RestoreDC
Rectangle
RectVisible
RealizePalette
PlayEnhMetaFile
PatBlt
MoveToEx
MaskBlt
LineTo
IntersectClipRect
GetWindowOrgEx
GetWinMetaFileBits
GetTextMetricsA
GetTextExtentPointA
GetTextExtentPoint32A
GetSystemPaletteEntries
GetStockObject
GetPixel
GetPaletteEntries
GetObjectA
GetEnhMetaFilePaletteEntries
GetEnhMetaFileHeader
GetEnhMetaFileBits
GetDeviceCaps
GetDIBits
GetDIBColorTable
GetDCOrgEx
GetCurrentPositionEx
GetClipBox
GetBrushOrgEx
GetBitmapBits
ExcludeClipRect
DeleteObject
DeleteEnhMetaFile
DeleteDC
CreateSolidBrush
CreatePenIndirect
CreatePalette
CreateHalftonePalette
CreateFontIndirectA
CreateDIBitmap
CreateDIBSection
CreateCompatibleDC
CreateCompatibleBitmap
CreateBrushIndirect
CreateBitmap
CopyEnhMetaFileA
BitBlt
user32.dll
CreateWindowExA
WindowFromPoint
WinHelpA
WaitMessage
UpdateWindow
UnregisterClassA
UnhookWindowsHookEx
TranslateMessage
TranslateMDISysAccel
TrackPopupMenu
SystemParametersInfoA
ShowWindow
ShowScrollBar
ShowOwnedPopups
ShowCursor
SetWindowsHookExA
SetWindowTextA
SetWindowPos
SetWindowPlacement
SetWindowLongA
SetTimer
SetScrollRange
SetScrollPos
SetScrollInfo
SetRect
SetPropA
SetParent
SetMenuItemInfoA
SetMenu
SetForegroundWindow
SetFocus
SetCursor
SetClipboardData
SetClassLongA
SetCapture
SetActiveWindow
SendMessageA
ScrollWindow
ScreenToClient
RemovePropA
RemoveMenu
ReleaseDC
ReleaseCapture
RegisterWindowMessageA
RegisterClipboardFormatA
RegisterClassA
RedrawWindow
PtInRect
PostQuitMessage
PostMessageA
PeekMessageA
OpenClipboard
OffsetRect
OemToCharA
MessageBoxA
MessageBeep
MapWindowPoints
MapVirtualKeyA
LoadStringA
LoadKeyboardLayoutA
LoadIconA
LoadCursorA
LoadBitmapA
KillTimer
IsZoomed
IsWindowVisible
IsWindowEnabled
IsWindow
IsRectEmpty
IsIconic
IsDialogMessageA
IsChild
InvalidateRect
IntersectRect
InsertMenuItemA
InsertMenuA
InflateRect
GetWindowThreadProcessId
GetWindowTextA
GetWindowRect
GetWindowPlacement
GetWindowLongA
GetWindowDC
GetTopWindow
GetSystemMetrics
GetSystemMenu
GetSysColorBrush
GetSysColor
GetSubMenu
GetScrollRange
GetScrollPos
GetScrollInfo
GetPropA
GetParent
GetWindow
GetMenuStringA
GetMenuState
GetMenuItemInfoA
GetMenuItemID
GetMenuItemCount
GetMenu
GetLastActivePopup
GetKeyboardState
GetKeyboardLayoutList
GetKeyboardLayout
GetKeyState
GetKeyNameTextA
GetIconInfo
GetForegroundWindow
GetFocus
GetDesktopWindow
GetDCEx
GetDC
GetCursorPos
GetCursor
GetClipboardData
GetClientRect
GetClassNameA
GetClassInfoA
GetCapture
GetActiveWindow
FrameRect
FindWindowA
FillRect
EqualRect
EnumWindows
EnumThreadWindows
EndPaint
EnableWindow
EnableScrollBar
EnableMenuItem
EmptyClipboard
DrawTextA
DrawMenuBar
DrawIconEx
DrawIcon
DrawFrameControl
DrawEdge
DispatchMessageA
DestroyWindow
DestroyMenu
DestroyIcon
DestroyCursor
DeleteMenu
DefWindowProcA
DefMDIChildProcA
DefFrameProcA
CreatePopupMenu
CreateMenu
CreateIcon
CloseClipboard
ClientToScreen
CheckMenuItem
CallWindowProcA
CallNextHookEx
BeginPaint
CharNextA
CharLowerBuffA
CharLowerA
CharUpperBuffA
CharToOemA
AdjustWindowRectEx
ActivateKeyboardLayout
kernel32.dll
Sleep
oleaut32.dll
SafeArrayPtrOfIndex
SafeArrayGetUBound
SafeArrayGetLBound
SafeArrayCreate
VariantChangeType
VariantCopy
VariantClear
VariantInit
comctl32.dll
ImageList_SetIconSize
ImageList_GetIconSize
ImageList_Write
ImageList_Read
ImageList_GetDragImage
ImageList_DragShowNolock
ImageList_SetDragCursorImage
ImageList_DragMove
ImageList_DragLeave
ImageList_DragEnter
ImageList_EndDrag
ImageList_BeginDrag
ImageList_Remove
ImageList_DrawEx
ImageList_Draw
ImageList_GetBkColor
ImageList_SetBkColor
ImageList_ReplaceIcon
ImageList_Add
ImageList_GetImageCount
ImageList_Destroy
ImageList_Create
0(0<0T0h0|0
1e1i1m1
2&2.262>2F2N2V2^2f2n2v2~2
323:3B3J3R3Z3b3j3u3
687N7
9&;b;
<(<.<6<H<X<g<s<{<
<="=(=0=:=V=a=
>f>|>
W0l0
1'101;1D1K1Z1a1
2,363Q3Z3
515:5X5^5f5
606O6
7/757=7
788@8H8N8T8\8b8h8o8y8<9j9
:4:_:
:R;g;t;
0#040P0h0y0
333Q3g3~3
7B8V8^8t8
9(9;9k9
;,;5;^;g;
<S<_<
>D>L>W>
?^?b?h?l?q?x?~?
0D0O0l0v0
1*1/1Q1e1q1
2M3i3
5(6J6
8-848
9'909<9C9
<6=_=
?#?*?4?>?U?f?s?z?~?
0(020:0B0J0R0z0
1&101G1S1`1r1
3&3.363>3F3N3V3^3f3n3v3~3
4&4.464>4F4N4V4^4f4n4v4~4
5&5.565>5F5N5V5^5f5n5v5~5
6&6.666>6F6N6V6^6f6n6v6~6
7&7.767>7F7N7V7^7f7n7v7~7
8&8.868>8F8N8V8^8f8n8v8~8
9&9.969>9F9N9V9^9f9n9v9~9
:&:.:6:>:F:N:V:^:f:n:v:~:
;&;.;6;>;F;N;V;^;f;n;v;~;
<c=h=t=
=S>_>l>~>
?$?,?4?<?D?L?T?\?d?l?t?|?
0$0,040<0D0L0T0\0d0l0t0|0
1$1,141<1D1L1T1\1d1l1t1|1
2"242T2\2`2d2h2l2p2t2x2|2
3 3$3(3,30343D3d3l3p3t3x3|3
4$4(4,4044484<4@4D4T4t4|4
5$5,5054585<5@5D5H5L5`5
60686<6@6D6H6L6P6T6X6h6
787@7D7H7L7P7T7X7\7`7t7
8,8L8T8X8\8`8d8h8l8p8t8
9 9$9(9,9@9`9h9l9p9t9x9|9
: :$:(:,:0:4:8:<:T:t:|:
:;,;4;8;<;@;D;H;L;P;T;d;
<8<@<D<H<L<P<T<X<\<`<
= =$=(=,=0=4=8=<=
>(>->3>
3e3u3
3R4e4q4
5Q5Y5
:A<E<I<M<Q<U<Y<]<a<e<i<m<q<u<y<}<
<Q=X=
01090A0I0Q0
495K5
557O7Y7
8C:{;f<
2K2a2w2^3r3
3>4_4p4
575f5z5
8&9+9p9
:":a:f:t:
<_<w<
=1=H=Z=
>9>K>b>t>
1C1H1b1
1#2?2^2p2
3U3u3
4<4U4b4{4
6L6`6i6!7+7u7
7.8]8
8&9l9
:#:+:9:{:
::;A;
<-<<<
=]=o=
=0>?>N>j>
?&?/?;?A?I?R?^?c?l?u?~?
0>1^1
23t3
4'4;4
6!7E7Q7j7t7~7
8Q8o8
8'959P9Y9t9
:&:>:G:[:i:}:
;.;>;F;[;c;
;j<]=
><>d>
3B4S4v4
5 5$5(5,5054585<5@5D5H5L5P5T5X5\5`5d5h5l5p5t5x5|5
6$6(60646<6@6H6L6T6X6`6d6l6p6x6|6
7 7$7,70787<7D7H7P7T7\7`7h7l7t7x7
8&808;8E8P8Z8e8o8z8
9%90989=9c9
94:A:j:
;B;x;
; <V<p<
=5>C>H>S>Y>^>i>o>t>
?$?/?5?:?E?K?P?[?a?f?q?w?|?
0!0C1O1\1n1
2 2$2(2,2024282<2@2D2H2L2P2h2
3$3(3,3034383<3@3D3`3
44(4H4P4T4X4\4`4d4h4l4p4
5 5$5(5,5054585X5x5
6$6D6L6P6T6X6\6`6d6h6l6
7 7$7(7,7074787]7k7z7
8%8M8[8j8
9=9K9Z9q9
9%:4:U:d:{:
;";6;E;V;
;%<3<B<Y<
3&3<3
4L4i4
4$5T5
56$6/83878;8?8C8G8K8O8S8W8[8_8c8g8k8o8s8w8{8
:,;I;};
<V<s<
=+=C=A?E?I?M?Q?U?Y?]?a?e?i?m?q?u?y?}?
5,6A6V6[6h6
9&939>9_9u9
:V:[:u:
;';/;9;>;C;H;M;S;X;];c;j;p;w;};
< <(<0<8<@<H<P<X<`<h<p<x<
2 2$2(2,202
5L5d5
6"6(6D6\6|6
7<7D7H7L7P7T7X7\7`7d7|7
8 808P8X8\8`8d8h8l8p8t8x8
9 9$9(989X9`9d9h9l9p9t9x9|9
: :$:(:,:0:4:8:H:h:p:t:x:|:
; ;(;,;0;4;8;<;@;D;H;\;|;
<8<@<D<H<L<P<T<X<\<`<d<h<l<p<|<
=(=8=D=H=P=T=X=\=`=d=h=l=p=t=x=|=
>$>(>8>@>D>H>L>P>T>X>\>`>d>h>l>p>~>
?$?,?0?4?8?<?@?D?H?L?P?T?X?\?`?d?h?l?p?t?x?|?
0)040D0T0\0`0d0h0l0p0t0x0|0
1$15191L1l1t1x1|1
2 242T2\2`2d2h2l2p2t2x2|2
33$3D3L3P3T3X3\3`3d3h3l3p3t3x3|3
5,505L5T5X5\5`5d5h5l5p5t5x5|5
60686<6@6D6H6L6P6T6X6\6`6d6h6t6
7$7,7074787<7@7D7H7L7X7l7
8"8>8L8P8X8\8h8l8t8x8|8
9 9$9(9,9094989H9X9\9l9
:,:<:H:L:T:X:\:`:d:h:l:p:t:x:|:
<(<0<4<8<<<@<D<H<L<P<b=q=
2 272
3[4k4x4
4 5%5
526M6\6s6
7#7.7@7V7[7w7
8.8@8E8d8q8|8
9X9d9
;C;h;x;
<!=M=Z=n=u=
?5?G?
212z2
9G9`9
:R:[:i:
:#;p;
=B=]=
0.0K0z0
0)1C1
2+2j2
607H7(8a89$9
94:];
>B>I>
>(?c?s?
0L1S1
5H6T6h6p6t6x6|6
7:8j8
;;&;+;U;a;p;
<X<]<|<
?I?N?y?
0I0f0F1
2$2\2
2;3T3i3
8%8s8
8B9i9
<#<5<9<=<A<E<I<
?4?B?[?
1[2}2
23,3034383<3@3D3H3L3P3T3X3\3`3d3h3l3p3
5/6G6T6b6%787m7
7)8W8r8
9K9Y9
=3=7=;=?=C=G=K=O=S=W=[=_=c=g=k=o=s=w={=
0U1t1
1K2]2d2
3F3J3N3R3V3Z3^3b3f3j3n3r3v3z3~3
7'7-7A7K7Y7i7
8P8]8k8
>&?-?
9*9Z9_9q9
9(:N:V:t:y:
:6;O;[;b;l;
<$<7<C<M<T<^<e<o<|<
=$=,=4=<=D=L=T=\=d=l=t=|=
>$>,>4><>D>L>T>\>d>l>t>|>
?'?4?F?L?d?
0(0A0l0|0
1$2>2
3%3)3<3Q3t3
4.464N4R4V4o4s4w4
5 5$5(5,5054585<5@5D5P5Z5^5o5s5w5
6 6$6(6,6064686<6@6D6P6\6`6q6u6y6
7 7-717B7J7b7
9 9,90989<9@9D9H9L9P9T9X9\9`9d9h9l9p9t9x9|9
9.:2:6:::>:V:d:h:p:t:
;0;8;<;@;D;H;L;P;T;X;\;p;
< <$<(<,<0<4<8<<<@<D<H<L<P<T<X<\<`<d<h<l<p<t<x<|<
= =0=8=<=@=D=H=L=P=T=X=\=`=d=h=l=p=t=x=|=
> >$>(>,>0>4>8><>@>D>T>d>t>|>
?2?@?`?h?l?p?t?x?|?
1+2c2
3B3R3
338C8;:K:f:!;&;+;?;o;
;5<R<
<=*=7=
=F>K>k>
K0P0
252k2p2
3S3~3
3F4V4h4
5$686E6Y6f6z6
667C7
8-9v9
9$:1:Y:^:
>0>H>Y>e>q>
>>?\?
2>2{2y3
6#6;6R6
;V<{<
2)3F3x3
424l4
4'5=5F5S5a5j5w5
7!808>8O8`8
8"9,969;9B9L9V9[9m:
;6<m<
=">+>9>S?
5+5N5s5
9;:[:
:0;@;P;X;\;`;d;h;l;p;t;x;|;
<5<[<`<
0=0o1
4<4J4
5P6n6
7\8)9Z9
9I:c:p:
:_;k;'<
4,4X4]4
6#7>7\7
7"8_8
3>4N4a4
6:6p6
7%7*7B7G7R7a7g7
9-9.:L:
;#;-;7;B;L;V;a;k;v;
<)<3<:<D<K<U<\<f<k<p<u<
= =$=(=,=0=4=D=d=l=p=t=x=|=
>c?o?|?
0"0*020:0B0J0W0c0p0
1!1,1:1y1
2 2(2K2W2
2+33393E3R3p3
3'424R4
5&5q5y5
5E6M6S6_6o6
6e7o7u7y7
8#808B8H8[8
9,9G9l9~9
:(:0:4:8:<:@:D:H:L:P:^:
;#;';+;/;3;7;O;k;x;|;
<,<8<B<L<V<u<
<B=Q=`=
>/>D>r>
0-1l1
1h2o2
4*414m4
5<5C5y5
6>6u6
8*8:8G8S8`8r8
9/9:9?9J9O9Z9_9j9o9}9
:":+:0:5:C:L:Q:V:d:m:r:
< <$<(<,<@<`<h<l<p<t<x<|<
<O=[=h=z=
>&>->4>;>B>I>P>W>^>e>l>s>z>
?(?-?F?K?X?d?r?
0$0)060;0H0M0Z0_0l0q0~0
1 1%12171D1I1V1[1h1m1z1
2!2.232@2E2R2W2d2i2v2{2
7"7,767C7O7\7n7{7
8#8/8<8N8[8g8t8
9.949D9P9T9\9`9d9h9l9p9t9x9|9
:7:]:
:";0;
;A<V<h<v<
<d=t=
> >$>(>,>0>4>8><>@>D>H>L>P>T>X>\>`>d>h>l>p>t>x>|>
>V?{?
020K0
0@1`1
2A2a2
5?6k6
6=7R7#8(8/8L8
:E:X:b:g:q:x:
;$;(;0;4;<;@;H;L;T;X;`;d;l;p;x;|;
<'<2<7<D<T<`<d<l<p<t<x<|<
=&=*=8=D=H=Y=a=y=
>*>M>p>|>
?.?6?U?]?a?x?
0-0R0w0
101T1y1
2 2$2(2,2024282<2@2H2T2`2d2u2}2
3"3O5
8R9x9
;$;,;4;<;D;L;T;\;d;l;t;|;
< <$<(<,<0<4<8<<<@<D<H<L<P<T<X<\<`<d<h<l<p<t<x<|<
= =$=(=,=0=4=8=<=@=D=H=L=P=T=X=\=`=d=h=l=p=t=
>">/>;>B>T>f>n>y>~>
? ?$?,?0?8?<?D?H?P?T?\?`?h?l?t?x?
0C0O0V0a0s0
1#1+161H1Z1g1s1{1
2 2$2(2,2024282<2@2P2o2
3'32383B3H3Z3j3p3
5X6`6
6"7f7
7.858
9"9&9*9.92969
<7=C=J=T=f=v=|=
> >$>(>,>0>4>8><>@>D>H>L>P>T>X>\>`>d>h>l>p>t>x>|>
? ?(?,?0?4?8?<?@?D?H?L?P?T?X?\?`?d?h?l?p?t?x?|?
0)010M0U0Y0o0
1B1e1
2!2?2G2d2l2
3"3*3C3K3O3e3m3
4B4f4
4!5H5n5
6 6$6(6,6064686<6@6D6H6L6P6T6X6\6`6d6h6l6p6t6x6|6
7&7*7.72767:7>7B7T7e7i7z7
8 8$8(8,8084888<8@8D8H8L8P8T8X8\8`8d8h8l8p8t8x8|8
9?9b9j9
: :>:F:a:i:m:
;2;>;T;\;`;s;{;
<(<Q<Y<w<
=6=>=Y=a=e=|=
>%>1>G>p>
?'?I?j?
!0E0k0
1 1$1(1,1014181<1@1D1H1L1P1T1X1p1
2 2$2(2,2024282<2@2D2H2L2P2T2X2\2`2d2h2l2p2t2x2|2
3 3$3(3,3034383<3@3D3H3L3P3T3X3\3`3d3h3l3p3t3x3|3
4"4&4*4.424@4M4Q4b4j4
51595S5x5
5%6N6V6s6{6
7(70747J7R7m7y7
8&8J8l8
9D9h9
:#:r:
;3<G<4=B>Q>(?
0"0,0
1H2x3
5(575F5U5d5l5
5%6@6
8W8o9
98:C:
=E>n>3???L?^?d?t?
0!0%060>0
0d1h1l1p1t1x1|1
22 2(2,2024282<2@2D2H2V2^2
4$444M4r4
5G5V5]5
7J7k7
8Y8g8
8'9c9
;/;};
=+=2===G=Q=[=e=o=
> >5>|>
? ?@?H?L?P?T?X?\?`?d?h?l?p?t?x?|?
0 0$0(0,0004080<0@0D0H0L0P0T0X0p0
1 1(1,1014181<1@1D1H1L1P1T1X1\1`1d1h1l1p1t1x1|1
2 2$2(2,2024282<2@2D2H2`2p2
3 3(3,3034383<3@3D3H3L3P3T3X3\3`3d3h3l3p3t3x3|3
444X4q4
5H5W5\5|5
6#6?6G6b6j6
7$7u7y7}7
889<9@9
;D;H;L;
;5<9<=<A<H<
<J=N=R=Z=`=
=!>)>0><>@>L>P>X>\>`>d>h>l>p>t>x>|>
0"0&0*0.02060:0>0B0F0J0N0R0V0Z0^0b0f0j0n0r0v0z0~0
121:1P1X1p1x1
2"2&2@2`2h2l2p2t2x2|2
3 373
3$4=4h4z4
5 5$5(5,5054585<5@5D5H5L5P5T5X5\5`5d5h5l5p5t5x5|5
7"7&7*7.72767:7>7B7F7J7N7R7V7Z7^7b7f7j7n7r7v7z7~7
8"8&8*8.82868:8>8B8F8J8N8R8V8Z8^8b8f8j8n8r8v8z8~8
9 9$9(9,9094989<9@9D9H9L9P9T9X9\9`9d9h9l9p9t9x9|9
: :$:(:,:0:4:8:<:@:D:H:L:P:T:X:\:`:d:h:l:p:t:x:|:
;$;8;<;P;`;l;p;x;|;
< <$<(<,<0<4<8<<<@<D<H<L<P<T<X<\<`<d<h<l<p<t<x<
>8>@>D>H>L>P>T>X>\>`>d>h>l>p>t>x>|>
?b?j?y?
0#0,0P0a0
2#2:2~2
23$3D3L3P3T3X3\3`3d3h3l3p3t3x3|3
6I6X6
7C7G8
:<;v;
;'<z<
=>H>
?X?e?n?w?
*020?0F0T0_0e0~0
11$101@1Q1^1
2+2F2R2Z2l2
3&33383B3H3P3
4(4-494C4I4Q4r4z4
5!505f5
6*6@6H6V6h6x6
7;7F7O7]7p7
8,83898A8W8b8w8
9+919?9E9S9^9r9
;";?;O;
;8<G<
<v=^>
>?(?l?
0S0V1t1
1<2F2Z2_2k2
5_5C6
<S=C>I>l>r>
174[4j4
7J7b7z7
8L8U8v8
<*=7=F=
9D9l9\;g;u;
5:6O6a6
7*8:8
9s9w9{9
;z<~<
<1=]=
P0`0
041b1
778S8
809B9x9
<I<R<`<
^0h0
2/474J4
1B1h1s1
4/5c5
9o:M;a;x<
;-===
0,121
5 7@8e8
=/=f=
0P0n0
0Y2e2z2
6C6h7
222g2
3%3N3
4L4l4|4
5F5`5
6<7k7=:t;
>e?j?
3!3&31363;3F3K3P3[3`3e3p3u3z3
4'555L5a5l5w5
6*656@6K6S6s6
7!7(727>7H7Q7\7g7r7y7
738?8F8U8`8j8t8
9$90949@9D9L9P9T9X9\9`9d9h9l9p9t9x9|9
:#:+:/:H:X:d:h:p:t:x:|:
;$;4;D;L;P;T;X;\;`;d;h;l;p;t;x;|;
<+</<@<L<P<\<`<h<l<p<t<x<|<
== =3=7=H=h=p=t=x=|=
W0f0z0S1
4$484#5
5H6}6
:c;o;|;
<4<D<P<T<\<`<d<h<l<p<t<x<|<
>B>Q>
1F1V1c1s1
132L2[2
385D5
<6<F<]<
=">?>r>
1"1@1J1Q1
1k2w2
3`4d4l4p4
5(5D5P5p5x5|5
6(64686D6H6P6T6X6\6`6d6h6l6p6t6x6|6
7-71757N7r7z7
8'8/838I8Q8q8y8
9'9+9D9L9h9p9t9
9!:L:X:\:h:l:t:x:|:
;@;P;`;h;l;p;t;x;|;
<#<G<O<k<s<w<
< =>=`={=
>$>4>D>L>P>T>X>\>`>d>h>l>p>t>x>|>
?,?0?4?X?|?
020:0[0
1 1$141T1\1`1d1h1l1p1t1x1|1
2U3h3{3
4<4O4b4
4-5@5X5q5
9_;s;
<G=Y=e=q=
>$>0><>
?J?k?
0-1j1
;:=p=E>
7)737y8
I0p0
7!7&7;7@7H7f7x7
7)8O8\8k8z8
:X:w:j;x;
<9>B>e>n>
0h1w1
4!4G4L4
<-<9<M<Y<^=
J0Z0w0
0e1r1
2b3u3
3!4=4g4
8 8$8(8,8084888<8@8D8H8L8P8[8g8n8x8
9"9)939:9D9L9h9
:/:3:A:I:f:n:
; ;4;U;];t;|;
<H<X<d<h<p<t<x<|<
= =$=(=,=0=4=8=<=@=D=H=L=P=T=X=\=`=d=v=z=~=
> >?>
?-?d?~?
2X2]2a2e2l2x2|2
3 3$3(3,3034383<3@3D3H3L3P3T3X3\3`3d3h3l3p3t3x3|3
3J4N4R4V4Z4^4b4f4j4n4r4v4z4~4
5"5&5*5.52565:5L5]5a5p5
6 6$6(6,6064686<6@6D6H6L6P6T6X6\6`6d6h6l6p6t6x6|6
7&7>7F7c7k7
8"8&8@8H8L8f8n8
9#9F9N9v9~9
:1:T:w:
;";E;M;Q;m;u;y;
<"<K<O<S<s<{<
=%=-=1=H=m=u=y=
>">.>G>S>m>y>
?/?;?R?^?w?
010=0V0z0
1-191O1[1u1
2:2F2\2h2
3 3,30383<3@3D3H3L3P3T3X3\3`3d3h3l3p3t3x3|3
4 4$4(4,4044484<4@4D4H4L4d4h4l4p4t4x4|4
5 5$5(5,505@5L5P5`5h5l5p5t5x5|5
6$6(686@6D6H6L6P6T6X6\6`6d6h6l6p6t6x6|6
7e7{7
8*878G8^8z8
9+949<9E9U9\9c9j9{9
:=:S:
<.<=<T<
5;5A5
6;6l6
8*8@8
8O9_9;:
V0a0p0
1)1_1d1
2E2Y2m2
2.3p3
4O5~5
6L6r6
6,737
879j9u9
: ;y=0>`>
0h1x1
343T3
6%7m7
929h9~9
9h:r:Z<i<
0/0M0i0
1W1i1
2#262L2c2{2
3A4[4
:8:G:R:i:
; =0=B=V=
3:4H4Z4n5z5R6
89y;
;%<l<
<.=I=
>,>H>a>
?<?W?|?
1#1=1
1U2_23|3
5&515@5J5b5x5
5'6D6I6Z6h6z6
2+2:2I2X2
4+4U4
5;5N5\5
6-7S7t7
==-?=?}?
1G1Y1c1z1
2"2+262C2
3 3,353@3R3
5 5%525r5
6&656B6G6P6V6e6j6o6
7"888X8
:=:d:q:x:
< <$<(<,<0<4<8<<<@<D<H<L<P<T<X<\<`<d<h<l<p<[?|?
5B8M8v8
::;_;
;%<4<s<
>H>Y>
0&171
253=3K3k3
354`6
:;<T<t<
>'>/>=>E>P>b>r>z>
? ?$?(?,?0?4?8?<?@?D?H?L?P?T?X?\?`?d?h?l?p?t?x?|?
%0?0C0G0L0X0\0
091E1W1
2#202B2O2b2t2x2|2
3 3$3(3,3034383<3@3D3H3L3P3T3X3\3`3d3h3l3p3t3x3|3
4 4$4(4,4044484<4@4D4L4W4a4n4s4{4
<0@0D0,181<1`1d1
2X2`2h2p2x2
3@3D3H3L3P3T3X3\3`3d3h3l3p3t3x3|3
4L4T4\4d4l4t4|4
5$5,545<5D5L5T5\5d5l5t5|5
6$6,646<6D6L6T6\6d6l6t6(7,70747P7T7X7\7`7d7h7l7p7t7x7|7
7P9T9X9\9`9d9h9l9p9t9x9|9
::d:t:|:
> >$>(>,>0>4>8><>@>D>H>L>P>T>X>\>`>d>h>l>p>t>x>|>
? ?$?(?,?0?4?8?<?@?D?H?L?P?T?X?\?`?d?h?l?p?t?x?|?
0 0$0(0,0004080<0@0D0H0L0P0T0X0\0`0d0h0l0p0t0x0|0
1 1$1(1,1014181<1@1D1H1L1P1T1X1\1`1d1h1l1p1t1x1|1
333333333333333333
33333333?333333
3333
33?33
3833
33338
3331
33333
33833
3339
333338
33333833
33333
333838
3333339
3338
3333333333333338
333333333333333333
334C33333338
33333
33B$3333333
3333
34""C33333833
3333
3B""$33333
4"*""C3338
"C3338
:*"*"$3338
3?38
"C338
"*"$33
3?38
"*:"$
"J"$3
:33:"$
"C8338
3333
"J"C3333
3333:"$
#33338
33333
"J333333
33333:"$3333338
333333
$3333333
333333:"33333338
3333333
33333333
333333333333333333
33333333?333333
3333
33?33
3833
33338
3331
33333
33833
3339
333338
33333833
33333
333838
3333339
3338
3333333333333338
333333333333333333
33MP
3333
33M]
3333
3333
33M]
3333
3333
33M]
3333
3333
33M]
3333
3333
33M]
3333
33DDDDD3333
33333333333
333333?
333333
333333
3333f3333333?
3333
3336Dc3333338
3333
333>fC333333
3333
c333333
3333333333338
3333
3333Dc3333333
3333
3336fC3333338
333>fC333333
333>fd333333
3333
fC33333
3333>fd333338
334C3
fC333?3
33fd3>fC333
fDFfC338
33>ffffc338
fff3333
33833
3333
33338
3333333333338
4DF334DC33
333*C33
c33*C333
338?3
c333
33338?383
F*F333383
"$c33333
333j
"dc3333833
3DDf
CjC338
?8?3
CjC338
?8?3
33j$
D*C33383
33333
3332*
C33333833?33
3333"
3333333
3334JC33333338?333
3336
C3333333
?333
3336
C3333333
?333
3333fc33333338
333333333333?
33333?
3333
3838
3333
333333
333333333333333333
333333333333333333
333333333333
33333
334C33333338
33333
33B$3333333
3333
34""C33333833
3333
3B""$33333
4"*""C3338
"C3338
:*3:"$3338
"C333
3333:"$3333338
33333
"C333333
33333:"$3333338
333333
"C333333
333333:"C3333338
3333333
#3333333
3333333:3333333383
333333333333333333
333DDD33333?
2C4"""D338
8333
2$B""""C38
2""*
"$38
2""333:"C8
83338
2""#33:DC8
333338
33333
333333333333333
333333DDD3
:DC33:""$8
:"C333
$334B"$3
"DDB""$3
3:"""""
333333
333333333333333333
333333333333333333
333333333333
33333
334C33333338
33333
33B$3333333
3333
34""C33333833
3333
3B""$33333
4"*""C3338
"C3338
:*3:"$3338
"C333
3333:"$3333338
33333
"C333333
33333:"$3333338
333333
"C333333
333333:"C3333338
3333333
#3333333
3333333:3333333383
333333333333333333
33333333
333(
wwww
&=O8
)ApCh02
FlatSB
System
SysInit
KWindows
UTypes
WinHelpViewer
RHelpIntfs
Contnrs
"RTLConsts
Math
SysConst
SysUtils
^Classes
3Messages
CVariants
$VarUtils
QTypInfo
sActiveX
EActnList
Forms
Printers
Consts
WWinSpool
+Graphics
CommCtrl
StdActns
Clipbrd
YStrUtils
*ShellAPI
&Controls
5Themes
nComCtrls
ComStrs
ExtActns
0Mapi
dStdCtrls
vMenus
ImgList
Dialogs
ExtCtrls
IDlgs
3CommDlg
(ShlObj
RegStr
?WinInet
UrlMon
ExtDlgs
Buttons
8Registry
IniFiles
CUxTheme
SyncObjs
RichEdit
ToolWin
ListActns
MultiMon
ch002Unit
TPF0
TForm1
Form1
Left
Width
Height
Caption
+HTB by Thiseas 2017                        
Color
clBtnFaceFont.Charset
DEFAULT_CHARSET
Font.Color
clWindowText
Font.Height
Font.Name
MS Sans Serif
Font.Style
OldCreateOrder
Position
poScreenCenter
PixelsPerInch
TextHeight
TLabel
Label1
Left
Width
Height
Caption
Enter Password
TEdit
Edit1
Left
Width
Height
TabOrder
TButton
Button1
Left
Width
Height
Caption
Check Password
TabOrder
OnClick
Button1Click
