
Starting Nmap 7.60 ( https://nmap.org ) at 2017-12-19 23:44 EST
Nmap scan report for 10.10.10.68
Host is up (0.45s latency).
Not shown: 999 closed ports
PORT   STATE SERVICE VERSION
80/tcp open  http    Apache httpd 2.4.18 ((Ubuntu))
|_http-server-header: Apache/2.4.18 (Ubuntu)
|_http-title: Arrexel's Development Site
No exact OS matches for host (If you know what OS is running on it, see https://nmap.org/submit/ ).
TCP/IP fingerprint:
OS:SCAN(V=7.60%E=4%D=12/19%OT=80%CT=1%CU=33746%PV=Y%DS=2%DC=T%G=Y%TM=5A39EA
OS:EE%P=x86_64-pc-linux-gnu)SEQ(SP=101%GCD=1%ISR=108%TI=Z%II=I%TS=8)SEQ(SP=
OS:101%GCD=1%ISR=108%TI=Z%CI=I%II=I%TS=8)OPS(O1=M54BST11NW7%O2=M54BST11NW7%
OS:O3=M54BNNT11NW7%O4=M54BST11NW7%O5=M54BST11NW7%O6=M54BST11)WIN(W1=7120%W2
OS:=7120%W3=7120%W4=7120%W5=7120%W6=7120)ECN(R=Y%DF=Y%T=40%W=7210%O=M54BNNS
OS:NW7%CC=Y%Q=)T1(R=Y%DF=Y%T=40%S=O%A=S+%F=AS%RD=0%Q=)T2(R=N)T3(R=N)T4(R=Y%
OS:DF=Y%T=40%W=0%S=A%A=Z%F=R%O=%RD=0%Q=)T5(R=Y%DF=Y%T=40%W=0%S=Z%A=S+%F=AR%
OS:O=%RD=0%Q=)T6(R=Y%DF=Y%T=40%W=0%S=A%A=Z%F=R%O=%RD=0%Q=)T7(R=Y%DF=Y%T=40%
OS:W=0%S=Z%A=S+%F=AR%O=%RD=0%Q=)U1(R=Y%DF=N%T=40%IPL=164%UN=0%RIPL=G%RID=G%
OS:RIPCK=G%RUCK=G%RUD=G)IE(R=Y%DFI=N%T=40%CD=S)

Network Distance: 2 hops

TRACEROUTE (using port 143/tcp)
HOP RTT       ADDRESS
1   285.52 ms 10.10.16.1
2   142.92 ms 10.10.10.68

OS and Service detection performed. Please report any incorrect results at https://nmap.org/submit/ .
Nmap done: 1 IP address (1 host up) scanned in 48.89 seconds
