*** Installing development files
created directory `/home/fortyfunbobby/hackthebox/scripts/reverse-tools/retdec/retdec-master/build/deps/openssl/openssl/src/openssl-install'
created directory `/home/fortyfunbobby/hackthebox/scripts/reverse-tools/retdec/retdec-master/build/deps/openssl/openssl/src/openssl-install/include'
created directory `/home/fortyfunbobby/hackthebox/scripts/reverse-tools/retdec/retdec-master/build/deps/openssl/openssl/src/openssl-install/include/openssl'
install ./include/openssl/aes.h -> /home/fortyfunbobby/hackthebox/scripts/reverse-tools/retdec/retdec-master/build/deps/openssl/openssl/src/openssl-install/include/openssl/aes.h
install ./include/openssl/asn1.h -> /home/fortyfunbobby/hackthebox/scripts/reverse-tools/retdec/retdec-master/build/deps/openssl/openssl/src/openssl-install/include/openssl/asn1.h
install ./include/openssl/asn1_mac.h -> /home/fortyfunbobby/hackthebox/scripts/reverse-tools/retdec/retdec-master/build/deps/openssl/openssl/src/openssl-install/include/openssl/asn1_mac.h
install ./include/openssl/asn1t.h -> /home/fortyfunbobby/hackthebox/scripts/reverse-tools/retdec/retdec-master/build/deps/openssl/openssl/src/openssl-install/include/openssl/asn1t.h
install ./include/openssl/async.h -> /home/fortyfunbobby/hackthebox/scripts/reverse-tools/retdec/retdec-master/build/deps/openssl/openssl/src/openssl-install/include/openssl/async.h
install ./include/openssl/bio.h -> /home/fortyfunbobby/hackthebox/scripts/reverse-tools/retdec/retdec-master/build/deps/openssl/openssl/src/openssl-install/include/openssl/bio.h
install ./include/openssl/blowfish.h -> /home/fortyfunbobby/hackthebox/scripts/reverse-tools/retdec/retdec-master/build/deps/openssl/openssl/src/openssl-install/include/openssl/blowfish.h
install ./include/openssl/bn.h -> /home/fortyfunbobby/hackthebox/scripts/reverse-tools/retdec/retdec-master/build/deps/openssl/openssl/src/openssl-install/include/openssl/bn.h
install ./include/openssl/buffer.h -> /home/fortyfunbobby/hackthebox/scripts/reverse-tools/retdec/retdec-master/build/deps/openssl/openssl/src/openssl-install/include/openssl/buffer.h
install ./include/openssl/camellia.h -> /home/fortyfunbobby/hackthebox/scripts/reverse-tools/retdec/retdec-master/build/deps/openssl/openssl/src/openssl-install/include/openssl/camellia.h
install ./include/openssl/cast.h -> /home/fortyfunbobby/hackthebox/scripts/reverse-tools/retdec/retdec-master/build/deps/openssl/openssl/src/openssl-install/include/openssl/cast.h
install ./include/openssl/cmac.h -> /home/fortyfunbobby/hackthebox/scripts/reverse-tools/retdec/retdec-master/build/deps/openssl/openssl/src/openssl-install/include/openssl/cmac.h
install ./include/openssl/cms.h -> /home/fortyfunbobby/hackthebox/scripts/reverse-tools/retdec/retdec-master/build/deps/openssl/openssl/src/openssl-install/include/openssl/cms.h
install ./include/openssl/comp.h -> /home/fortyfunbobby/hackthebox/scripts/reverse-tools/retdec/retdec-master/build/deps/openssl/openssl/src/openssl-install/include/openssl/comp.h
install ./include/openssl/conf.h -> /home/fortyfunbobby/hackthebox/scripts/reverse-tools/retdec/retdec-master/build/deps/openssl/openssl/src/openssl-install/include/openssl/conf.h
install ./include/openssl/conf_api.h -> /home/fortyfunbobby/hackthebox/scripts/reverse-tools/retdec/retdec-master/build/deps/openssl/openssl/src/openssl-install/include/openssl/conf_api.h
install ./include/openssl/crypto.h -> /home/fortyfunbobby/hackthebox/scripts/reverse-tools/retdec/retdec-master/build/deps/openssl/openssl/src/openssl-install/include/openssl/crypto.h
install ./include/openssl/ct.h -> /home/fortyfunbobby/hackthebox/scripts/reverse-tools/retdec/retdec-master/build/deps/openssl/openssl/src/openssl-install/include/openssl/ct.h
install ./include/openssl/des.h -> /home/fortyfunbobby/hackthebox/scripts/reverse-tools/retdec/retdec-master/build/deps/openssl/openssl/src/openssl-install/include/openssl/des.h
install ./include/openssl/dh.h -> /home/fortyfunbobby/hackthebox/scripts/reverse-tools/retdec/retdec-master/build/deps/openssl/openssl/src/openssl-install/include/openssl/dh.h
install ./include/openssl/dsa.h -> /home/fortyfunbobby/hackthebox/scripts/reverse-tools/retdec/retdec-master/build/deps/openssl/openssl/src/openssl-install/include/openssl/dsa.h
install ./include/openssl/dtls1.h -> /home/fortyfunbobby/hackthebox/scripts/reverse-tools/retdec/retdec-master/build/deps/openssl/openssl/src/openssl-install/include/openssl/dtls1.h
install ./include/openssl/e_os2.h -> /home/fortyfunbobby/hackthebox/scripts/reverse-tools/retdec/retdec-master/build/deps/openssl/openssl/src/openssl-install/include/openssl/e_os2.h
install ./include/openssl/ebcdic.h -> /home/fortyfunbobby/hackthebox/scripts/reverse-tools/retdec/retdec-master/build/deps/openssl/openssl/src/openssl-install/include/openssl/ebcdic.h
install ./include/openssl/ec.h -> /home/fortyfunbobby/hackthebox/scripts/reverse-tools/retdec/retdec-master/build/deps/openssl/openssl/src/openssl-install/include/openssl/ec.h
install ./include/openssl/ecdh.h -> /home/fortyfunbobby/hackthebox/scripts/reverse-tools/retdec/retdec-master/build/deps/openssl/openssl/src/openssl-install/include/openssl/ecdh.h
install ./include/openssl/ecdsa.h -> /home/fortyfunbobby/hackthebox/scripts/reverse-tools/retdec/retdec-master/build/deps/openssl/openssl/src/openssl-install/include/openssl/ecdsa.h
install ./include/openssl/engine.h -> /home/fortyfunbobby/hackthebox/scripts/reverse-tools/retdec/retdec-master/build/deps/openssl/openssl/src/openssl-install/include/openssl/engine.h
install ./include/openssl/err.h -> /home/fortyfunbobby/hackthebox/scripts/reverse-tools/retdec/retdec-master/build/deps/openssl/openssl/src/openssl-install/include/openssl/err.h
install ./include/openssl/evp.h -> /home/fortyfunbobby/hackthebox/scripts/reverse-tools/retdec/retdec-master/build/deps/openssl/openssl/src/openssl-install/include/openssl/evp.h
install ./include/openssl/hmac.h -> /home/fortyfunbobby/hackthebox/scripts/reverse-tools/retdec/retdec-master/build/deps/openssl/openssl/src/openssl-install/include/openssl/hmac.h
install ./include/openssl/idea.h -> /home/fortyfunbobby/hackthebox/scripts/reverse-tools/retdec/retdec-master/build/deps/openssl/openssl/src/openssl-install/include/openssl/idea.h
install ./include/openssl/kdf.h -> /home/fortyfunbobby/hackthebox/scripts/reverse-tools/retdec/retdec-master/build/deps/openssl/openssl/src/openssl-install/include/openssl/kdf.h
install ./include/openssl/lhash.h -> /home/fortyfunbobby/hackthebox/scripts/reverse-tools/retdec/retdec-master/build/deps/openssl/openssl/src/openssl-install/include/openssl/lhash.h
install ./include/openssl/md2.h -> /home/fortyfunbobby/hackthebox/scripts/reverse-tools/retdec/retdec-master/build/deps/openssl/openssl/src/openssl-install/include/openssl/md2.h
install ./include/openssl/md4.h -> /home/fortyfunbobby/hackthebox/scripts/reverse-tools/retdec/retdec-master/build/deps/openssl/openssl/src/openssl-install/include/openssl/md4.h
install ./include/openssl/md5.h -> /home/fortyfunbobby/hackthebox/scripts/reverse-tools/retdec/retdec-master/build/deps/openssl/openssl/src/openssl-install/include/openssl/md5.h
install ./include/openssl/mdc2.h -> /home/fortyfunbobby/hackthebox/scripts/reverse-tools/retdec/retdec-master/build/deps/openssl/openssl/src/openssl-install/include/openssl/mdc2.h
install ./include/openssl/modes.h -> /home/fortyfunbobby/hackthebox/scripts/reverse-tools/retdec/retdec-master/build/deps/openssl/openssl/src/openssl-install/include/openssl/modes.h
install ./include/openssl/obj_mac.h -> /home/fortyfunbobby/hackthebox/scripts/reverse-tools/retdec/retdec-master/build/deps/openssl/openssl/src/openssl-install/include/openssl/obj_mac.h
install ./include/openssl/objects.h -> /home/fortyfunbobby/hackthebox/scripts/reverse-tools/retdec/retdec-master/build/deps/openssl/openssl/src/openssl-install/include/openssl/objects.h
install ./include/openssl/ocsp.h -> /home/fortyfunbobby/hackthebox/scripts/reverse-tools/retdec/retdec-master/build/deps/openssl/openssl/src/openssl-install/include/openssl/ocsp.h
install ./include/openssl/opensslconf.h -> /home/fortyfunbobby/hackthebox/scripts/reverse-tools/retdec/retdec-master/build/deps/openssl/openssl/src/openssl-install/include/openssl/opensslconf.h
install ./include/openssl/opensslv.h -> /home/fortyfunbobby/hackthebox/scripts/reverse-tools/retdec/retdec-master/build/deps/openssl/openssl/src/openssl-install/include/openssl/opensslv.h
install ./include/openssl/ossl_typ.h -> /home/fortyfunbobby/hackthebox/scripts/reverse-tools/retdec/retdec-master/build/deps/openssl/openssl/src/openssl-install/include/openssl/ossl_typ.h
install ./include/openssl/pem.h -> /home/fortyfunbobby/hackthebox/scripts/reverse-tools/retdec/retdec-master/build/deps/openssl/openssl/src/openssl-install/include/openssl/pem.h
install ./include/openssl/pem2.h -> /home/fortyfunbobby/hackthebox/scripts/reverse-tools/retdec/retdec-master/build/deps/openssl/openssl/src/openssl-install/include/openssl/pem2.h
install ./include/openssl/pkcs12.h -> /home/fortyfunbobby/hackthebox/scripts/reverse-tools/retdec/retdec-master/build/deps/openssl/openssl/src/openssl-install/include/openssl/pkcs12.h
install ./include/openssl/pkcs7.h -> /home/fortyfunbobby/hackthebox/scripts/reverse-tools/retdec/retdec-master/build/deps/openssl/openssl/src/openssl-install/include/openssl/pkcs7.h
install ./include/openssl/rand.h -> /home/fortyfunbobby/hackthebox/scripts/reverse-tools/retdec/retdec-master/build/deps/openssl/openssl/src/openssl-install/include/openssl/rand.h
install ./include/openssl/rc2.h -> /home/fortyfunbobby/hackthebox/scripts/reverse-tools/retdec/retdec-master/build/deps/openssl/openssl/src/openssl-install/include/openssl/rc2.h
install ./include/openssl/rc4.h -> /home/fortyfunbobby/hackthebox/scripts/reverse-tools/retdec/retdec-master/build/deps/openssl/openssl/src/openssl-install/include/openssl/rc4.h
install ./include/openssl/rc5.h -> /home/fortyfunbobby/hackthebox/scripts/reverse-tools/retdec/retdec-master/build/deps/openssl/openssl/src/openssl-install/include/openssl/rc5.h
install ./include/openssl/ripemd.h -> /home/fortyfunbobby/hackthebox/scripts/reverse-tools/retdec/retdec-master/build/deps/openssl/openssl/src/openssl-install/include/openssl/ripemd.h
install ./include/openssl/rsa.h -> /home/fortyfunbobby/hackthebox/scripts/reverse-tools/retdec/retdec-master/build/deps/openssl/openssl/src/openssl-install/include/openssl/rsa.h
install ./include/openssl/safestack.h -> /home/fortyfunbobby/hackthebox/scripts/reverse-tools/retdec/retdec-master/build/deps/openssl/openssl/src/openssl-install/include/openssl/safestack.h
install ./include/openssl/seed.h -> /home/fortyfunbobby/hackthebox/scripts/reverse-tools/retdec/retdec-master/build/deps/openssl/openssl/src/openssl-install/include/openssl/seed.h
install ./include/openssl/sha.h -> /home/fortyfunbobby/hackthebox/scripts/reverse-tools/retdec/retdec-master/build/deps/openssl/openssl/src/openssl-install/include/openssl/sha.h
install ./include/openssl/srp.h -> /home/fortyfunbobby/hackthebox/scripts/reverse-tools/retdec/retdec-master/build/deps/openssl/openssl/src/openssl-install/include/openssl/srp.h
install ./include/openssl/srtp.h -> /home/fortyfunbobby/hackthebox/scripts/reverse-tools/retdec/retdec-master/build/deps/openssl/openssl/src/openssl-install/include/openssl/srtp.h
install ./include/openssl/ssl.h -> /home/fortyfunbobby/hackthebox/scripts/reverse-tools/retdec/retdec-master/build/deps/openssl/openssl/src/openssl-install/include/openssl/ssl.h
install ./include/openssl/ssl2.h -> /home/fortyfunbobby/hackthebox/scripts/reverse-tools/retdec/retdec-master/build/deps/openssl/openssl/src/openssl-install/include/openssl/ssl2.h
install ./include/openssl/ssl3.h -> /home/fortyfunbobby/hackthebox/scripts/reverse-tools/retdec/retdec-master/build/deps/openssl/openssl/src/openssl-install/include/openssl/ssl3.h
install ./include/openssl/stack.h -> /home/fortyfunbobby/hackthebox/scripts/reverse-tools/retdec/retdec-master/build/deps/openssl/openssl/src/openssl-install/include/openssl/stack.h
install ./include/openssl/symhacks.h -> /home/fortyfunbobby/hackthebox/scripts/reverse-tools/retdec/retdec-master/build/deps/openssl/openssl/src/openssl-install/include/openssl/symhacks.h
install ./include/openssl/tls1.h -> /home/fortyfunbobby/hackthebox/scripts/reverse-tools/retdec/retdec-master/build/deps/openssl/openssl/src/openssl-install/include/openssl/tls1.h
install ./include/openssl/ts.h -> /home/fortyfunbobby/hackthebox/scripts/reverse-tools/retdec/retdec-master/build/deps/openssl/openssl/src/openssl-install/include/openssl/ts.h
install ./include/openssl/txt_db.h -> /home/fortyfunbobby/hackthebox/scripts/reverse-tools/retdec/retdec-master/build/deps/openssl/openssl/src/openssl-install/include/openssl/txt_db.h
install ./include/openssl/ui.h -> /home/fortyfunbobby/hackthebox/scripts/reverse-tools/retdec/retdec-master/build/deps/openssl/openssl/src/openssl-install/include/openssl/ui.h
install ./include/openssl/whrlpool.h -> /home/fortyfunbobby/hackthebox/scripts/reverse-tools/retdec/retdec-master/build/deps/openssl/openssl/src/openssl-install/include/openssl/whrlpool.h
install ./include/openssl/x509.h -> /home/fortyfunbobby/hackthebox/scripts/reverse-tools/retdec/retdec-master/build/deps/openssl/openssl/src/openssl-install/include/openssl/x509.h
install ./include/openssl/x509_vfy.h -> /home/fortyfunbobby/hackthebox/scripts/reverse-tools/retdec/retdec-master/build/deps/openssl/openssl/src/openssl-install/include/openssl/x509_vfy.h
install ./include/openssl/x509v3.h -> /home/fortyfunbobby/hackthebox/scripts/reverse-tools/retdec/retdec-master/build/deps/openssl/openssl/src/openssl-install/include/openssl/x509v3.h
install ./include/openssl/aes.h -> /home/fortyfunbobby/hackthebox/scripts/reverse-tools/retdec/retdec-master/build/deps/openssl/openssl/src/openssl-install/include/openssl/aes.h
install ./include/openssl/asn1.h -> /home/fortyfunbobby/hackthebox/scripts/reverse-tools/retdec/retdec-master/build/deps/openssl/openssl/src/openssl-install/include/openssl/asn1.h
install ./include/openssl/asn1_mac.h -> /home/fortyfunbobby/hackthebox/scripts/reverse-tools/retdec/retdec-master/build/deps/openssl/openssl/src/openssl-install/include/openssl/asn1_mac.h
install ./include/openssl/asn1t.h -> /home/fortyfunbobby/hackthebox/scripts/reverse-tools/retdec/retdec-master/build/deps/openssl/openssl/src/openssl-install/include/openssl/asn1t.h
install ./include/openssl/async.h -> /home/fortyfunbobby/hackthebox/scripts/reverse-tools/retdec/retdec-master/build/deps/openssl/openssl/src/openssl-install/include/openssl/async.h
install ./include/openssl/bio.h -> /home/fortyfunbobby/hackthebox/scripts/reverse-tools/retdec/retdec-master/build/deps/openssl/openssl/src/openssl-install/include/openssl/bio.h
install ./include/openssl/blowfish.h -> /home/fortyfunbobby/hackthebox/scripts/reverse-tools/retdec/retdec-master/build/deps/openssl/openssl/src/openssl-install/include/openssl/blowfish.h
install ./include/openssl/bn.h -> /home/fortyfunbobby/hackthebox/scripts/reverse-tools/retdec/retdec-master/build/deps/openssl/openssl/src/openssl-install/include/openssl/bn.h
install ./include/openssl/buffer.h -> /home/fortyfunbobby/hackthebox/scripts/reverse-tools/retdec/retdec-master/build/deps/openssl/openssl/src/openssl-install/include/openssl/buffer.h
install ./include/openssl/camellia.h -> /home/fortyfunbobby/hackthebox/scripts/reverse-tools/retdec/retdec-master/build/deps/openssl/openssl/src/openssl-install/include/openssl/camellia.h
install ./include/openssl/cast.h -> /home/fortyfunbobby/hackthebox/scripts/reverse-tools/retdec/retdec-master/build/deps/openssl/openssl/src/openssl-install/include/openssl/cast.h
install ./include/openssl/cmac.h -> /home/fortyfunbobby/hackthebox/scripts/reverse-tools/retdec/retdec-master/build/deps/openssl/openssl/src/openssl-install/include/openssl/cmac.h
install ./include/openssl/cms.h -> /home/fortyfunbobby/hackthebox/scripts/reverse-tools/retdec/retdec-master/build/deps/openssl/openssl/src/openssl-install/include/openssl/cms.h
install ./include/openssl/comp.h -> /home/fortyfunbobby/hackthebox/scripts/reverse-tools/retdec/retdec-master/build/deps/openssl/openssl/src/openssl-install/include/openssl/comp.h
install ./include/openssl/conf.h -> /home/fortyfunbobby/hackthebox/scripts/reverse-tools/retdec/retdec-master/build/deps/openssl/openssl/src/openssl-install/include/openssl/conf.h
install ./include/openssl/conf_api.h -> /home/fortyfunbobby/hackthebox/scripts/reverse-tools/retdec/retdec-master/build/deps/openssl/openssl/src/openssl-install/include/openssl/conf_api.h
install ./include/openssl/crypto.h -> /home/fortyfunbobby/hackthebox/scripts/reverse-tools/retdec/retdec-master/build/deps/openssl/openssl/src/openssl-install/include/openssl/crypto.h
install ./include/openssl/ct.h -> /home/fortyfunbobby/hackthebox/scripts/reverse-tools/retdec/retdec-master/build/deps/openssl/openssl/src/openssl-install/include/openssl/ct.h
install ./include/openssl/des.h -> /home/fortyfunbobby/hackthebox/scripts/reverse-tools/retdec/retdec-master/build/deps/openssl/openssl/src/openssl-install/include/openssl/des.h
install ./include/openssl/dh.h -> /home/fortyfunbobby/hackthebox/scripts/reverse-tools/retdec/retdec-master/build/deps/openssl/openssl/src/openssl-install/include/openssl/dh.h
install ./include/openssl/dsa.h -> /home/fortyfunbobby/hackthebox/scripts/reverse-tools/retdec/retdec-master/build/deps/openssl/openssl/src/openssl-install/include/openssl/dsa.h
install ./include/openssl/dtls1.h -> /home/fortyfunbobby/hackthebox/scripts/reverse-tools/retdec/retdec-master/build/deps/openssl/openssl/src/openssl-install/include/openssl/dtls1.h
install ./include/openssl/e_os2.h -> /home/fortyfunbobby/hackthebox/scripts/reverse-tools/retdec/retdec-master/build/deps/openssl/openssl/src/openssl-install/include/openssl/e_os2.h
install ./include/openssl/ebcdic.h -> /home/fortyfunbobby/hackthebox/scripts/reverse-tools/retdec/retdec-master/build/deps/openssl/openssl/src/openssl-install/include/openssl/ebcdic.h
install ./include/openssl/ec.h -> /home/fortyfunbobby/hackthebox/scripts/reverse-tools/retdec/retdec-master/build/deps/openssl/openssl/src/openssl-install/include/openssl/ec.h
install ./include/openssl/ecdh.h -> /home/fortyfunbobby/hackthebox/scripts/reverse-tools/retdec/retdec-master/build/deps/openssl/openssl/src/openssl-install/include/openssl/ecdh.h
install ./include/openssl/ecdsa.h -> /home/fortyfunbobby/hackthebox/scripts/reverse-tools/retdec/retdec-master/build/deps/openssl/openssl/src/openssl-install/include/openssl/ecdsa.h
install ./include/openssl/engine.h -> /home/fortyfunbobby/hackthebox/scripts/reverse-tools/retdec/retdec-master/build/deps/openssl/openssl/src/openssl-install/include/openssl/engine.h
install ./include/openssl/err.h -> /home/fortyfunbobby/hackthebox/scripts/reverse-tools/retdec/retdec-master/build/deps/openssl/openssl/src/openssl-install/include/openssl/err.h
install ./include/openssl/evp.h -> /home/fortyfunbobby/hackthebox/scripts/reverse-tools/retdec/retdec-master/build/deps/openssl/openssl/src/openssl-install/include/openssl/evp.h
install ./include/openssl/hmac.h -> /home/fortyfunbobby/hackthebox/scripts/reverse-tools/retdec/retdec-master/build/deps/openssl/openssl/src/openssl-install/include/openssl/hmac.h
install ./include/openssl/idea.h -> /home/fortyfunbobby/hackthebox/scripts/reverse-tools/retdec/retdec-master/build/deps/openssl/openssl/src/openssl-install/include/openssl/idea.h
install ./include/openssl/kdf.h -> /home/fortyfunbobby/hackthebox/scripts/reverse-tools/retdec/retdec-master/build/deps/openssl/openssl/src/openssl-install/include/openssl/kdf.h
install ./include/openssl/lhash.h -> /home/fortyfunbobby/hackthebox/scripts/reverse-tools/retdec/retdec-master/build/deps/openssl/openssl/src/openssl-install/include/openssl/lhash.h
install ./include/openssl/md2.h -> /home/fortyfunbobby/hackthebox/scripts/reverse-tools/retdec/retdec-master/build/deps/openssl/openssl/src/openssl-install/include/openssl/md2.h
install ./include/openssl/md4.h -> /home/fortyfunbobby/hackthebox/scripts/reverse-tools/retdec/retdec-master/build/deps/openssl/openssl/src/openssl-install/include/openssl/md4.h
install ./include/openssl/md5.h -> /home/fortyfunbobby/hackthebox/scripts/reverse-tools/retdec/retdec-master/build/deps/openssl/openssl/src/openssl-install/include/openssl/md5.h
install ./include/openssl/mdc2.h -> /home/fortyfunbobby/hackthebox/scripts/reverse-tools/retdec/retdec-master/build/deps/openssl/openssl/src/openssl-install/include/openssl/mdc2.h
install ./include/openssl/modes.h -> /home/fortyfunbobby/hackthebox/scripts/reverse-tools/retdec/retdec-master/build/deps/openssl/openssl/src/openssl-install/include/openssl/modes.h
install ./include/openssl/obj_mac.h -> /home/fortyfunbobby/hackthebox/scripts/reverse-tools/retdec/retdec-master/build/deps/openssl/openssl/src/openssl-install/include/openssl/obj_mac.h
install ./include/openssl/objects.h -> /home/fortyfunbobby/hackthebox/scripts/reverse-tools/retdec/retdec-master/build/deps/openssl/openssl/src/openssl-install/include/openssl/objects.h
install ./include/openssl/ocsp.h -> /home/fortyfunbobby/hackthebox/scripts/reverse-tools/retdec/retdec-master/build/deps/openssl/openssl/src/openssl-install/include/openssl/ocsp.h
install ./include/openssl/opensslconf.h -> /home/fortyfunbobby/hackthebox/scripts/reverse-tools/retdec/retdec-master/build/deps/openssl/openssl/src/openssl-install/include/openssl/opensslconf.h
install ./include/openssl/opensslv.h -> /home/fortyfunbobby/hackthebox/scripts/reverse-tools/retdec/retdec-master/build/deps/openssl/openssl/src/openssl-install/include/openssl/opensslv.h
install ./include/openssl/ossl_typ.h -> /home/fortyfunbobby/hackthebox/scripts/reverse-tools/retdec/retdec-master/build/deps/openssl/openssl/src/openssl-install/include/openssl/ossl_typ.h
install ./include/openssl/pem.h -> /home/fortyfunbobby/hackthebox/scripts/reverse-tools/retdec/retdec-master/build/deps/openssl/openssl/src/openssl-install/include/openssl/pem.h
install ./include/openssl/pem2.h -> /home/fortyfunbobby/hackthebox/scripts/reverse-tools/retdec/retdec-master/build/deps/openssl/openssl/src/openssl-install/include/openssl/pem2.h
install ./include/openssl/pkcs12.h -> /home/fortyfunbobby/hackthebox/scripts/reverse-tools/retdec/retdec-master/build/deps/openssl/openssl/src/openssl-install/include/openssl/pkcs12.h
install ./include/openssl/pkcs7.h -> /home/fortyfunbobby/hackthebox/scripts/reverse-tools/retdec/retdec-master/build/deps/openssl/openssl/src/openssl-install/include/openssl/pkcs7.h
install ./include/openssl/rand.h -> /home/fortyfunbobby/hackthebox/scripts/reverse-tools/retdec/retdec-master/build/deps/openssl/openssl/src/openssl-install/include/openssl/rand.h
install ./include/openssl/rc2.h -> /home/fortyfunbobby/hackthebox/scripts/reverse-tools/retdec/retdec-master/build/deps/openssl/openssl/src/openssl-install/include/openssl/rc2.h
install ./include/openssl/rc4.h -> /home/fortyfunbobby/hackthebox/scripts/reverse-tools/retdec/retdec-master/build/deps/openssl/openssl/src/openssl-install/include/openssl/rc4.h
install ./include/openssl/rc5.h -> /home/fortyfunbobby/hackthebox/scripts/reverse-tools/retdec/retdec-master/build/deps/openssl/openssl/src/openssl-install/include/openssl/rc5.h
install ./include/openssl/ripemd.h -> /home/fortyfunbobby/hackthebox/scripts/reverse-tools/retdec/retdec-master/build/deps/openssl/openssl/src/openssl-install/include/openssl/ripemd.h
install ./include/openssl/rsa.h -> /home/fortyfunbobby/hackthebox/scripts/reverse-tools/retdec/retdec-master/build/deps/openssl/openssl/src/openssl-install/include/openssl/rsa.h
install ./include/openssl/safestack.h -> /home/fortyfunbobby/hackthebox/scripts/reverse-tools/retdec/retdec-master/build/deps/openssl/openssl/src/openssl-install/include/openssl/safestack.h
install ./include/openssl/seed.h -> /home/fortyfunbobby/hackthebox/scripts/reverse-tools/retdec/retdec-master/build/deps/openssl/openssl/src/openssl-install/include/openssl/seed.h
install ./include/openssl/sha.h -> /home/fortyfunbobby/hackthebox/scripts/reverse-tools/retdec/retdec-master/build/deps/openssl/openssl/src/openssl-install/include/openssl/sha.h
install ./include/openssl/srp.h -> /home/fortyfunbobby/hackthebox/scripts/reverse-tools/retdec/retdec-master/build/deps/openssl/openssl/src/openssl-install/include/openssl/srp.h
install ./include/openssl/srtp.h -> /home/fortyfunbobby/hackthebox/scripts/reverse-tools/retdec/retdec-master/build/deps/openssl/openssl/src/openssl-install/include/openssl/srtp.h
install ./include/openssl/ssl.h -> /home/fortyfunbobby/hackthebox/scripts/reverse-tools/retdec/retdec-master/build/deps/openssl/openssl/src/openssl-install/include/openssl/ssl.h
install ./include/openssl/ssl2.h -> /home/fortyfunbobby/hackthebox/scripts/reverse-tools/retdec/retdec-master/build/deps/openssl/openssl/src/openssl-install/include/openssl/ssl2.h
install ./include/openssl/ssl3.h -> /home/fortyfunbobby/hackthebox/scripts/reverse-tools/retdec/retdec-master/build/deps/openssl/openssl/src/openssl-install/include/openssl/ssl3.h
install ./include/openssl/stack.h -> /home/fortyfunbobby/hackthebox/scripts/reverse-tools/retdec/retdec-master/build/deps/openssl/openssl/src/openssl-install/include/openssl/stack.h
install ./include/openssl/symhacks.h -> /home/fortyfunbobby/hackthebox/scripts/reverse-tools/retdec/retdec-master/build/deps/openssl/openssl/src/openssl-install/include/openssl/symhacks.h
install ./include/openssl/tls1.h -> /home/fortyfunbobby/hackthebox/scripts/reverse-tools/retdec/retdec-master/build/deps/openssl/openssl/src/openssl-install/include/openssl/tls1.h
install ./include/openssl/ts.h -> /home/fortyfunbobby/hackthebox/scripts/reverse-tools/retdec/retdec-master/build/deps/openssl/openssl/src/openssl-install/include/openssl/ts.h
install ./include/openssl/txt_db.h -> /home/fortyfunbobby/hackthebox/scripts/reverse-tools/retdec/retdec-master/build/deps/openssl/openssl/src/openssl-install/include/openssl/txt_db.h
install ./include/openssl/ui.h -> /home/fortyfunbobby/hackthebox/scripts/reverse-tools/retdec/retdec-master/build/deps/openssl/openssl/src/openssl-install/include/openssl/ui.h
install ./include/openssl/whrlpool.h -> /home/fortyfunbobby/hackthebox/scripts/reverse-tools/retdec/retdec-master/build/deps/openssl/openssl/src/openssl-install/include/openssl/whrlpool.h
install ./include/openssl/x509.h -> /home/fortyfunbobby/hackthebox/scripts/reverse-tools/retdec/retdec-master/build/deps/openssl/openssl/src/openssl-install/include/openssl/x509.h
install ./include/openssl/x509_vfy.h -> /home/fortyfunbobby/hackthebox/scripts/reverse-tools/retdec/retdec-master/build/deps/openssl/openssl/src/openssl-install/include/openssl/x509_vfy.h
install ./include/openssl/x509v3.h -> /home/fortyfunbobby/hackthebox/scripts/reverse-tools/retdec/retdec-master/build/deps/openssl/openssl/src/openssl-install/include/openssl/x509v3.h
created directory `/home/fortyfunbobby/hackthebox/scripts/reverse-tools/retdec/retdec-master/build/deps/openssl/openssl/src/openssl-install/lib'
install libcrypto.a -> /home/fortyfunbobby/hackthebox/scripts/reverse-tools/retdec/retdec-master/build/deps/openssl/openssl/src/openssl-install/lib/libcrypto.a
install libssl.a -> /home/fortyfunbobby/hackthebox/scripts/reverse-tools/retdec/retdec-master/build/deps/openssl/openssl/src/openssl-install/lib/libssl.a
created directory `/home/fortyfunbobby/hackthebox/scripts/reverse-tools/retdec/retdec-master/build/deps/openssl/openssl/src/openssl-install/lib/pkgconfig'
install libcrypto.pc -> /home/fortyfunbobby/hackthebox/scripts/reverse-tools/retdec/retdec-master/build/deps/openssl/openssl/src/openssl-install/lib/pkgconfig/libcrypto.pc
install libssl.pc -> /home/fortyfunbobby/hackthebox/scripts/reverse-tools/retdec/retdec-master/build/deps/openssl/openssl/src/openssl-install/lib/pkgconfig/libssl.pc
install openssl.pc -> /home/fortyfunbobby/hackthebox/scripts/reverse-tools/retdec/retdec-master/build/deps/openssl/openssl/src/openssl-install/lib/pkgconfig/openssl.pc
created directory `/home/fortyfunbobby/hackthebox/scripts/reverse-tools/retdec/retdec-master/build/deps/openssl/openssl/src/openssl-install/lib/engines-1.1'
*** Installing engines
created directory `/home/fortyfunbobby/hackthebox/scripts/reverse-tools/retdec/retdec-master/build/deps/openssl/openssl/src/openssl-install/bin'
*** Installing runtime files
install apps/openssl -> /home/fortyfunbobby/hackthebox/scripts/reverse-tools/retdec/retdec-master/build/deps/openssl/openssl/src/openssl-install/bin/openssl
install ./tools/c_rehash -> /home/fortyfunbobby/hackthebox/scripts/reverse-tools/retdec/retdec-master/build/deps/openssl/openssl/src/openssl-install/bin/c_rehash
