{"profile":{"username":"test","email":"test@test.com","password_hash":"a94a8fe5ccb19ba61c4c0873d391e987982fbbd3","user_id":"235861"}}\n
{"profile":{"username":"Linwood_Cole","email":"Linwood.Cole@gmail.com","password_hash":"4d8f35e9ae9055a743132bc726720c4e8e1d0b1c","user_id":"235862"}}\n
{"profile":{"username":"Arjun_Leuschke","email":"Arjun.Leuschke@hotmail.com","password_hash":"5be93480bd8b743454a93dca084849202af43af5","user_id":"235863"}}\n
{"profile":{"username":"Graham_Mraz","email":"Graham.Mraz@yahoo.com","password_hash":"49ecbacbf026daeaf0e18c0440bcbc7f31f78751","user_id":"235864"}}\n
{"profile":{"username":"Celia_Veum","email":"Celia.Veum@hotmail.com","password_hash":"37076cd01856e9ef11a7dbc33dd68971763e13ea","user_id":"235865"}}\n
{"profile":{"username":"Dock_Conn","email":"Dock.Conn@hotmail.com","password_hash":"e8e2ad8be400d9bede41847e8b6514a7f63d3897","user_id":"235866"}}\n
{"profile":{"username":"Rick_Veum","email":"Rick.Veum@yahoo.com","password_hash":"79ab9cef7e7a4ad88b4a33ef902de5c4a74f76ab","user_id":"235867"}}\n
{"profile":{"username":"Aliza_Kihn","email":"Aliza.Kihn@yahoo.com","password_hash":"69c1d0aa4fd75fa19ccb027d2788f48580db008e","user_id":"235868"}}\n
{"profile":{"username":"Julie_Huels","email":"Julie.Huels@hotmail.com","password_hash":"26f580ae0efc69079ed9a6beea0e30288ad90119","user_id":"235869"}}\n
{"profile":{"username":"Damaris_Smitham","email":"Damaris.Smitham@hotmail.com","password_hash":"82d6bfae7359c55d641b18a210d819369c549929","user_id":"235870"}}\n
{"profile":{"username":"Krystal_Goyette","email":"Krystal.Goyette@hotmail.com","password_hash":"a2c901c8c6dea98958c219f6f2d038c44dc5d362","user_id":"235871"}}\n
{"profile":{"username":"Karolann_Sawayn","email":"Karolann.Sawayn@gmail.com","password_hash":"6356ea3fe212f47940127bb7072f05cd5a09e0e8","user_id":"235872"}}\n
{"profile":{"username":"Charity_Kihn","email":"Charity.Kihn@gmail.com","password_hash":"cdf149a9a09dc70a351532a7d9b10c24839b02af","user_id":"235873"}}\n
{"profile":{"username":"Shanelle_Greenholt","email":"Shanelle.Greenholt@hotmail.com","password_hash":"b40981aab75932c5b2f555f50769d878e44913d7","user_id":"235874"}}\n
{"profile":{"username":"Marcelle_Armstrong","email":"Marcelle.Armstrong@hotmail.com","password_hash":"34d2c8a7260b82965f3a50ed61d623f1cdb3e21f","user_id":"235875"}}\n
{"profile":{"username":"Frederick_Crist","email":"Frederick.Crist@hotmail.com","password_hash":"2f2bb917a7b0317ed404511afa79514a2133dfd8","user_id":"235876"}}\n
{"profile":{"username":"Margot_Lueilwitz","email":"Margot.Lueilwitz@hotmail.com","password_hash":"ec65a740f5a00cafe7c7fb6de725fe369c87f0de","user_id":"235877"}}\n
{"profile":{"username":"Spencer_Senger","email":"Spencer.Senger@hotmail.com","password_hash":"fe046a408689d07066d57ef958ad90d8c32f7013","user_id":"235878"}}\n
{"profile":{"username":"Reba_Wehner","email":"Reba.Wehner@gmail.com","password_hash":"1085e38e1d0bc7086b0e97e3cafe7d62b83812a8","user_id":"235879"}}\n
{"profile":{"username":"Santina_Feest","email":"Santina.Feest@hotmail.com","password_hash":"36a7ac9bd13edc65df386d0a809abc6268b30a1a","user_id":"235880"}}\n
{"profile":{"username":"Kole_Hoppe","email":"Kole.Hoppe@gmail.com","password_hash":"0803df4ff1650933d2ffe6be04d4b21432134252","user_id":"235881"}}\n
{"profile":{"username":"Raul_Kessler","email":"Raul.Kessler@yahoo.com","password_hash":"4dcc4173d80a2817206e196a38f0dbf7850188ff","user_id":"235882"}}\n
{"profile":{"username":"Theron_Hand","email":"Theron.Hand@hotmail.com","password_hash":"c4bfeb721012d1b5338b2aa107c52277a7af45c6","user_id":"235883"}}\n
{"profile":{"username":"Marcellus_Johnston","email":"Marcellus.Johnston@hotmail.com","password_hash":"15d834b328bb637eeef49b6624774bded566b659","user_id":"235884"}}\n
{"profile":{"username":"Cecelia_Baumbach","email":"Cecelia.Baumbach@hotmail.com","password_hash":"e0afb8c8d2af82c9207745b539a46c0b62b8c132","user_id":"235885"}}\n
{"profile":{"username":"Brennan_Koepp","email":"Brennan.Koepp@gmail.com","password_hash":"723156650c5778d0e4df4b2fbfeefa65359302e5","user_id":"235886"}}\n
{"profile":{"username":"Frankie_Jast","email":"Frankie.Jast@gmail.com","password_hash":"512423cb3a4857a38f472862b51e4ab1a1730f06","user_id":"235887"}}\n
{"profile":{"username":"Eloisa_Crona","email":"Eloisa.Crona@hotmail.com","password_hash":"f7872ba682888416d526677291111e0e638111f1","user_id":"235888"}}\n
{"profile":{"username":"Philip_Crooks","email":"Philip.Crooks@yahoo.com","password_hash":"5cb1e6240fb46e67aac7c760c4f5a0319bdb7fd4","user_id":"235889"}}\n
{"profile":{"username":"Mozell_Sanford","email":"Mozell.Sanford@yahoo.com","password_hash":"763c189e10691f662242b56d50fd55acd2f46ebd","user_id":"235890"}}\n
{"profile":{"username":"Leta_Kirlin","email":"Leta.Kirlin@yahoo.com","password_hash":"528cef87d0bfb947548ab94679d1e5765f19089a","user_id":"235891"}}\n
{"profile":{"username":"Lue_Kilback","email":"Lue.Kilback@gmail.com","password_hash":"6eebccbce1ba6f2b775f088bad25d3602e062b28","user_id":"235892"}}\n
{"profile":{"username":"Ibrahim_Mraz","email":"Ibrahim.Mraz@hotmail.com","password_hash":"b03b74363bbb6ee42ce248c7a5344e92ffe76cc7","user_id":"235893"}}\n
{"profile":{"username":"Dora_Torp","email":"Dora.Torp@yahoo.com","password_hash":"8915cc192980a70f21a24956e686a9508cf6d1e1","user_id":"235894"}}\n
{"profile":{"username":"Vida_Jakubowski","email":"Vida.Jakubowski@hotmail.com","password_hash":"5d66b94b41fa13f2a624706e9078b4077a64ad32","user_id":"235895"}}\n
{"profile":{"username":"Erika_Herman","email":"Erika.Herman@hotmail.com","password_hash":"1f6ccd2be75f1cc94a22a773eea8f8aeb5c68217","user_id":"235896"}}\n
{"profile":{"username":"Reuben_Reinger","email":"Reuben.Reinger@yahoo.com","password_hash":"ef8420d70dd7676e04bea55f405fa39b022a90c8","user_id":"235897"}}\n
{"profile":{"username":"Milan_Russel","email":"Milan.Russel@yahoo.com","password_hash":"5235e08c4322b2bd8863284c43eb13121bb316fb","user_id":"235898"}}\n
{"profile":{"username":"Damaris_Morissette","email":"Damaris.Morissette@hotmail.com","password_hash":"f8bd696759805b9098f9e13be67d2b248c7619d0","user_id":"235899"}}\n
{"profile":{"username":"Theresa_Denesik","email":"Theresa.Denesik@hotmail.com","password_hash":"5f35ab39bc01807a0520e703710bd79e7ab1153b","user_id":"235900"}}\n
{"profile":{"username":"Norwood_Green","email":"Norwood.Green@yahoo.com","password_hash":"ac5f84077ce93b6b0ffa1afff56b9d9a31355071","user_id":"235901"}}\n
{"profile":{"username":"Cathryn_Dickens","email":"Cathryn.Dickens@hotmail.com","password_hash":"fdda0c46f953c1a45bdc520849be1e4edf4e228c","user_id":"235902"}}\n
{"profile":{"username":"Aaron_Kub","email":"Aaron.Kub@hotmail.com","password_hash":"8a2da05455775e8987cbfac5a0ca54f3f728e274","user_id":"235903"}}\n
{"profile":{"username":"Emerald_Batz","email":"Emerald.Batz@yahoo.com","password_hash":"8d32267b6b4884cf35adeaccde2b6857ae11aace","user_id":"235904"}}\n
{"profile":{"username":"Orion_Borer","email":"Orion.Borer@gmail.com","password_hash":"fdf3115b607a6c6c6be0e476dbc3eff195b287d0","user_id":"235905"}}\n
{"profile":{"username":"Dina_Runte","email":"Dina.Runte@gmail.com","password_hash":"bda04628ea94f26cac0793eac103258eb515c505","user_id":"235906"}}\n
{"profile":{"username":"Fausto_Yost","email":"Fausto.Yost@yahoo.com","password_hash":"c31405b16fbb48adb41b8f6505e788fcb13ebd91","user_id":"235907"}}\n
{"profile":{"username":"Avis_Beer","email":"Avis.Beer@gmail.com","password_hash":"8e790609bbfd2dea313571ff1389a08ce2930c33","user_id":"235908"}}\n
{"profile":{"username":"Percival_Koepp","email":"Percival.Koepp@hotmail.com","password_hash":"6a577a7743f405ea6a07e7222fdf7832a4c8e0e2","user_id":"235909"}}\n
{"profile":{"username":"Brennon_Renner","email":"Brennon.Renner@hotmail.com","password_hash":"5f75fbcccdb0071a07ea6c8008c858fe0e3e64cc","user_id":"235910"}}\n
{"profile":{"username":"Jamey_Murray","email":"Jamey.Murray@yahoo.com","password_hash":"1fa2ef4755a9226cb9a0a4840bd89b158ac71391","user_id":"235911"}}\n
{"profile":{"username":"Wilhelmine_Beier","email":"Wilhelmine.Beier@hotmail.com","password_hash":"884950a05fe822dddee8030304783e21cdc2b246","user_id":"235912"}}\n
{"profile":{"username":"Johnathon_Schulist","email":"Johnathon.Schulist@hotmail.com","password_hash":"091e17a9b3e16e0ce475fc93693b3549fb1cc7e8","user_id":"235913"}}\n
{"profile":{"username":"Alba_Murphy","email":"Alba.Murphy@hotmail.com","password_hash":"ce0b1612aa711b78a720295d271a33894e2b72bf","user_id":"235914"}}\n
{"profile":{"username":"Wyatt_Lebsack","email":"Wyatt.Lebsack@gmail.com","password_hash":"c1ab1b730f1daa438e3565f920048e35f2d3487e","user_id":"235915"}}\n
{"profile":{"username":"Brandt_Okuneva","email":"Brandt.Okuneva@hotmail.com","password_hash":"f1b699cc9af3eeb98e5de244ca7802ae38e77bae","user_id":"235916"}}\n
{"profile":{"username":"Magnolia_Zboncak","email":"Magnolia.Zboncak@gmail.com","password_hash":"b79096d69146cbd2a606090407cb7b0080adb890","user_id":"235917"}}\n
{"profile":{"username":"Vergie_Powlowski","email":"Vergie.Powlowski@yahoo.com","password_hash":"0a3c157920563b7680ef6f6d2f7736d3e5a75212","user_id":"235918"}}\n
{"profile":{"username":"Monserrate_Medhurst","email":"Monserrate.Medhurst@yahoo.com","password_hash":"3c4a80dbdfac57d174d1cab8d11d03ad91888820","user_id":"235919"}}\n
{"profile":{"username":"Kaleigh_Kessler","email":"Kaleigh.Kessler@gmail.com","password_hash":"f07b2ef2f4a60ee37d5632eb46e490c99628e079","user_id":"235920"}}\n
{"profile":{"username":"Erick_Zemlak","email":"Erick.Zemlak@yahoo.com","password_hash":"ec3e661d7bc7bfbf5334e7dfad309f947dace5f7","user_id":"235921"}}\n
{"profile":{"username":"Howard_Gerhold","email":"Howard.Gerhold@yahoo.com","password_hash":"8b8ab516a4dba80a95a009a214c0845920d47f2f","user_id":"235922"}}\n
{"profile":{"username":"Emil_Sporer","email":"Emil.Sporer@gmail.com","password_hash":"c072ac36d53889c4285dae214032ce9d619e7832","user_id":"235923"}}\n
{"profile":{"username":"Estrella_Bartoletti","email":"Estrella.Bartoletti@yahoo.com","password_hash":"8413b8592fa9f0f4497a6ff8dc1e80ecdf3c19b8","user_id":"235924"}}\n
{"profile":{"username":"Kianna_Aufderhar","email":"Kianna.Aufderhar@hotmail.com","password_hash":"3ef5df8707cd1cb61e41615308e91b3716795ad2","user_id":"235925"}}\n
{"profile":{"username":"Amani_Borer","email":"Amani.Borer@gmail.com","password_hash":"eab0f0d675765e4f0e8773762673a9d86f53028c","user_id":"235926"}}\n
{"profile":{"username":"Royal_Lowe","email":"Royal.Lowe@yahoo.com","password_hash":"0b32e65d12d56178b55881e6f610974e37a6bf1b","user_id":"235927"}}\n
{"profile":{"username":"Clarabelle_Wolff","email":"Clarabelle.Wolff@yahoo.com","password_hash":"9aafc2f7fead9729fe22f737e8cd6cb04cac0f6e","user_id":"235928"}}\n
{"profile":{"username":"Morton_Bartoletti","email":"Morton.Bartoletti@hotmail.com","password_hash":"512423cb3a4857a38f472862b51e4ab1a1730f06","user_id":"235929"}}\n
{"profile":{"username":"Arjun_Kuvalis","email":"Arjun.Kuvalis@hotmail.com","password_hash":"d7c50a080cb30eef6646744884a95ef9dd00d4ed","user_id":"235930"}}\n
{"profile":{"username":"Elfrieda_Legros","email":"Elfrieda.Legros@hotmail.com","password_hash":"2a736b8eb64cffa8fdabef28d099eec794213379","user_id":"235931"}}\n
{"profile":{"username":"Clair_Crist","email":"Clair.Crist@hotmail.com","password_hash":"1a026a099fc1d3ce1150673322df5036b5858257","user_id":"235932"}}\n
{"profile":{"username":"Heloise_Mills","email":"Heloise.Mills@yahoo.com","password_hash":"9d500263e1a3252bc63faaca4e2bd9b72da439c3","user_id":"235933"}}\n
{"profile":{"username":"Gunnar_Becker","email":"Gunnar.Becker@yahoo.com","password_hash":"ee3b9e9b9616decf55279f34aa71dc33333fb85f","user_id":"235934"}}\n
{"profile":{"username":"Barbara_Bashirian","email":"Barbara.Bashirian@hotmail.com","password_hash":"1aa25ead3880825480b6c0197552d90eb5d48d23","user_id":"235935"}}\n
{"profile":{"username":"Cathryn_Spencer","email":"Cathryn.Spencer@yahoo.com","password_hash":"625600233cb3bcab32268c17610882e0fdaed295","user_id":"235936"}}\n
{"profile":{"username":"Gregoria_Wuckert","email":"Gregoria.Wuckert@yahoo.com","password_hash":"7c6a61c68ef8b9b6b061b28c348bc1ed7921cb53","user_id":"235937"}}\n
{"profile":{"username":"Kayli_Hammes","email":"Kayli.Hammes@yahoo.com","password_hash":"4ce55c9740673e4801320503dc4ea76767154f42","user_id":"235938"}}\n
{"profile":{"username":"Renee_Greenholt","email":"Renee.Greenholt@gmail.com","password_hash":"b0c5516f28a7c36bd0233dfd6f3bab3c2a0c4010","user_id":"235939"}}\n
{"profile":{"username":"Olga_Sauer","email":"Olga.Sauer@yahoo.com","password_hash":"13145d1889f70ae1d295bc0e161ba8a74347f2d6","user_id":"235940"}}\n
{"profile":{"username":"Bell_Reynolds","email":"Bell.Reynolds@gmail.com","password_hash":"825e064b2c85b54b1e40c143e31f24c19bbac07b","user_id":"235941"}}\n
{"profile":{"username":"Ramona_Schowalter","email":"Ramona.Schowalter@hotmail.com","password_hash":"dc724af18fbdd4e59189f5fe768a5f8311527050","user_id":"235942"}}\n
{"profile":{"username":"Arnaldo_Collier","email":"Arnaldo.Collier@gmail.com","password_hash":"b892f067921d231448e8f0a591107de8b2ad3202","user_id":"235943"}}\n
{"profile":{"username":"Myah_Sipes","email":"Myah.Sipes@yahoo.com","password_hash":"5e70acbf3b135175635ff38fa1f6ee04107f05b8","user_id":"235944"}}\n
{"profile":{"username":"Buster_Heidenreich","email":"Buster.Heidenreich@yahoo.com","password_hash":"32562db2022abcc6384939403aa882abb9542d04","user_id":"235945"}}\n
{"profile":{"username":"Christiana_Gulgowski","email":"Christiana.Gulgowski@gmail.com","password_hash":"1f71e0f4ac9b47cd93bf269e4017abaab9d3bd63","user_id":"235946"}}\n
{"profile":{"username":"Beryl_Jacobson","email":"Beryl.Jacobson@hotmail.com","password_hash":"f5a64397b07f84b1d8814441b5cc2cca519c9a80","user_id":"235947"}}\n
{"profile":{"username":"Fidel_McDermott","email":"Fidel.McDermott@hotmail.com","password_hash":"5bdcd3c0d4d24ae3e71b3b452a024c6324c7e4bb","user_id":"235948"}}\n
{"profile":{"username":"Lenora_Carroll","email":"Lenora.Carroll@yahoo.com","password_hash":"2274a072c11631342bce3d41b2dfc076bd26f7b4","user_id":"235949"}}\n
{"profile":{"username":"Bennie_Grant","email":"Bennie.Grant@hotmail.com","password_hash":"f67a1883f3921718c3fe37a3d6cfd3518a73b47a","user_id":"235950"}}\n
{"profile":{"username":"Zella_Green","email":"Zella.Green@hotmail.com","password_hash":"3d48292e4d2714f11c2adf276b610971e068a519","user_id":"235951"}}\n
{"profile":{"username":"Tobin_Raynor","email":"Tobin.Raynor@hotmail.com","password_hash":"df9728c9e5104131c08c7adb03af425394842596","user_id":"235952"}}\n
{"profile":{"username":"Lupe_Funk","email":"Lupe.Funk@hotmail.com","password_hash":"a0847543cde93421d289f9ca3f9372a660844ced","user_id":"235953"}}\n
{"profile":{"username":"Conner_Nitzsche","email":"Conner.Nitzsche@hotmail.com","password_hash":"f8248e12727710c946f73d8f6e02eb93530dd9de","user_id":"235954"}}\n
{"profile":{"username":"Cordelia_Franecki","email":"Cordelia.Franecki@gmail.com","password_hash":"601f1889667efaebb33b8c12572835da3f027f78","user_id":"235955"}}\n
{"profile":{"username":"Everette_Weber","email":"Everette.Weber@hotmail.com","password_hash":"c4ed14e2020dd45edb57b5fba2f40dd93952505e","user_id":"235956"}}\n
{"profile":{"username":"Randy_Harber","email":"Randy.Harber@hotmail.com","password_hash":"b150a1aa0a630d6d247c93b8a56bee329f144e1b","user_id":"235957"}}\n
{"profile":{"username":"Loyal_Huels","email":"Loyal.Huels@yahoo.com","password_hash":"ef8420d70dd7676e04bea55f405fa39b022a90c8","user_id":"235958"}}\n
{"profile":{"username":"Brannon_Borer","email":"Brannon.Borer@hotmail.com","password_hash":"5a6db82c9164878dee3f54604a8b6aea1c7d51c4","user_id":"235959"}}\n
{"profile":{"username":"Marian_Hermann","email":"Marian.Hermann@yahoo.com","password_hash":"92ab818618fee438a1ea3944b5940237975f2b1d","user_id":"235960"}}\n
{"profile":{"username":"Daphney_Carter","email":"Daphney.Carter@gmail.com","password_hash":"3065af057f268ae7b46bc6d4609e56dd5c9a11ea","user_id":"235961"}}\n
{"profile":{"username":"Pie_Club","email":"PieClub@delicious.pie","password_hash":"0f4ef7cba35ade6bd6f34ed974f22de895f0e2cd","user_id":"235962"}}\n
{"profile":{"username":"s_morse","email":"TheSamster@electrictelegraphsuperstore.biz","password_hash":"0099069d526352ab79023de2daeda7a786414d65","user_id":"235963"}}\n
{"profile":{"username":"filo","email":"filo@example.com","password_hash":"0beec7b5ea3f0fdbc95d0dd47f3c5bc275da8a33","user_id":"235964"}}\n
