IHDR
IDATx
09jF
v,wU;wV:v
;+m;
|y(_
a-w]!
l=WT
R\)&
y).e
|.*K1--
21_<
r^g,
z3>{4
q8}v
Ct{=.
M^_+
_}`f
Z8wx
#kcGV/
ph,MF
l08l
Q0ZD
lnu]
n+n%vo
YMNzJ
z/Tt}
n(wrr
;J=h
mWJ
ThdK
orbV
+aOR
gB~,
rF1AbH4
TB1L
2*jn
+n&
gf+D
]k`9
.j\a-
BB-&5%"aY
SIjr4[H
\</G
%7RL
"y5SU
H&)b%
baG8
gAQh
@ENG
Ih1aW%}
`tic
6&Nm
x~}ets
{wsi
oLml
YZ85?}tv
vXDv
)@NN{
/a^+
yV[
Z-Xgh
-z[+
D^<3
n.{~"-MV
Tm0ON
Sk *
(dB9r
Bc1(s*
GQ*PQ<
Blng
Gal
5;}ze
:{by
<sza
0daN#
"V[T
!=si
h!zc
y<o<
qFAg
B;xh8
Dm=Y
9 70*
,waYJiX
rRFcPQ5W
B:/G
,OTD
J:Aq:
G|I@
b~!-
zeitme
+@"FEs
[jpq
1yq}
^_8K6?
;<wz
&msD
jP'1
@S8c 
e[31
nq\a
'd2DE
Ub r
8?a;!
|!&C
t*5l
b#[jC
J^"`
b*_L
%%YT
Z.^L
IEd@
@[Jp'C
S `r
iumb
pvindn
fqZLv
:?EQ
|W,J
n%}
\6t50
Oz~y
ffc0{
%:<Q
KrD.
(U(X
JLRRj.
o#)f
'1H9q
YFKS
S{n9s
vtvG
dajt
+sDE
E1uZ
c(4W
6vF,
hB%O
exQ,
.FB$E"g
-\3z
F9w@L
=bs&,
m<~:
0^<(
mW;v
UC,q
hWk`
XJ~{
XfYom
Vi(Z
TjdT
(dV`
4`P%I~&
bGsX
.<7M
DHH$
N'.$b
7QHb
TRI%
wEZ%
<e{]^
e:MT
$GlF
lmj2
.rsO
& K+E
XI#e
3EQ@
$ryb
:X(n/TI"
Z{Fn
_-uJjGV
Se`Y=
U.!c
9{D%
 EE9~
B90Y
9">w
yB1o
(Fwj
O?2s
;87~|a
.]xim
SK3g
bta#
8r[(c
h2Gm
<vFf
GL!d
@D`,
k"AR
^~tJ
,V1yS
wl/v
<CU 
a29W
rp++
<ZvJ
TTI)
J5Kj
.0%5)
V9Fx$G(R
@YiqUI
AErT
HK5!
Qq#RU
7@(,
(01,
5QP8
>qiu
WC'o
K#O}k
D9\<
!t 'J
>#*2[
|<be
E!|`
!%5S@
O` }X
Q6.Eg
0bE
s2*r
!_j\
phb#
F@%Y
XRvK
N2E*
v,WHSeH
2mu!
Rj!%
PHX&
6e`X
(R^cQ
Y<{xy
E>9m
b:@Yl
+Lr6
m^>7
U"`j
4C-z
<m.}+UI0
<d6{-6
h&W~
Hl$S>
)T1x
b5//
fmSj@
PUR+
)"&G
c(y-"W
1,eb*/
LTDIv
J)B|
Erq2
D9^L
>!'/
BTDy
EiTk
as[-$
;cw%
TdqQu
"STw
R;u[h
E Ku
rlgz
P\R"i
r1)K
tIIW$
#Q!NG
]L%GTX
AC^r
a9*2
Er59E
c/-O
8vti
9WwUwu
j:TU
|$;gb
}~Kl
{9VU
\^r6
a(bM
gw`6
=/1;&
Elb>
R8z#
$*"v
QQ]
@t+t
*QH-Q
ftJj
tSs"
x(I8B\
*A^4
JD}tV
$Qg"6BD
|k&{
7B"Z
-BQw
vx5A
+\74
GYgm
I6GL
a^]I
S;,^72
0QGo
b,F0
OW+%
$1P*
)D'DH
P#iB1b
!;8@
v._&
kv~~
{W={n
UWc!0
lTju
xZ.J
$J5b
I{F:GEI
2#vN"
Nab)zv
y4!?*)
E).P
EC*L
(%5*Y
3AOSLi#>H
Yw^8q
n@+MM7
B.Uh
1iO<ATD7
!B"Q
exFO
SP7rF
Mf}7d
PjCt
JHysY|
W;WM
:~9{b
6M-.
[v}t
>F}$
i^7%
~k63
 FOk
vKTTf
$JAP
2e&d
Hq0-*F
VVe!
W5`'=,]
K3s[
=::Q
IV[8
@+%'
FD<-
yP8!
uTH$
gOm?sr7AIo
m_rj
f_yh
^1MF
wiP
cK$}
Qj<b
vN65
ahe)
afM/
jDWK
CZa89`
M`Do
BxOC
hX=|
^Z;L 
0[CV
|:;:S
IpnT
tz},K
"Avx
%#GB"
F`J"C
YJ4's
"~"`
sR$)
AbZR"
dz/^
Z/kXAb
F(~T
U*Y1
lW./
DyI<
EV[ai
wQqt6
=:Q;<^
8)VI
CD?j:GW^
gZJb
uHMs
FP[G
L4B"b
"Y0%
KNwN
F~0.
l{,j~2fz
7_1yl:G
U5'$
CKbg
5012
5{LV
`x25"
1jq{d
>^W/
+j,I
d4%(
A6W<
|Qz/lq
MWm^:
x8o{
Zkz6n{
>ln_xO
~[}r
j 3r;
(DEB
PG9Y+
Xf~m)
Ak6'
IDE\'
EmI@jI
WVQc
sgi 
JBNT
2)=6
IDATs#
d:4aV
T0 {=(
q3;x(
zNn8{bc
^op~~
w7G~z 
,Urx
vGx_h
xW8*
ZcpkM
ImcF
><S/6Z
-jm},K
QvbQNC
,[$*"6"0"*
qG,IDE
8!ZCT
UrE9KgH
?n~(
~9)<c
tVUX4
d GEj
pyFH
RmLh
UVhK
:[p
JU"n
c'lU
DU^e
M^x`
u&76
Z)4r
Fer#39"*
xmLib
XJLr
"b L
y"!$
.mbjLr
"1cOH
qIB:
PX{H
^[)0
GW=rt
?N-~b
7VsO
[3%b~\u>
3N?s
DEp>
"PVcc
6mBc$B
%`sD
p5?"
ax*'F
xt+%
]S;lR
 jKa%
h<%q
hrX&
\nQC
F0Hk
X&O(
xSa?(A
"EvK
&YE$
X8+K
C_M<
HMNK
DZMn
QeA0
WucAB\9
504rTim
~9&
%*Lz
KJ3k:!
{5:/
@ kT
m%q4sR
 NjL
\LGP(*
x$-I
I7NR
#o}1
HAl~7
),{=!
c/^=b|
tG1|_s
VgZxcd
3FE?
\Ua
@LEe
 Dmr
0k@n 
!D0m1
BN*?"
z#5[
TCD!
AqHL
EIFW1
"fDh
m:a"
(-WNk
)foi
7.zz
g7>p
>wl}O
u/4,
h\to
|9izN
;].{
WJie
0>Vn
.JMt'
x-=G`
w[Y*&]
]Uz9
mG4.
 99g
58aata
4m<E
=:n0z
~a6>
eDEM
z9_/
@HXT
bIzm
\$*jH$
TPQP
tWWU7|?
V3RY
)z)c
(@{T
Q,Lf%9
iaS$
oYpz
%Xw5
+~xn
VzsU
#CCkM
=NFc
xR>OR
wbNTP
Glk$z:
\PixN
zUlw
}\nq]
(zdb.
S#VcN
aGD0!
upzO
M5ioU
f{+jw
$ZQ"j
vBHD(Y
c+f^
Q]~m
M-MM
R{gc
&|dn
I/,L
DQo:
@gmG
%xr*
W6GDL
DD.W
=A;A}
\dW,
08_j(
;LEt'QQ>
bT+&
85Y'0*)
rUFE
M*zLF
*m"U
A3MOfKZQ
PTGJZ
4II 
$KE9]
2p%/
|rE}
ku77
QGSS
$mK$
!rrF
8C.{
zi=@
I8/s{
0&@3
XVQ[
d9lD
S]mm
Z]lb\
^AENo
@(c"c5%
_R!N"
*Uay`
4B"3
"X$F
)EBF
A{Px"
)jB5R
fvJ-
_{KK
?.xt
{'\:
r;c.G
Z<DK
9|1WO
4{q`
`2A6
 b <
fBL!
L%0NP
j!\+
1jDQ
0k[5
]yxi
vX$**K
UxKf
Z(it<
^)eb
@TAo
xVJ"
AzJ-
7o6?
w1OD
="\|
y(rR
#]Va
T,a:$n3
;cVN~
XHte
<8S@zW
jf`F
$*b0
k)]d
0(kp%
jI)ebDK
9!p
)BS%
B9W-d
/DQt
jEx)
HhI1
"z:m
p}(K
G~<~
N=?S
>/i_
d>6I}ppl
}*[8
LQ0ct
`8:e7g
UI8w
D9GL
S~nw
ZZ[,"}V
~@W
+9H-
Rm$
`TP-
!b;-U0
WYdFn
QWSG
Z985
-jhE
vNm
}h\au6
]5iu
WT"['f
{?xz
%lc{
'4Fn'
gI )
gx!D
twEl
DJ+a
MMWF
xC.O
'D@F
`:d:
<r-t
SFi`
&Z`U
[TehkJ
E#?5
G-1y
F*e$
m]>u
5cJwq
g9r_E[!{g
C[WL
`#$D
rDZH(
Xk{\
9&VH
,>!n
=J8j
0KD/&
JCLD| 
@sSV
hWDN
$!.V
:tHZ
jXV"
(i+qF
<iIWdS
GdE<,
83:$
Qesl
'Dw]
"-N9
5#^Za
YX~hHj]
wO)L`
0ek!p_>
S3~<~
xNML
>I,9w
*I8G
JfE7
U)w-S 
?x:o
(h1J
2h?t
ZTR9
ck{_
=<4|d
uFhS
0ww%rs%v
W}vp
0{lNM&
(/<a
`2zb['
cWPL
h<]5
t6aD
AC@p
pG<~t
+*"8
|M)We
Z0\M
QQ-[AQM
j*k9aY$
!0J&3
GGzb*
HDxJ8
yvvz
][<r
:$v%p
w6;
7HKN
\T&R
[?C~
3by=
Fy9G
RE+q
M<('A
qM17
-$Vg
o/=77
'?{a
hHqg
:Xm#
i\4Q
;"$M
?zsEb
L11 >
7(;<
YS2 *
Ydbi=
:]=:/
J9)&
ag95
8J}t
6zQx
[~yu
fyf~
xdtz
G>~t
Z7w|
2 1L$6d
G4h8
AK{P
3":\b
;]~n
;B:z
;A'"
DE.O
:W5h
RY(fR
X4qH
&*Fh
p4:<
3U(k5Q
tjjL"\
CSJ<
t" _
\mReP
o^&u
7>\S
{;f^~
Kk~=
jjTN
]iQE
&:6vtu]
5du$9
v@sC
.VO{
L1`LM 
Xnu%&
yEDv
+vTY
93+}
vpM%E60
84.[
s:Jn
KU $@
:FUX
Z.:@6\
LxQ/5Jx
^D-9
8$O6
, 68Y
y(%3op
`ie8x
)}qc
x?\?
Foh+W
IDAT
W&CT
CQ/L
hD=2
Mh{iw
a96N
0E$*vy
#bKS
mVDq&Z/J
HK}f
hMoW
L@Cg
d4SVA
+WFv
$R$G+8
U4+y
HK_j
mHvmL
a((\,
4cdZ
iFd!F
7^eiv
,8u,
@`lc
sX+-r
7E0
YebH
T.+J
]5h#=
PZS.
=eRI#pP
laYE
8W/S
02M)
)NUn
=_<6
bBw7
0*,Mu
m|rK
LYw$]
MBf4CB
sj>2
"VUsN
%vMp
ht'# 
E='Y
kSJ}
n75{
ZKwZ
UP 
LNY3y
6;IE4m
mT+%L
h;Tn5
M<8WzfM
-Tc=
sM-vc
{QHX
6+wd
__{x
Q&ib=
(:Dw
ab&?
fIc+R
.og(
x:}b
AhHM%
8}o/
U%.8
:=M.
3a$l
`Hf7v
1uv}
8C%ll
zOeYo
5W5X
J(^nW
1x$<
`5,D
X|ry
s[=s
BxG>
O<6'yO[
mK?|
dB<cO>
iFX
t&Jn
W2l\
#Nxe
S>xN
,$b*
r: Q&
jQ'<
vs&1P
RGEAus
H)sY
:YKS
Lk8jS
/0O#c
Oo0.
H_eDnkeN
lKvmM
1a]X
.FwK
_UO_U
g4{|a
/o~{
6cb>
DZFyuBN&
{o>o
5x$&f
ZX=B
+T7j K
dH&Y
86fA
ex"pj
aHH`
*~aVXX
9Aa(
P3sC_
F-rw+}[Kz|
pPL%
2jxd"*
qJk*
>:<4>
i!lK
e}AiRW
HWv6B
nFa.C
$;'Y
N}xVsp
4Kpg
[(%F
L|.6
3YvAs
5TL#
jsv,
NxQ?
Xx33
`EvX
eUqd
FESQ
K'6T
Hd-d
:%lQ
:P8>W
wjfi
(&dT1Gs
g@fXj
uE!J=Cc
7yS<
hM"y
fhtd
iOsb
=(TG
2F[Pd
xWl *
vI4Pq
q^L+
`8l,M
7r$wk
:pHe 0
fY(l
T@_(
)xfm
[l<1?w
}!aI!
r`iBX
sW7a=
X~fE
<=O|}
Z'ue#w
L*'&
bJOD
kn,n
""}e
0( 2
3=1
y1c#
Ez{Bp
<vZQw/
sfJ4
:r[4
`YnE
V\PeLj!t
K|pt
G>@F
REM[
kQ)/
|hNP
MxFR=3
\p\
Vl[JX
-It/
^,&%}
_?`'
B3b8
I'gm@:
kEf#2
&?P@G$
guJ8a
SF_D
Ci_(
vqM)
}Qkt
JNE4bV
:8h7
H,tU
^|;o
h8l@
9IE\
^@|%s:
_9RN
Dta*0%
 Ek8
h]^@
vWW=
8Z=w
7$z/
C3C]Sb
aa< 
EX)$
f"b%
hHC@A
$^&]
rE/r
GKZ"%
_@!X:
s:jh
Ca2"
t!Aa8"
FnI%j
![B,2i
BH!vA
3aed
7.K?
O\,=
E1aIDX
%1am
7g=[
<:Eyt
{07W^
qEQC
'1ix
8&3AQ(
iwh2
>VnOo
rZ#n
6U6b.3
Zu*X
Zt<u8
'w|~l
*>>5
H{fQ
hia*
s[kgW
c2Z$
9.up
1AoI8
:$GH
f|2mc
yf,j
td0 
1bv,
rQUUq
5p-Yy
g-l r"=l
uX@Qd!
\,At
YRVVD
\e~2
'K$+_FD
&3f#8
vO-&
d`[!
-^a%
__~|
WeAG
EI(J
"i*>a 
Q'Hb
d5DU
:Mh.@
>Cgj.
0k"jc)=w%
&*b-9
e$Ms
*Mxd
.lZ.
84i_Bm
@B3w
Xm/C'
.*}}S
}c*7G
XQ9Q
$xwk
\2wg
dKSLI
xHel
8#0T
D-?Pk
N3Eht.b
BQd2|
TGTlUM*
k8,f
"]0N
gI.]$
2)-Ge
`+NRv
F3$ $[
[K9%
P~nK
L?;)
y~O'
Yani
q2?fJ|R
4Z?C{&
@LA3t
f-ha:
Qu+}
<WRUc
@$:h[
Dd7r
}c9q 
q9o@
P6q$
uYq^
*>ud
Bb{Q
p1_"
})'m
bp^]
xuX>
J,1*Z;
Yie,
esu
C{nJ{e
%&DE4hV
xQFE
F!Mp
k!&v
*DE
GZ",,
\H#{
Tbr"
9o]?
X<0?
,umK
E9e{2
v6)&
)Et`I
`#IH
f3bX)
E"$+H
|,GVc`
qB:<
~TjG
D"5+
7{~{h
Yt;t
+CN6
2P?D
Z+Wb
7K1~"
h%[
Z^Ws
eK+hR
)fWao
h&tK^
sS8/
eb|g
F;6mF6
]Uu6
PoK&x
.JWv
sd,y
D~w|4
|NHd
p\NHR
AjkmF;p
EH]$
O$Te
40qB
74)V
aNH2
FVnf<
iv,<
u%mj
!9H-V
9T#ch
xL $-
=^?w
(^cE
@Dox'
F`S6zIQ
Awe&2
&EB&
-0Y,jJ
*Y` 
?(mfN3
8&OE
hL`(
^LXg
hLdu
G0BSG_/
Zip;RFc
V`adl
TP@M
I[N9
4TEC
kEV>
de'8H
Ydl=
}{Z|
uzd2
h%7[
TA6d^
Es$2
{U6,
L>+[
yF]9M
X9JC
F]Z(<*5a
#W.'s
jt!*
*`k/_
$5,:
tT"[z
9OE%V1Ba
IDAT [
Bxo9q
|"'JyE
[A^U
Qy@"
*F8L
4<3!
Qbk@d%(
A$A}=
X;>o
QMug
WLG
gR;2
y#kZ
:hEV
[V|z
b1vD
>9t8
3'?~
C.>.P
f,*c+-
)fX")P
1Xa>
eQgdQg
hiQw
oA_?"Q
'anZ
7:s[}
3Vico
.wqh?W
u28H
+tK
2Z3c
i|DM
/i@{
Yz.*
PS(c
2S%b
'W[o
s/OG
Qxim
\{nJ
q-r1
O,M_a
vtOT
70 3
Ez z
d#K.
DSIq
klaL
H~n0
\68E4
&'kv
Z~p2
 gaE
YXc5d& 
Y4=J
,3~,S@,
[dc]Nj
_^Q\X
hgwy
);|` 
bOmh
"YE,&b=
liEQ1
RDAS
FF h
yN1CN
k!H-
J#t0
)xHE
TRE,n
YFB8
r{Jg
HI@"
=+yMU
j/Np
gk76
7r5UB^Q
G`BW!
1\STe
 "6;
%B1#
A@OXM
1~JC
b3h@B
4Tn
Q=[-g
Hjf1
42l 
6\[K
hEWE
 QO
D5!X
mO~}Q
NxjD
5#<;)
>7)|
FVhAX
N4R8n&q
e^f^
gFSm
OIRJ
RggX
NF1J
T9)V
|nNc
}ogK
R;0\
GtFE
_3Y7\
49Mc
F5!T
FX,L
@b.K
_YX}&Q
"x-8BOcq@
 C62d
ld(-"L
:?qo
?;)v|
=%rr
7'OO0
Xl|xK
pjS28[
I]{q
7pEu
\cM=b
Ia:k
REUM
`2 8
rN+q
J@a&
OU"f4
m:E 
yD#Gd
hi[M
Y]cQ
[fI%
TFE
{vj
V|j1
'OMJ
ow7OM
n3|_
xYzs$
u.ss
?LR?
KOlxy
~!07
dl#!S
(BQ6P
IELW
+vR
TFE7
gB"6
oYu{
QQ4T
Ys*@'5
3eYtH
Ryv{
RDp 
,p#C
eac+
#ER(
&$e>
_32lH
73]Fr
H5ts
>}~Y
]&vlP|
=wY,
pSy\Sxnr
"+<5
yh{S
O+QJB
ju1(
}&Mq
w""0
XaEcr
y(Y
6@r,
Yr-K
dnId5
2pNX
Ew"|
5PQ6Qb
+Cj4
fXb+ 
YUpF{
8,]L
@E4P
S%wG
r(qf
2unK
p>n:
GR-
UDa:
O jF"
4oK$
gRw,
HTbn
IyVGq-
>^d<; 
Z$rKdn
Y(yg
j#8
zD.&
{BWR"
J&^]
z>8
FR[g
k-96
WkU*}
ZO#[,%
`djq
doMF
Jp|Jd,
KXFR2
K@3p
)`&6S
MASl
3ij^
:4&+
[o~}8
"''H/
c~wW
&]\k
rKSyaY
0qdB
TU[3\
x,/9C
hM2h&
%*;u
ge$V
@3T*
\q(_Fk"
n$?$
{s\I1e4
Y044
MR?+
;Ict
7&3BOH%
%>_o_
=>F{mq
#'G#
~ '4r
C@h 
)-l1
[uTL
X)DVb>
"Z[}(
K>@E
H5lL
=)w S
f=/Xl
)&Hb
%l*|BG
zp)E
[TZK
`\[
/.L<9
o/O]
xO&x
#v.U=ku
?,o\ya
\#4?),
jWxtv
t`Q3
5'D2<
c*q
$"7m>
Em#|D
8D`/g
$>7L
&C$yFE
(<X&Q
bl ?
B8XNSl6
5{\V.bjk@4r
Lw,)
\mQ
Zir1
6!rg
8A|{
#mK#
^esM^
M'k+
!`L!|
YEG"
r<"q
U^BE
+$vf
bqh0
@0dPT
\Hb&
aue+
p~r9r
,015
R3p_
M4mg
_9>U
=Wv%^
8>^z
g+L~
b?z9.
/Ef$
V[yU`
AB0$D
Z^Rs
&ZPa
D#MtSl
hIh(eD%
bv3]
P.Vdl
PBN2Y
iLM;F
3q4+5
J&'L%
r2oJ
)~}[
}>t(
b2|1
U(|C
`Jaf
1v#{-L
d!e8
`IrV
m-1$
A06H
JXe!+
p|,S-
AhUu
8yAO
}fbv,F
Cp#y
[6B,
xS4m
.[VFQ$0x
\@:Q
8)dh
y_wb
N/V/
h]^#
r,{m
(o-5?\
s@K3D
&=t[>
vK_yF
-+H6
A@EQ
`~E8
1b`4\
h2Tl
j}9,Vu9
CLlT
Y+MY
$TtJ
=:Z9\R
__Yv
+}}g
=)eq
+83.M
(oD#
RDtQ
jLQ$
@LGB
T]c0
.7{2E
rW&7P
g*@]
*UZ9;
ZZ*I+x
a~'h{Ad{u
nUI[
RQCkD_
:|xff^s
ullQ!
_&^?
{.[}
+[*O
*g/+
H/.U
6h_lQ
]\zc
ggXO
kmi'
2},3
`&9fj
Y)&Vp
r/n;
]M{s
mn}I
K.'9
"9 F
(u1HEh
hUjU
@!#a
&0\"
BZlAYC
#(D>
fG-d
M6:7
my~g1{UQ
gLyi[
2G|rD|
TNmQNl
bHE\
qeo+
hpi^
IDAT0
"u+ 
k$,V
k;ym
T4g`
XmWjt
HbkX
Z[X
# $
|C:kp
QWDdI
2|!D7
jnzp
Op(XT
jPY1
Qy5|Q
<!><
?_{wy
n}s}
tK){WM
kW_1
Ac8"
72@Q
aa}}
nusw
s$y#
xLH@
Xx91
}9Z%
T@MM
dd;a
)jHH
Rw\:
H4NzX
,COH,
 :r_
~B=51
+-#Q
R&vJ
-c'_<
1)6!0+
%:qm
O{{5
"?5=
eA~w
c[>>
\x_&
8v@\F
9c3r.
D^mQ
LXK+t,
x2IFC
*WE%
aL,@
z{V{
a{2Dx
:hjkt8B
%*FnP-
7B/_/9
U$$t
|JExj%
hHBh
X@E(T
^Y~c
,5;ENNW
_]#?3Wzee
ooj~se
W92'<<*
I^:}
*rYG
!J8b&
1<kQ
HQkt
sZ@4
KJt$
|85lN
FE:n
8&(T
I>]p
x54g
j]](u-
Cqf0
-6M
 d>-
Hx{'
3"!*
~g2:
6]g]
>>k
8^iOo
EVC7
$tVK
w4Tm
6qeTy
FkEp
;25u
C[g_2
?Pzi
x(uw(
^L<T
~>P=
\.93
43-K
z-y.
}N_8w
r(=FX
<>W0
W6kP
S`I#E
0:CE
 I3#
DHHr
FzM&
DE?gjB*
T[M/D{
+R(<*
jVT6k
bdT7
U,b[f(
FXGC-y@B
(]2T'/Y
/s?\b
]Mo7
LlF&6'
%|l9
Qkr|
$Js
;.Xr^/
W8#GL
Fy|
[C_%t)d9
VHGF
B;bX
+2I\!
vM#ZI8
f(6!B%
gb9,5
F:9H
tJ C
),@"]
!Vb`
#= p
Py]&
:\I8
>]T]
YUr)_
<G~kM
EyoI
Bby&6+
he{jI
0c\O
KLdzf
Ae.*
;/<y
({E)
'Kl{h
X1#i
.%qY
0XWrh
()#h
|Y`I
&km:
>Ykb
xlza
"2S>
"8>P
aHZW
C`#O
 X=B
FdCF
0!'i%
A;%Zm
mOql
f(OOS
_lV?X-
w|Gx|
fP~4
{0bv
-0L)
IfPJ-
go<0
E'8b
:k` +
D.M<!
<Xa;
S@fp
GH?v
"U"bk
]9DU
,L`u
7DkJ|$
<6+1
%q{E
o>]g~
8M}}><
m4On
6+})
BvV6
8@P2
BQwu
M378RG
Bsj"gF
{N,KJM
+8W/"
l$d:
xGQ`"
~!L7O
'5:aG
!XAg
4@E3
Rcd<
ko:~
2^I)
Ab=`
:>\v
 :YF
#=&1
kCtWR<L[
BE3L4
_|yF
_nuOl
y\l.
T&T$
/[U]Eq0k
<JE(E
9/)EY
XheI
w#M7
2F"Azbh
5b+j
x/M*y
:0TF
v8=W2<
Ci6N
OH4L
B[H5
|lx)%bJ
\=h]
K3?]
u9fM
]K9fa
G`b6
:Qgc
X%]04
/J,v
0r$m
3T$c
JASly^
*5/P
HSL S
=:rO
$<E"
\C".
<Qoq
Y6Z"Q
h<h
JRI*
69c
19c20
"-9(@
TT1B
; $D
n3a&:5
%,,a
L[0*
>3]80
W?[W
uYf-
}v}u
@=P1
yd&`
C;b@E
yHH
Ad[F
dU:/
82uO
4dfF
YwAwdN
EEs;
4>PQ
)a=>:
Gr=T
jP]Q
Dn%cx-
M8,~
BhE
\QW/
Jyy1
oT__
LE&S
,5w.
B1?O
Hd(!
f4jGqV
T9dP1
zR+p
%jMI
LjkD
wfDE
Siia
qw:5
#xpFJ<
GG,a
~ZrP
Q=Md
C(>~J
V~G'
*=3j<7i
xxL9
z:l_;
<Q.S
XA,T
%>@uQA
K2BA.
HEFK5Z
A[uHW
{? 2|
lDs3
D3R$.
XrSS
Y})-
oh4l
Am^s
1REE
UQO]j
SBaS
P$cb
fT*D'
`0|w
/l^r
3Q9p
}{'w
zp\yv
J?0V
K/NW
^R><
uew#
%Rau
\ty.
w,k<s
@@s*
/QtQR
p6~&
ucqtP
i HT
gSI6
Y!:b
3JDE
;}t~
TT5J
b<-9
2E*:
FJ]/Go
/6a#
88">7[}fT{fB~m
4^[d
"uw3
Sho=
bfe"^
Z[p1b
K#"qb
Yz2#f
`& !
8Z("
Oc@b1
|iWj
|6Xi
/A*2
F@NerO
n(SZ
hVJ6
!8t!
=C4ic
UI?X
GCvG
W^]T|"
+,<`G
Ye>;
X1{M
&a W 
Mj/D
56mH
QkJr
[h0M
kN[2B
]3rv
?Xj`
SFa5|Y
Y9tB
WtQzEJA
,8FA'U1
,|26
7=<
6zo]5
yX{{
oC*zj2
AqfN
j.^O1
%~Yh
W~h}
-/^9
R+HQ@
.bQ!
]yBo
rZ@E@0
|28QO
G}GS
bQ|;
2DCVtY
fwvk
JpU!
Y+Z('
T4cH-
5%p
@fih
=GyxP
07wt
\|S6
sHEk8\@E
LBa"~"R
O?<}
<}v0
(hrV
) a
<Z"Q
T$vDd~
=<*V
:CF#
b,,b
0a"<
=4Qm
2\E0
!' -x/
YE*"A
8(zt
>;Szi
kd.O3
b&8f8
lt]>
.$Od
_!&7
Tj\D
<CZ`&M
C[o<
lJ$.
y7us
Fk$zVK
=R2#
NN4KA
V#vA
QC;G
N?x;'w_
IDAT
L_'0
ll}.
>yr
bNK1g
"6~1
EDR+
!9*$
^!eW
I('/8
l$ku*
EEb,4cB
6GZTW
aM)WT,
KWtI
' m5
1@{kx
{pXX
|$z#[t
Sv`H
VTdC
6` =pm
rDyn
?Xk|pJ
1qS!
dq]ZH]
O})&
zIM<
du2|
"Jmt
G6*D
nu|.+&
9m@"
LTJf1v
k@fi
en{d
^Ze,
9VC[
kQ+t
l\$*
MiS1
*>:O
hTyx
F+}w%
efoU=4
!<Zd
mQS7(
tB#j
b=?^H
5&{i
z-u^I
P@M1F
r":+b@
LB-Q8i
rl-<^=
n2c"
DN$"
4z^#
KCb`
"G@1u
0?XA
  I i
-Raj
G;kH
pBEE
P#aj
Q$vJu2B
l8#N
k<0-?8G
T}fJ~q
VI/,
gWXx
g94.
zfan`n
2)LFC/
nyLG
^kWX
:8bF!
A'nrK
H$[%Mk5
"6BH2
z@Z-D
Q3$8
MOs%
F*4(
FLRJD1
hX!i2
m1RoY
ON}pb
;gl
I3x@
([RY
I2k6
)+K
UEoy
K:_8$
1hp>.
()M@<
04\Y
@EdD.N
u#3C
gE-N
n5Yn
i|DM
,X=J
^[fmb<
gj)-#e
A?kZRB
g6*P
&j,I-`'
Fb,IZu
mA/(jGI
'+_N
D*7G+7
=g&f
o~}x
3kxi|
$3np
pBVRP^
)MoU
:4&m80
Am2zL'H=&H;\
}GXA
[E@"
Ztt*
@$B7#
m@EMn
[[5-
@$p^
0D(D
rD|m
},S2
ncB&b)
/-yp
I7vT
D[l_6
5VrF
Zf-
10tL
$BL2
ILCa
.PI2:%
29X:
_4Rm0h
i!tT
"E&@+:
c'=HBE
*khX,
!-!!
8f/:E
JY$}
4]2%
".AR
$Dm*
4yd!SR
W&<k
yQ{TC
jLe9@
"2kV
VJE(6R
ytRq
IZ,c
hcF"
#HT[
Z."v
yT)eJ=
;sh>
 ,TM
!5iF
"VJNwe
|V1r*
&=2$!
E%Jpx6o
{C%8
JTos
=?"}
9;"v~L
ZQSV
b5kN3Ud
|<PQuU
 *r<
a,A!
DBH&
*PdM
eTc3P
,X@E
<~#_
dr8i
l(iA
d[0Vu
X|NK;@E
da'h
1K@E
\[$n
NtTT
i4#EfuJEp
[t6-x
@>p4
.,}pn
/fh_
+WmOUm
H&~$
I:^L
_=*P
RPV>
iJpeKz{
g$WY
.cY.
F4lT
{'?=
6l|<
((BF
&CZ3
$cSKk
|XM'L
K{}a
hTL$
C=uO
`HHQ
V(HNIu
waay
mx"\
@">Q
p\9e
{Scl
7LvQ
^|tu
='~1
5}/Y
|7zb
 3R7
g88~
4zE,G
EeXp
mBOb
aUQl_
(;Z;:
-8ug
BB?2J
?I@
PWN3
.1;@
uzx{/{|
]4pn
nuw#
\`g!
"{zt
eeFeYCuYw
E]YHw
l59Y
S/u_~{
MnCG
=0O#-
K&:=
MuE4
I)^4
pL%h\um
3YMj
irRT
+1jq
F!Zl
jN!!
;@E8
&c<u
_V"/
r_>!^
wla[!}
9Nb}3;&Z
vr:4)
:wl"
v=[:
0V[2
CU;<
hh4@
GBl2
tgQ^
DH$J
y-el
%`dq
]R2y
Kpl5
Kb5+c5;
_|t~
nQ};3
{?\T
jfDj
W6]
c\US
eNa=
:3[r#
T7:[
>@";
F:eQ]6C
!N?y
D`HB
^AuF
y=GM
At5I
=2jeP!d
Em&zZ
?d>d)
X-K*H
uI;[
V-JV=
7O=~
#7F'
_,}>
x(u(
MI}>
_<4J996s~z
>uK>
;+Z=.Z
+ceC
c5!,$U
W9QONx
k%nS
\*$&
[X;1
mws=X
UU!*
h<\~4("9!L
14r4I
be5l
`*-P
Z"9a
n3r>
%~}.
JU-U-
qvUYY|H
Rq&?
\!-e
'_:)o
G;5b
"Cr[Ge
gUP<To
"QsI
h.v*S
jr=_t
PQ"%apo
}5)pP
" 5%!
#6ZD
7= 9
hF=M
z3Vd
3kH%x
UtQB
%t`"d
YUb%
hb`,
'7.~w
.>^/
thut`Ed`M
e*sK
aup(J
D^cy
}1.#
MI|V/$Q
M*6q
q]GX
+X>)
hXu;5
)%S!6
SIjp;
HW,\
PQK6
xBfD
DRNDa
){:v
P?$:rQ&
-imF'&
FUWlM
kT`!
Mf'3|9
;-9|n
gGW~z
|kb>
bfGnx{.
1:|a:z^l
a ?I
HA??8P
5,#I
\~U1
i%=ggV
{qkC
LC/
.|l:
)QVC
nMW[K
IRVQ
n`lH
%|M&D
Mo`e
_plW
}RB]@E
SC#x
1_*Zl^
>:ew;F
4B3NC
dx*&
Zp]Gb(H
vG&I
!GuptKv
$iN!N
G7L}
GbpS
\tm`xE$:
o2<pF2
5'>~
Bb0.
w_~~
(&br6
IDX2
U6_.
OodE
^_lV
9<oc1
mX-x'*fS0
[Q|mzp(8
JVMw]
44cdO
6bVi
`T1
4 $8[xh
p'1.
H#RSr
;9T
v`x<
?-9x~
>3|Av
;Wo|~
e6sA
IDAT
U[KZ
`PgI
U&5{
QbkD
R"*o
?YXm/
@EnK
UuAk+
d5\V9
!22Fh
*+;B
t3tM
{5,j
H]E|=M
^%v@
3H?;
gw|u
dp_r
Y|r*
L`grhS
93xnl
|bK.|q!
,DZiC
3fwS{
E_<q
(a1)
4i)mY1s
czSh;
Koty
TTd]
j\2!'
QC)@
vEOQ
:`GKE*
TgM
w6l@e
Ij4b
OI#
Gzj(BWl]
~#~@K]
;=3x>3|^*
cg|z
wir`[
}y|.
occW
lIg.L
!v X
HTV.
[6fT&
~gfj|
Vgigt
P?I^
\+Xl
(I'y
BNN'
I~jm
t~2Y
ACm;
$2j@
F,%k$
)NEu
*lZ+
%Y*.
ep%&
yThy
!%T=
EWWkm
v$b(k`
/b~6
..|[f
6JOn
81_36
yM*j
rp!,
S"gEC
2F.k
G{K'G
sdte
\ot9
_iL,
B1Rv$
U(!R
C@*d
8e^CE
H"]U
FHTV
XDNd
56zX
t!")
hrwO
1uo3
i~pY
f6uV:
|xs:
55|i!
JW<P
?V#]o
B;,LZ
h`]p
fF'V
U>!60
Qsj4x
fc1)K
::R
(anK
XM*K
KVMr
kifW
- 9X
C@Ke
TD3:x
&:T#
tlU&
_W}o
G7'}
*ssU
S7HY
T&)sy
cs@E
GGfQQ42
p!/W$
)0HB
%jmYm
*j}z
5jT&
c[o4E
/8r[.
eR^2,
t$?R
21W6
Iv0,VP,
X?}iS
wM$nkI
_|fE
nkk{
Xa=R
'.=o
r)qPM
FQ_ 
pde>:
:[Nm
#% $
Ec_1
&VLM
RR!o
t*Xk
5-81
]VT@(81,
I1eU/J
"XTWD
FOH`
 ;pz
:#;t
}g|v
WGW}r
RqK>
eW>~9
HK\mfo
@6z>m1)
brlUgl
ddlfrl
jikty
$1y#
NZlj2
A):\
eH>+R
V0V
`]U[
R@3M
k9n]
,T`/
!X r
-<tn
SAln
@G3
Y9xq
WsbA
x|B[
Wl$
HyYJ
<{sE
5TgMS9)
iX|\
A]aT
uds]
O5GrM
5JDE
,6/MF
YPET
J[a1
s&Vc`
;&x2
?*Eb
\Ja7
I^XnV
(N3Oce
~|]BE
2qVt{
(E2K
7MaO
.qYW
[;|y
~#re
ec7w
&s);
Bgi^VS
bZg3
SYf'
^##ca#
O6$R
P}:=
]UN\YNJQ
!!@
PDjuj
4BEB*
RRf-+g
$VFZ
aQ$"
FVk TT
t+Q20
;r8~
`e2|
A8SF
:_c
!&FhoH
B]4C
588P ,4
01M@
/4nlu
_v~5
??|5t
Y\ww
kF.o
]^1|
/xM_
.c<>
mwXu8e
qrY^
zLGf
M^qqA
8xV^^
JE@<
F=KE
K3bU
LmW"
Bp2)
(zki",
*NF;G^N
Xq)6
2@E:
p}0\
v@kG
Kv/m
'i!8
X.b=
]#W?
NV65
2V2A
-\?5
y1jw
me<V
p|~_$
G[rt
>z<V
@ETN
9hXb
'vAnE
Afng
8hfm
F'kq
F`Dtu
>@"Y
\<G[
e*}7`>Pk
];pj
{+Rw
"KYJU&
|Ya^>
MYBS
a-m2
m5K&
z, a
iF&
FJEho
sz1u
=@6@E
:84="
)J*$
PUN^
}6e#
ZZDu
0)wa Z
Y}<F
Y'=m
P4qnBE
CavE
IF24
_''|
}lbjVm
?j(z
=k+y
>?:z
m(Yf*
x(g:
:3[Y`)
{R(Z,
[K[:
*X $
DXT@m0
TW0K
SGBHA;
aXlY
Z%jcM'
l.'^
u -T
xT?Z
&Zte
{CQ7
%?ZM
"82-a
^`>8I
',x:
@]3P
V@b\
2d9Tm
88t}
uc7w
Wr4n9
z8i?
K:67
j3>a+[
h?:W
{Go_
~zZc
fthu&
i2p6
HK 3
L5G3
Ump7
:rUSR
PQY1R
+*.--S
U{}9
BkG9
"!G 
BHE@c
}QOX
(CVh
$7UL
&<eV-
UnI;
4tp~
3ytw
9|iU
>]9xi
;4i}
l_<ir
I7 !-k22f#
gZ`g
nKTu
zJmu
teQQ
p&D9
hRtz7
j%B<
bG{R
\GMCu8
+U.?}
x2LG
rn?VnBT(
FI/i
(G'!
b2)R
Hv8Q:
osU{
}rAz
:C7a
>^:p
FVKw
^_;z
^X9r
=Zg;1
1|<U
DBCC-
l.F
W++5p
J Cg
I)^NK
lAHRk
+Bsj
9UZ^gdeO
_9w8
S!Ca
DM0S
|18>
"X9O
dqEY
_A87
HLNz
y]!
!R,a
a7|uV
,0hA
*i8%
bNg{
|kQ^Uy
k2=;rw
ifO7
t%EBq
qo7:-h?
ygZNSi
jMd;
J%'g2
VL9]Y^
0aT 
Ee7j
EE:*<
JDHd%
*,HE
A*r*I
^L7K
b@L 
B(3b
E5`)
O@Rg 4N
#tM$*{
-NjfM
4[:[
>Y?ri
7mds
u9O&
Sxhs
),l_l
M0cDZ~
}}|lhp
8,VV
HEeF
c6p&=
Vz0m
pxX)
HwFR
&g3M
@pb$
bq>'
+%{2
1JE(
C6B9
{[IX
&FTH
/Qa$
[Z^_] 
acr(Y
`<-@
Qd?P
qz/C3
Dxu4c
hT-cusv/
IA_gX^;
0SME
\^=vs
\?v}
SKFN
Y>va
::v~c
xwC}
9wws
y0k<>
+/4oI
IDAT
9<7;
)]i!q
!@zO
|N?,
S]Jf
NC_"
dxJ3,
GLXT4
Z,5Ym
sG"S
eZw`a
Q&!HM:
A5eS
EcC4
XJ4e
kI]6
FX~
cv/"
JIB 
5slUqgm
=<zr
X=rh
lcj7Dk
%svc
5>&{
_]um
uUUo
FGdK@
A9+-
63UQcEQ.
ki)N
/-pA
"AsH
DjZ20
3zBH
a*c9I&
2VFK
L)iS
D`Y]#<
X+)R8
icak
e]o_
1WNl
?>~v
1{zBC
V~|@
o_Z8
kKN[
ecMjB
%Z)JfG"
D'PT
W(#Q
}ME,
wb4l
C@*@o
2pP8
%)6a)
%'BRYN
8)+&L
1K!dI
$aS/
DyXV
4MIVr-
u1(<
Q!Qt
)@EpJt
|mdh
;rh |r
7<W91
5wzs
;Z.l
\UU5
{OWa
Zlun@
aWn*P
0b94t
pqJ3
:xKBK(
Tr@Eq
}@etC
)smLO
f&JZ>
f$84
s%+o
=XZi!
EYz&lTE
 f1>
UU=~
|m|h
?9~p)
y]A"
,%ZZl
Pb\QSm
gzpV?
l~v"7;
,#%;%
5LrQ
ss^+5
cV/l
Dd&)
hi@(
jjB0
DB"Bl
G#b#
.HIa
.r^{
\1~d
\3zd
#xhf
}&s~E
]B}s7
gG>?0
'g?9
&vvx
Vg}u
3F7//
*9Y6
s]@K
H9F-qZ
Jgz5
%GBR
Ekgx
l@!@E
$'jQ!
$a$--
`fpx
Lh%@
U2$
,k%E4%
7a/k!
KJDa
}dp5
*}{G
8xly
"~_c
QI&Z
jaqN
3f8gLw
T;1Fm
%TT2
y3M+h
iL2I2
Ri<g
q<UI
E3/'MJ
 TF0
#@14
voWy
%z`A
l6rp
Z1~t
\5ql
maj^
v_~~
pk|KB\
rd'B
Y,kR
NTDu9
;kl:
/E#UT
,'ry=
%YE;%
jjDB
cY%(
e$xJ
TDpDT
uC2a
@"XQ?
g,v#
}&yvm
]x&s
[}KqQ
bO6;+
 H!FE&
!3!9
R$vG%!VF
`M|D
EK@E
TdT4
[QZB m&
QpaN
TR0M
FDKt
a{2wfj
PW$b
1d6&F
GGW$
n&I 
*@%X
ESl/
R=-m
*squ
Wf~{2
QN=,
F+ x{
rr>;
Mpb@?
T$HX
f`Fl
c1Pu
"R(B
Fs<WPMb
FX"2
l2RM:
H2JA
*BOj
VIv,n,
K@E$
ZvZU
Z1~d
jBE/
^XU9
.8^U
&y~m
2~~@
[7Q'
w8l7
tc5Q
o?<y
UfUZ
j,/(
l%M.
gp>Ho
`I$rD$
!!9k
@wG[#
h5v{
pQNO4
3>8K
<[2a+
KdAQ
fbQJ2P
Zld9:
l5Edd:@S~
yGeE1
*Z]U
]uKp
??1
G;~9
z@{)
uDm=3Xw
D|A{
9(g]
>/|+d
2%B;"
(AjB
F!VF02
x$i9Y-(r
55.l
cwuN
"bVT
!MDw
E9UQR
a/OB
wk8+
\4,t
80e!
-s[W
6D]/
"m`q
8r[_U
?>_v
-c;J
Uf55
ZzM**t
5O-6b
pG!KP+
N-c4,
K6Zc
!I0r!
[iA=
@]-P
-t}M
'(`>kN
R"\zYoT1B(,
nq\_
+(c7d
ipI9
6%%c
&RXU
j*~B
1{8B
1,QA
qkdk
X;vx
GN~0z
}0xz
ac`Yn`y
3~\sC
Xu@"
xKTCa2\
gd+}
`(]D
a43,V
H#mA@=%
dYF6
Fck'mw
t]]d
,9U>
PTF4;
F2CL
D1VL+
"fnxi
Ed=~
fBR8
|%x/m
}2\Mo
Qa]\
~{wp
I;kS
8w@DCN_
nCK=
44@"T
/X:
YA,(rI
[g4u
=pg,
a5cd,@U
(@)4
V\V{
[B{!
D ',
#ob
EJTH)q@
"#HQ@
C"64C8r
$>6"
p&* 
v uG@7t
X;vd
oJ-0,sE
<!R(
rGpf
,6OG
fq,)iz
lyf"
S[O&
`)?<
4]hO
;Sq 
mI$q
VDH%
p1t3
Q$NkX
ms/o{tx
\!7,
[f.b\
!JGe.
=M=75u
V8%x
p*M)
(EEt
%QA-
,UZj}
AGlT#
DQ9/
GpL
G0{pf
gpL,
p4m!
`Q@T!
n|3P
VN?!}
?_te
]x"v
?43r
pc#|l
nboM
5i:Yw
@%u3
NE9@
#NZQ
T$'0Q$
zZW
ChhY
K_74
#c="|
NY=F
hw"l]
'Je:S
VTdg
8PBQ
Ls<W"
!Eqt
W8Ib
T`)
LdSDF
qeJ\
8ASs
tRp>
HEEQ
'*57h5
X3zj
.m_xa
;}7u
g.}{
rjEMu
JyFG
&x[b
/LOe
6D>i
L#l4
0)N4
Y\#Q
dhb
AWnNAcn
fd9'
+h)Xf
$tR 
IDAT
HHzJ
{Rr2)%
$Z08
8QEF
:PXQ#11
cn$s
xMUj
$irU
9zgt
g3?/
V$~]n
^<ut
F;zk
01C/
.bHHkaj>
\[<^
Hd{c
=HD+
e3H6
3`esS
wXIvIF
$l0l
\D.rZ
#+gm`
d9/k
%.Y5
uTjcy
z#f;
E5wD6
W,>E
dRKo
*vRU
69XU%
R_?a
EWv>~y
W?[vm
{DCh'+
Br8B
0eF@Tp
7px47
X+|[
x4Mol
MR;z
@7, 
Zqd]k
h:B!&
!$[9
"Xhe
uLCk3
M(BE
s^IP
ir4f&
7&|`
&]X 
$2 x"3wVq|@
v+a/
0(Zr
6`#2
  a-
O(Z&1
[GN|8x
K[W_
>?O=y
oT-/
5F!s
uyrO
)-<)
4q$j
A%D"1
BB  
X|@K$o$H
%YhN
aD%2
I""`
0SL6
xlI1
+(B"FD
98gDL
Q\1!
!Ca"
a'<)
*XC{
X?zl
>{jx
({ae
o]_}vK
!h7TU
"1jX4
V -
v3b
Lqz.?-_
ngHw
!35i8
0W2*
_l"I
Hcq@
Vg9)
3cI)
Gyx:
0?NK
SR)!
(GU8A
1X@N
aS6e
ENb8
U+TJyIb
]f7gg
/XG<
=pha
7t%N}
TSk(
Z[U
_G=1x$.D
xdta
)4<T
Z*xb
ORm#3n
!M4br
%.7&
KGTy
DC;r_
yx[2
Z;N5Ds
Ju=ZA*
rp{"
?@@-H
pBH$
Q6Bw
[bhD
\& -
.@CmIA
'O4M
N1TL
)]i;;r
A$EhZ$
M_e'
YWi!
X}iNf;cj
CX1j
bSuW.
Sa1,6
`wD`
(*9^
&2])
,z[;
"r@J
?A".tC
022BOg
!B<$
,Z6=!
$\OY
^WZ[Y
BHTF
!r!HU:
b^fbRC$\
^L6M
S>*7R
C*R[
lD%v
K@45(
\)y`
InGC
m>?j
_:tx
++}|
?Me.
=x/|
){}Xx
B8R-K
6]@E
14CI
DF-H
!Sm4Q
u{$X^
>FJTF
|'@?
!W7H
P]Hi
Lumi
,D#N
yB@0!oX
c=QL
_+K4
}Z{kq
X3xl
[?kM
[6>,l
5]_S
X>jQl
&FZT
c$;M<
*u$b
Lq|"
"69"ur
</PQTm
dX$!
%&c@o
`)|.
r@Et
5vk"
^I"-
],Zic
+8E:
q9`&
o%nox
Kzo~R
*F=Y6
2:nK
W3'l
jjZM
btQE6
e`?&#
Cp:W
E6yTR'
K`Z*:P'Z
Wr5,8B
;"jc
4-"8P
mnT 
mIL^
b;)#
)dJ_
B2Y1
izk"
JjJE
%tEr
\90x
?O}>x
wno{
}3$fu
:f'u
$sdj
3U=a
;/~!
bW+D|
D#zN
9D"J
<bRC*
\RA%S
^>*Y
*a,3i
w[V0Y
J{gN
RAg 
vElV
TVy-F
d6-G{d
|k"C
L:+&
,D_Hr
aS,!
i55+J
ygI!F
n kq%
WuV-
U]?-l
Y:td
?@HG
)i^'
}O$77
OjWu
o%w?
(f,_
Ee6@
n{U8
S]7>
r"t**tR=u"
*">X
B(0'
aKJC
RQM{
*jIU
<Ddx/c|
xJEQ
 D`D
~h5i
6<TBl
k:M#
~8zc
Q6*3
8Gh,%#
mlq~
=/2G^g_uW
85#Z
|<xv
JBE8qfC/>
\mwMu7
[d*!
jG]T
NYBm
e\HE
Q?DxH Jj,
wY-Ab
@E5@0M
7(q8P&
4K:bD
H$3w~
X]Gx6
agm:7@
}&TR{I
!jZM
jteR
';m;2
k&Uhf
`+7)
O?b:
N/~7
(9 `%
5=@Ep
AGG%
t[RmIeZ2
e';7
PD+IVx
zFg`L
Cr3d
&94"
8X4N
pO"%*D
y/q~f
0UN3
]R=nxG
Jf[G
i7&L
3o30
g-Z8V
hCU9
2801
FY3
D<l##
$["Jk,
\lx8[
bku=
RjS&
uS0J
bMT*
upvM
hTbuq
$La#
M>tB
/)|L
@B@-
Z`l<M+t
1.+} 
<S[x
X2tdM
Wmy
]Z+~
?vpR
m~Dx
_w;?
c-FWU
,E""
=XF"%
EmCF
THQ\
#a4}
=@~pd
/e91
!sX-
G1.R
|. %hL
 @$$
#)!J
i6d
^@%-
@;,(<B$
zdv;M.
Y)m{
sVS=
<]w;
TUN7
1~GJ
!e{q
{ Ie
l`-;
kE2}
Kuo*
bs$W
Dv"]
}4 ^4
U"GZ
D3"V
%i)@2_
JHh/
Hqbb
S*L>:
9Afht
)Bokt
nmj'e
7SJ;
&1]frp'
[~9x
/]z{
1@?o,N=;j
~<bY
o\[|
Jp"G%Pe(
{gD'
?X8`:
CE96
I~5*
H+TD
SX%2
tE"3hf
59=fK
LSf{
'7]:
xx-N
7'~}
=5=]
iWSM
frI=y
i{1f~
>_r=
YS5L
6h5&
]w[;
Bt I
IDAT
DL&QW
z+o0
dAOHTm
ZYX"
[pXQH
98R|
!_4*
d^^)Y
qRB
R4HI
sC3k
#iNA
KGWk
L;EbDDS6
p:/,
c$34C
(NHJ
;f[g^
X.[7
k?lj|~W
ool<w
YKMmc]
Zkn_g
;oa5
wy?y4
Z]^3
e2x1w
l&lL+'0
'(Zv
@x),
pi@(
U#!L@#(
#riL
69('
8I",
@BXj
zby@
GZr~R
;+Z+y
x|B]
\N}~
5C{^?
Y3b3fLS
pD_e
PG{]o
8^_l
G:rc
W=s\?
a-*Q
@>.W
b#I.F
CI N
-`V)P
V$Hi
Ym~3
MB"M4E
MJ;4qkd
[iskX:
VcAOs^
bX,PQ(N
"i6"
_Nr(|F
mI$:
d%LL
s.TX
<zUWd
g\&`
X&*T
v ^X
W9:n
;:h=
R6<%
vm-S/
ov,<
bY=k@7em
*eCn
K'1+C
Vj#x[
4CGDA
#&F>
Cr9}N
u8CvG
zTL;
<dX
nBHhS
dq U
W;YD
m@#J88
vjQa
RWOmtL
{do=w
?>V?
439K%
nT?l
a;2`;
\m$_
OEC%9R
Hiwb
l,6D"
pW%D
hfAOsQ_
v``A_
Vk^o
@caoc
Ku9E
1AFcF
r1)>
G(L|
Kax!
kh})
l?a@
q0RR2
1P&=c
fAwo
/DRJ
<"\z3
zCym
SEuS
[%MQ
=_l-|
?n_pz
soo9wd
o<rj
K/^wzg
.zv[
wM/X
n1t-
o9:;
ZUE?u
HbM%G
%cu"C
^*J{QV
an#\
!\Jx
s#'i
?Z&
*Boh/
$)-J
.tn4
^'c3
!:eR
%Dpd
G00W
Xuv?
V;'M
lKWR=
g^X~
pFQ"
Bu1X
Ti ]
DcF.Pd
>CKyZ
ql^F
`[Qs#<
6kp;
 e}A
*Q$NG"
zd` 2-
ckB8*
bTrr
EX+r
tVZ`HH.
H+fB&
#z<z
<l;tN%7
OD4O&
Vio+jf
$L+x
izocf
/^O&
niOT
f6YOU
-yx)
EbUd
,p$@d
m~lu
)ag&=g
3:=>
%X#94I
Gvo4_
8|)Pm
f:F$D
Ayb 
POsQ
b}Qb2
'G{x
XA1yIGI
f45m
3o/f
STYM
stmst
e7k<
yFJy
_(Y`
TDGJl{
#U4I
;Pb9<
fRNW
&@*!
"WQ/u
GRE_<+D
@H@E
|4QL
GqR
IA7.
E?F,
nb\vL9
'\]q#
jt,Z
VIm
kt2j
konb^
z}Y~s9
ZE\U
VWt6T
/NM<4b~hR
0j}b
wvX.?0
XiKe\N
tw,^B7
R0O! 
P0xj
%rhbD
(0Jv
OUG0`
}6fNo
()Gi
cQRAI
k?[P]
9nym
Ew~U]#
FeW7
\A@"
#&`N
E4I.
g*`*
#RL':
!D"d#
@Enw
`gC=
srlell
 QI@'
z#|(
+bT[
f12f
iuMK
VA?fS
BmEZW
lXSP+z
m{j2
';^>
m@Ej
D"J?
38oZ
cCx$
V`>x
[La#
 "k$!&
j']G
/$F1
s[E8
]Z@-
2h~M
q`h%
BK$,
BPC{n
7w_>
q^sgX{
)s][
TD*+
q(wa
t|vv
5ft'R[4
"t$S=
hW2^N
'`Bp
lO.]F
Hv,O;
LOys
)"@E
wG{(
r!9
8<@EpB
d& $
D0DV
v,&!
6Cj0
Ak3h
Itn#5
',u#
ONv}~s
yuBs
2k}z
ZEI[3
bQw5V
1SM_
!mjT
Z<7
V(tk
M#fz`
jbZm
('1%
:`f\
-N7F
WkEK
X(wl
w}[0
5+bF,
 I7q
Rb$ 
x]&7
YH@7j`,
gEB9
';OkE
C^]D#
}NQ.M
#R$;
{>:V
/m2?7
NQjX
+:uk
PP?4
%`{~
dP1j
tyb<
pk"VJ'{
\>7|
IHH^
Q$Ba
Yfp7j0
}H(`B
o~phqdpa
gvd`
:spen
z;g{
Fw'P
,%D!
]p;%
NVvp
:_K^
)@ii
&<j_
1^!6
yT7Fj
3;\_
YuGBy_R}>cz8
1QWQ
/,z.
qx\\@
h[>W
WDok
,e%1
3> $>
hS Z
6"]f-@6
f3e,
0FI
|{36
wn``qp
sjxy
El<Hg
2}\eM
BE^T
q"P}
T}$l
#.YK
qq@Bn
!"gq
vbqa
mepE
YI|=`
'@rz
mef5C
;TO
WdUk
Y{SN
mW7XiX
~BE~
+a`*
Hu$I
&J>"
|S_s
jd5j
/od
8F@q
*Rs#
zEb:
B57&
!9!0Ci-hkdrb~
kt8
J?xx
+ftUw
:cc#
<__g
0<`x5p`:G0
x{<[
H{4]
VC%A
.G1\
^*c"G
'{al
2i,QN
bd,b
-[]Q
v{cR
mvaC
Jl@p
Xtn$Md
4ktb
4\#S
XeASDR
#AGl"
zyJ|v
F1fS
him3I0
,<)tB
8*c;0
Ln@9
U@E0
<1\yt
r9pP*
1~JE8
"Yl^
F]1@
F*"H
,zC$
mN?0
hG=P
`ZE*rz9
8,,l
a7`A
xZD!i
XbDd
[tdI
\Isk;s
)}vg
IDAT
g_^p
>;ay
_'<w
~ME5Y
AY{~
tMO8
_E;d?
n)iw
"Ju$
kJI/
9l~@
>6\G3y
cbty
Tsw*
?D
-E]r
sK>+
qLf\
H'J|
A0b$
EPudb
@zON:!
BzHN
8,f7
E@En
s"o{(K
V~x_
Sm_?
^le.f=
/Z9W
,3HK
)ZTYh
+giJ
j5?7
kX`0,4
;c#O
k?Dj
aBDZTP
wv9e2_
WwmZ
d@9.
T$Q"
8Ffd
O$vA
d(+E;=
ZHj P
Mex8
7'{?>R
z:_r
4Wv^s
j/0t
UlhZah*\R_
N||8
BR1*Y
xFXv
YVl+.
n]WT
}^R-
J3QBE
0_+J
%T?:a
=$I6m
GGe4T
<,|=
B~6$
YtMD#i
vy=v'R
s0zZ
XD$2
JEwU9
]|F.}:d>
W,l)Z
_nh*]
l{}[
b\a*+s!
eHK+
nvLk
!Y!3
eaR\
9]A`
;05tpft
qAL*ZL
"W(Z
M6ll
<F7k
V|s<
t>Qg
5-9j+x
V`X[rg
|@}gL<
`Xa0
k)YV
crQF
4~eyU
&8&@S
FLb.
RAk)_,
ZUkB
?~x1h
sQ8fSn
sR /
R8%G
BcF"3
spxl
N*@BBB
YvY5
=@<n
p*nGE
jl\WW7PS
=\j|
Qpq$
XROR
aShhd
#$$8
+ykO
%G=e
|V}>-_
Rr}o
9+u%
\zU$
C8N#
0,,,a*
0arH
?3yp
tm(Y
pV?"
<zH-
9L^4UB
v$ys,
~Z*|LX~R*yX2
/ZwX
WZJ
C\PVQ
Yygm
c+cL4
%^k1
hg1#
hs$T
A38`
ODNr{
v;e]
G!E 
\zbb
~omM_C
VHAt
T`aSX
{|:p
!TDf
NYpb
|/z=
2?\n
:e;_i
km+
lT.O
y'1u4/2P
v'2z
L G&
^H`5
.Fs$
wU5u
u]@E
(-B=
X@Rho
2b5+
PRU3
Rj$&
Me|A!
HZu>
;6@jQ2 
l&F?-
q3Ao
w3:a
Vnt/
Xy@(
y6|so
7wDOdJ_
oM+=
c)I@[lX
bMP>4
i'|eYW
`$O"Tk$
3:49
P*T[
'H9|n
G`hY
njkX
VWg{
?"0I
GTYI
HheD
=2lJW&aW
rq@N
?N4_
J/{u:x
pX6oK
`Yj-^
F-\G$
[9TU
dBBh
0n8mp
!|J%
qELH"
@*B, /
Fkl_
Pm}w:
`2@"
[u.M
1"mm
fm5f}
00PR
*a47
$7z^
Yf5U
i?GaO
Z]WR
n.Z<lY
racYa
Xy$\z
&{a[
n*Ef
G/M.
z/%x!
78qF
>C:B
dHw_
9:JSX
5c,^
H"BO
F%),(@9@E~I
Bo2~
x6/E"
g~??
R0m\<Rf
*\P[
}u4~e
=_+2
iROb
TfxT
OJIB
PAck
Dn6BqQ 
1=jM
vDb5
nl^[]
S9ttD
tu{%
O!`D
Wuy}^N
=c@E{g6
<03spf
57~d
9NKqV
`1J6
0!32P
!1 {
K>^I
wqD/
s7ON
*El2
h6!q
iqSf
j|}[
U_>T
$#k}
g:lOW
kt]j
\2c)
d}IQ
}r"{
YQaqU8m
{U^
r-8x_
VCS_mCO}
2Co!
Ptp|
9?3rb
sh|'\
FEAf
1V6,
'ih"%
>`,l
R@Z"
.zMX
\a4O
{Qfd
)K%M
ae!S
IW~2
kReK
.TR4
p~[Y
.#::z
D&BE(
1~8w
liQ!M
Q]c/N
mnt`~f
X)m2N
0@0p.
R@98x
`N'@
&OU:
';o>1
UNz*
(n,]
W-m(_
M/mr}
3l>R
Xo{z:
L{R^
cnlj
m2B*p
@n>I
14r8
 QJi
u)@.8
2d>?
e_V!
}h;T
m2mv
mMfP
tXs!
 KEE..
'0iE
|\8,F
^mm
6mkn
(pORT0;
WTQ"
&3NFfd
#d 7i
D*]-,_
ljC>
^esYQ3
U}yI
j;ai
D&!rIUJ
N%d>
:4=yxr
0ttz
kKs}
hiS}a}-R
,@%!
"RsK
!!| H
g}>!$
a>({
+#|.9!q
l;3Z
z4m|&
T^<`(
zGE`
k[S/n
U^b)1
N2p4{k
{X\p>
C[?82
spy1*
=@E@K
(btis
V,I.6
MHlR
=6;~xb
?6=qtr7
4nok
hSC-
Fb0!
/)*@N~F
VbCI!
#S<@
.5oF
TD@W
Y}>^
2|8X
`}(b
lMmYQmeQ
YVlZ
1.i4-
[5)U\
*K/lm
c]C{
Su:M
f6ab
YPn,
FCHMH
Z<n'
|~yX
4\'xW
perra
u`bX
7vOl
N6'r
Cj9I
>>VBQ6
pq(`bd
dba4
6U90
cp1v
\P7
8;m'"o
=z&j
 8xcp
VIrc\Z
!eqR
)l<
IDAT
!.qQ
sdvznblnb
t[mM!
|d$T
Q2pv
!FY,
-8YX<\
ZrP(]P
JO*k
zkeq
'7}s?u
r.oz
[OL?
wWUXMF
]_nCk
EN!(
@Y;
F`Bc
xyPD
/+gp
'&8%C
IvJp
b< %
;}`v~zbaf
Ni8u
8:y`r
57li,
Q]uw6
KD~J
[V<J6P
:D)1
Q(xw
K@N2
)? `
8#sp
Cmd&
M9Q/
91YZ
V@cp?
O.?L
^Z0D
VQ+u
%:vE
(A_l
J;i<
^?.2
`pG}
&[`o
ENK"
f"@?X!#
12(/
Bd&1
'|NB>>
m=:>
m_7K
C}_5
tus,E
2 QF
xBFWI
wbb F
?"M4
 z#5
^Iup~
>hA@
H>.
s8mGL
(],
mHEp
._V*-[R
-5/C4)!
nIlq-g
4|G1
4{-s
Y@"mlSsq$
Dg(Z0
!\\#
&VF$f
pm(R
$gU9
bY4ufnz~j
'Fa3
ao{va
&Rde
UTj|
!]35*
riB%M
A"@0^
Fk]6
V%B{F
Z2j^
R/mr
c W`
6'ct
1mHK.
8[!^
l5rI<
LcFlM]W
$,#4
Fj5%x8
q<MQ1
iYY4:
&H"G
B{2c
dHFau<
g|s/6
961vdt
l0Svd
TJG'w
y`rp
B@E@T
J4OJSu
'GHE>
|8Yr
@JMjL
T)*r
JBE-
tW99+
+V(k
G'7O5
v@"X
@E@BX
s H 0
B(2Z
a3XC
Ttvy
J@",
:tpK
m)d6
4_k%Q
JPi@"^
pa^e0#
=@=T
0?K4
UqqN
^FwUC0
O@6h-
3g[0
~b8x
LwSp
0-d`6
Mk{Vm
%4rb
c8la
tw3,
8bG)?
@RM8
s9V(2b
:D#7
 lpny
?xxr
c?Qt
E[VL
iY>^
A*b1
%~8g
6"u4
OMW0
Ys(h
{~}"
+_^[|
<Pw]
:G}tc
'?xd
yz^z
a6zlD
.2{ 
)bs0N7
3C@HX
`M,ZF$
$e0?
eI,b
'Z'~
:=7w~i
lvfq
P}jdh~t
-YWS
-[WrE>Q
sEh4
**Hcp\
haY%
E:'
v9QK
KJF$1$
9-VB
zK!Nw
{kV:
wnQ?
*zmS
(f=]
sxX !8"
~5]O
PQL)j|6E
fwm[
t$B*ZY
l*ZX8
Hc/.
SKs'
<={`y
mDc5E
$QKsrN
U-@G
I87l
HHVX
}"|:
9ET 'X
5AaC
nM}yu
{*=gY
5oj_q
9!2$
7;*h
J@H^b
dq@K
Htfq
9tI[
6 2E
m[`9
UVk(
D^IVc
V9Ja#
<d2tJ
?WXH
&>npn@Z
MZ[g
[mHv
bgk+
[mW2
#`wyl
D/R'
y2O"
|V)C
=pfi
v^/O
JY"\
D@HL4/
>+D8}
n$,ID
Ku@E>3
UbCW
|5c{dD
5bZ[m1
[z;[2
jz=j
R>Lw
j&u]
`FYh
g^:_}pB~
F~Dp
A<B-G
&!@Tzr
o/UG0*[`
0yV@'
!l'Q
K*<(Kb
 eY>
LQ v
RJKEXV
rvSm
;41F:
<#Q0"
<{ne
FgG7Ml
 CH2
^*)*\
 p3J*H)
0JIM
K`aAWK
<]_)
jV#E@I
Gp!Fi
WOIOn
Yvv-Q
5j\S
ym1s
Gl-C
yq4.
Y;=v
C>;p
a#;jL`
l#D>7P,
j[WG
*D%V
8rtr
(Y41
TDjg
JNKd
z"+e
bDPH
S#RNN
kPE;
Glb}
% `@
xGy
ws<x~o
4mIv
0h];
xBk+
]>{
)Q@Y#
`6H/~M
]X$Y
E1]T
ndNM
9#'sZ6.%H
,!3V
-38p
ImX%jCh4
TD{C
FA"(
`A{m7
N *;
$dzx
Uo.b
.,u]G
'81]H
tAH}
KIZL
s@?:
1L^
RiH7
@@)b
H !)9
b%Bg
F6VK
)GrE%
1FRD
R^TRa^w
i@ED
gR</&KJ
8DY;
txQt
w's/
cW^-
=vL%Z|
&8Ma
$t]s
 >EQ
8!+K
XU##
7&r}1
Y'$x#
_"mI
/cMMC
2PQ.
U0R5
Y@mk
84=vxf
Z==4$$
vXKRIQ*
8+by
NbI1
&bNp,TZ
O:;&\
Td3{L
(!Q8ro
ry#P
Lp>E
R*^ODk
JW'z
c;gvn
w}K{
@TFrE
'k*Z
f B:
"jU)
-F*rhH
ID"0
`%+K
2A?C
=@EX+
66>Z
r<^p>
I[}d
|@8qS
QADE
]cvY,hQ
kl4;`Y
DiXp-7
kbR+e
JJ/'
fBqth
n1ZiiR(
!*)EI.
|LoV
B$\I
%^iM
#}@0s
>qxn
px;%
Y#Y"h
*b}hz
BmS(
.`&R
O<qx
P3a[
g/?1u
d{DYuW`
=r#0
:_8>s
X%Zk
0,~4
Q"m6
vEzm~#(
<\=t
Bw9O
IX+J
hSD/
K)9S
C['
mtns
a?s#
CYF,pJZ
&F2"
Jzmr
'aqX%*
)wK
*&1+
T4*0d
.[f2
[`ZiZlX
8}H}s
&-72
ckor
[m:"X
%/nK
-[j1-s-Y
IDATo
d&?d
=R  
@Qr  
Xp?Hk(3R
G+@EJ
oK$;H
-B3k
B5RL+'
"$1X-
$Al9
@2=Ji
t=03F
QKtxv
=;&6
0SHJ2!
<>%aC
Po$c9*
9E$6B
u@0l
!h@K
&J lE
;@9}
^q<\
Qu;[{
-F*Z
'^|`
w<}p"
-u@Nvl
KXFR,<B4F~,
SHE6
7^7o(
t+ Q
NLX3
=2\g
Fl"]
gY=Di
jeBE
kzx/i
#e5F\
2-!D
b#$dD
S8Ib9
c[*?
+W??F
mG\K
=XXs
Ws4P7^
i\9dYz,
v}vW
3?~{
I9'`5
$"3b
4 Kap
D~'K
W}5#
*B'k
=Kwe
-RLD
M)(BF
UbM9-
Iw'K]
%YEU2
fy5Z
r2`0
 !j
QSQN7
EauL
*J+h
C+H:
a@7@
tM.c
m[[^k
ub xx
akt6
zWCu
H?h2
?QuU
@3@E
W'kL
4+eaIJ
PB"3h
<*d:Z
}38S
[jIc
"z?J
JPA[EZ
S4OS
k9/K
~?\-
mXzS
<Yej2
Zfj\
/?;}
nBHh0M
;9gC
.tk$rl8
|(ft
MGHJBBaT
])o0
$R-_\
Ep,x
kp}V
b^+#
BjN5
=;Q6
CgX%
YMJ(
FS"AQ)
fHBp
!!@B11BPI2
AEp\
w_=w
n8u{
{y,x
-5-YN
w#j`
"yHJ
iN@-
\%d-
.AI"<
I!M+
</d9&i<
pLV+
FR1j
FI5)
lAH"
m<03
g|`nbpv
Je6ds
G,(QCc
wx9.
Ea2 
'+!E
ilrQ
|-<q
CNxy
pt(@
*ZiB
;2WoI\
boO9
o9qs
 /.Yq
jAg 
GxD8
##f)
PJbF
9I(pL:D
*bVW
'TTI
mCCsc
sr}+N
!J 9%
 WNN
2jQO
h@1U
5p?!
#gO}
Yw.YQ
S={w
o_'|uk
KMek
jD's$
:L=k
%"_:,>
J9]-
{P1)
(gE!
ICk*
ts%Q
[{;f
Z`Mv
%R+2,
Ttp
>207>2;
vwm
&X4zN1aX
`BHE
Rr"%
RCB
zHDCE
NE9=Fry
zhz0
.79W
XZ=/
?Pu,l
3i\xMy
vQ{v
FL:s
}.xcD
PF%Y(a
9-GzgEx
)Q*Fr
6C]v
&X@E@
p.lzx
C4=5
7kiT
$cB-'
k8J'(
m$FJ
fnxY
8Qey
7aqF
+"+cF
y*@E2
4uJ
*Eo$/
^?;t
f^u[
oR=sTcf
z',K
@<@0nk0
8.J&
r*VIDJ
#J9,
0"B?
V0'
c|(&
@B@E
f$+#Z9%D
y%2L2b
|pq$
.l*!
M'5'
 +y9
h 2z%
c5)rT;
.UV:"Mk
ojf|zj
Q^D"
(D$B6
`D1&
}4t3B-3
6r=vz+
b6mT
5-` 
V[md
&m$:8
ivdpa
m[gq
(j12
)@B!Q3y
'DG%
3_~~
gl\wrk
2O%`
_o}{o
^_wPYw
=QO:V8
#|Nt
F4.j
/+9IL
@Ea4
gM+O
P.dd
|8VR
;nZ.
liy[s
#Obb
cB-P
Z2-[
eCO+
Q#Y3
P,{z
"9e4
xxJF
4A!N
1Z71
SEOm
LueK
q\i .
_q!j
+F@E
':IbF,gO
_]<K
"|KQ
!$Ye[
E"F6
9"%.
Y,5!ZMn_
,XT
o}^Qagb)
X7AN): 
HER8.GB
mxPP0
A3hJ
?46p
wCUo]
Y^_Y
Vo i
I+m9a
<d#Q
F?^<
3g.|}
~BE<
WGtP
aZ;jb2W
badl12z
/G@"$
d!!r1
)fu!.
NT[c7jW
};6c
;85qhz
=47i
=;zg
<DVJZ
vF'$b
95"B
Yl("`
x!.*
(pz`
@Q8y
Hr[8r
{;V}
]/wK
J_UE
=,4W$
AtTo
X+bB@E
IrNWS
xbm(
Xk:Q
Wqs>
db8+
gbf&d
PQ4T2
"&aQL
eC@B
Py=>z`
M${b
%gj"
d45 
vGLW
{Y%(
Nc@<Dv-
+\+k
WUV9*
2M}t@yn
.opd
plpTx
\I/[
'-G$
g@<o
n>:s
<\an
sg^y
ObIA
cLTU3a_@
ZR0R"
6sQ#
$@Ux
:8=v
hGgqgW
`daI&
nXY-
3eC$
'K,>
Q@ 6
9?&:
ny$[
j6m\
[g,u4
f/\'pM
.*H
T3cW
hO';
(Fv$a
Te`
<27}pv
hn43
#o%#
I@3lQ
pSp>
*rol
3pj^
@6dr
hr8<
FGeKEu
^R[Q
/x7.
vw&r
@k9D
`}Do
)%Cb
%QZdO
oBiv
rJZ 
kEx;
|De#
%%Qm
^$mwG
80T i
(Q1
1bDid
6xN,>
Kpfu
UVV^-
-]MT
RUU_
e;k{
d>n
1;V@
({eB
Zm@*
g$8M]
90RD
8GGi*
rqXA&
woE+ R1
ibhzh
?IJ+
9=DtKQ
`w)E
 0-a
Kjq8
P2k&
#aEET
Gj*H*X@b
*D(-
+>O2
Cyi8
<8Vf{[
wuhuE
nmpe
YU]k+[
ntTn
h>8e
P@ch
B)O3
5n@j
a#2z
Fl*b
iiCK
X%%*
rR63
G"y,5
3\eqd
H\IZb
"8}dI
fG6ceh
6y|q
Ql45qxf
P1;\,
d5 y
nT01
Qk(Z2"XC
Pc@E
IDATlJM
YYG|
pPQ.
EJ$.g
C@EaACkG
2hb)
% *,
\4KD
B7ml
W;hU
]g~sc
zIdE
WW;k
W6*P
nccsS
z1&>
41-u
s^7z
%JiY+
'I2k
R:ZNF[a
!X!.
C@Em
H(,F
wm;0
\\<>7st
DX%F
QJa:
o2f*,
iG$R
9d|6
:w<q
[O?6T
;R[S
&C3kO
vtt63n'
1HBg
vM/)r
G:p
na)Z
@kiEN0
l-vDE
cdT-
]<)N
|Pg}
xk{4_
364;
yq|`
5phz
FI#!
eiiI
6@"X
IQ6H%IJD(W
(#F)!
gq:
SC(6"
1:3f
jg^x
<Sxn
,\v@
/YT\
kY<l
/F7#
sRPVR
k+qIN
E8Ae
f1U3
zmM U
MkG6n
1hp`f``
"Vnp
FE')iiE3
"r ,
FBy26
y1Hab
6UxQ
=.`,
wRgT
K.Yc%
!9H4
wc_L
T'Zo
r;lN
*uNz
wibcHN
L*;C*
7>8u
dqEiqe
/YRf
[wn\
x(+k
Zi3WpU
-hmj
!bwdEKk
Detq
pmc 
kMC_KS
Oto6,
*8lr
f1-$
Gca
m!%6
W5ZD
C9% 
_8\:
!!hN8#wVQ
%&SKY
{'jo
~Z.?#
-6vv
@ 4=
y%xeaiIi
,,,*]RRYVn
A\p(U
=J'\
"!kX
2sf3m,c
@A1Q
Ix`2=
Zi,had
hF`
DZ7b
dKMjc]
xVs4^
W5+%y
~JB99
IM1.
6:OJ
KvFr
''X)
[PZd
;l"b
:X8E.),E
cCsH
ygpp*
P-ns;]
W~fe
'}5^}g
3u?=
Ed"?;
.*+,
WYiu
WY1a
]YIY
k<MRpT
!z#_=B
D%:
mX9
{xhfxp
u+:V6t
qA2RW
x"Z&
~B*%
X+g,
[*lp
D^FdNFpn
693Q*d
uqQYQa
FURX
"8gx
'z=i
@3k%
ld#c*
3hQU
E=bP
K`8-
[#zjD=
q[Xx"|
3e-Nb
#=PQ
V^\U
0YL&W
dkyY
LKVF
8lUV
bslis
+CWs
;\Vm3
g+w:*qP
dqUe
(C=md
@Ev;
`><qX
f8t 
&0*1
p|]D
&-<`
I 1`/L
>I"]02r
B4"'a
xhG_
W"jDh
M">@
Zl]qhG
xBg4t-b
m#J#
|1!@
xux 
~Q']*
aF*rVZ
dJ-(
3m?<
cbfa
!gcY(X`
LWNf
g`hZ
,Yb),
J#df
Nq>;
$$5O-l
H>"B
GNz=
*1]E
ccz]TK$}5)_*
H4~p|
Tju4
( 62}
(x!"
-)p^
9&SlA
?Quo
:e[xd
?'kK
)>ov|
WjEp
}|db
(]a5
O7oaQ8
hzW\>
Qiq5
F@E(9
I@E,
B'hl?
C 9 *YE
E>hL
Z!Jj
-%iR
dRb@92
~|H{>)
]XX1
QSqoMm
P=z9
849vxt
0R(ll
F"fe
oGV~;
)yAY
fNF"
+33*H:l
_\YRe
.Q5o
={vQ)
9Y2C@
jC-gvY
yW5o
 ckV
g^ZR
Hn>l
HVjuO
=5>-
`HHK&<5
CaO*
xD?<
&vtM
?>vhj
!SW(
g.\T
%'D9
^8T{
#qn8?RT
Avy9
b,Zz
hvVt+
(7Of
PX8F
b\n{U
RJnNq
pJX'IqU}
c#;G
;kcI
w;Jo
y9}yY
)0qyX+B
_YRb//
cCC3
U]R]Ue./
sO=Z
GO=p
qDK!
a;he
#ih"
Xbe8
+4Y<
p,_D
Vt"J
NtKZ
>F4,
5%ag
Px':+
tPUN8
vU:X
fNUf
?^^|!]x
Sq^-}=P
j,05
Wde.
}fDe
bsQQU
r8HG
la+(
!4(2t
Pp#`
1?4L
?HyY8
5 Q4
s-)*q
o)y]Fb.I
gP^=1
F10d
elmh
P)%ja
!qk4L
A,3:}X
A?Jv
n@3^ !J
2<W\
DTD9g
YBH$
!Alv
3L8&
dZNi
$:Y
2*O.X
:RJX(
+^[?|h
m;_;
Y6oA8I
3+v"a
(Z4?
6wLw
zxWQ
3{nZ^
4qY%g
%Eda
0_SA
$q,S
cQPfX
TabH1
IFm2
DKD
7{|$
c=]#]
hG45
e`hv`xv
VX=]
&{Z`
p8KyK
>%:S
"4f]4
`8/c
bLg
X3M|
X@$
1AVi
`x^i4+
aDRl
i$ZF
6GJ'g
;;mW
#%t6q
1octHu
)nqGRxk\
0~nz
PQhhqnL
o=:1=
?lL?
SaiV
C=5 
|sdm
DB.,N
.A7E
5p.L
8Qyc
Jc7jl
m3z,&
Vf Zl
`Pos
DW;io5
_[\P]
l6T[
@Zg
bt*Z
TDZo
{97^
dWi`
<5,Z
F*)&{`!GJ3b
IU2)+
;3{N
/^z0{
,:!.1-%]
_+J8
Ky&%
k&#9h
7b6a
F/*~
e=HEf
^\`-
Qcei}e
d'=2
5:;-
yVcCg+
&3(X
u2ft
9J:O
d9HEB
zEUQU
9sxlxk}
*5/=<
(+4"3,<1,
}{T}
-%z<~
ML,#E
xXHl
l=1
Y&rH
VGOQQs
=kP*$2
|jh
./WA)
,B#O)
(>\*
< @zd
10De
y F/
lmvx
gvpp
q% Q
Og-0
Ok"T$8Y[Id
Mk5s<
d-@E
g$I)NRT#
R?Udc_=
U@B:1
-VQ9
QQzFk
r*WB
I%Q0
,::3tq
z?skD
7'jWV
2iG^
#*-.6;&!',*5>1/fYFhLz6J
>)tMrHMrDCJ
s63q
}1RA1Z
hQaD
zb`-
1M\m
C@E[G{f
!r"l
@ED]
zECU
3N{1
Lc,+
jXTX
hbPS&5
LjlP
`1ZD
K}k\w{\
N6?:=u
-I?_
*n{^
X"2-
'/?wxzl
"l3<,]
`\DU
#wZ2
IDAT
&XmZ
#Q"7
_ymh
=BEF
QmEok
#XY^
wpjh`
n\YT[^
^"*B
BGok%
Da%=
3Q(W"
k@96
rb:E
\bPI
I9U>+
ngwC
^|gthf}
|08~
lYvsC
#,dC
'9|UrxuF
n)v:
/n9j
bq\N
MKY
8,(l
(A'k
 !X~
fPp$
[h#n
(3Rh
xvKp
+CwiF
9cO;
O=mOx
0XC1
bmN\
D$BD
pLu
+8|L
k`# *
#_mS
h^pR*
w60K
ctdnt
Fc&^
I(fB.Q
[o8\
ooj8p
|fjKSSOi
-bAsD
pcDH
($M$
DE/{
*;)5)>-:636!31!#*2-&I
,&#&^
?/)D
/O>Q
eD0T`
s!oE
A,3)U6t
yX+BF
9k!<
ja]Z
ozx`
@E3#
w6l
lo7P
$XWZ
-Efc
tzAp
g #iX
lJK
Os60I
\`,2
*)) ]
@fzZ
aSkM@u
)|)SW
}*qEr
1.,;ja
(uYaJlQrdu
F6v_7
7>=}
7Zsn
<X}{
H^3e>O'
-)6Y
lYZt
+7n9tz
Hy~U
W+M2%
0DVm"Y
`B6R
=8nf
cCw%b
~Avk
;ksh
)Pd+
udxfxh
!t'"
&;;gz
.AyuUIS
&{l(
v{1P
|2xk
6qtD
@EOe
R>|u
tb1+
0b&0P
zhTGY
3[m|
]C#u
+|akb
rO93OhS
"Q<i
'?-=!)oYRjB|jBl^B
f/LRx*
?8yp
w.~~
:8;C
(pa]R
4Vbqd
C*r"$y
T51N+Y
}lxhnl
imE{m%
5~7P
om0PST
z=vR
$gPr
\dDD
(f0K
6]F2
,[1S
Q>.z
uE}}m_~
2p j
o}`k
=m.Z
B6cN
g.?<~
.>;z
ON\zu
vs"\
WDE$Y,+
PdMktp
aLI(S
,e8`
OHbT(,
[ !!KE0U
!4@EhY$5
RZ\VQRX^\PQTVY\^SRTQ
W]T^URV^X\YP\
'#%;-qk
2.+iU
+#Dj#
7rDz
3Rm,
Bu6F
^+J?
*!A2
/_&{
3F8zx
}AcE
3|@;R
r9})
tjKul[
]o*]
..p_
-O^>n~q
*=U{
8=5=
?5>012840
)6z5
C+ BC
:|5v
z>GM
Qm5Z
a^m5'ZM
VCyE]EEUiQeIACeqmY^MIa]Y1\V
yj9Y
M)+2
1@K1R
|=Gh
p;:0
[,bb^
0T<%
abzb
*vmL
.<<{
+Ia\
u^x(
}=1qH4
iKs}
)ZZ07X
gxpddp
sO>+8
 if|
H!L1
)OE4
CYrKD
rTy#
yuEE5
$lON
rC:7
A*"Ej=[j
hfHG
D}1v
,tMd
$OEWq
ELar
R_;W
_?}{
$ecZ^
+gOo
#/^t=hn{
\z]y
4aA"
$@B8
a+qDN
$h6-
Q*y
4ib`
gz%O
xXZldU
(#WG
Vea^EqAiI
cCIEma1mPT
V(u1RU
PA;"Z
KGCg8
 pNM 1
(x/cK
!)*B
VRc!p8
y-<~
?neE{
&.9Q
b{(t
[?ss
69Ml
dY8/P-X
i^B%
]m9{
ioZ;&GG`
x?=>
iCvt
dXfk"v
::%v
V[^^Y\Z]TZ[RZ]XT
dST_V
X^V[X
=YY;3
6*"#&bM
)TIz
)WY$8
_s!|
{:#!
_1zv
Ox.8
]YAL
\]jF
fW_l
W~|}
&>LL|
.?/=
&uclljtTJTd
AP1g
O- M\
pqh(
=_'WF
VIEsP
"-zY,
-941
8XCB
D!QT
YB*3
ix|z
":f0
aQ2a
*)ixr 
)[,
%$S$
D#Bh
jxR9
g:Bh
O_>L}}?
3m)\
#`:?lt
<s*k
x</]7
4?xu
1g!c
ppgv
jE4 
EX<B
TDyC
I!CX
B#1k
o0qE
pieQ
IKju"
;`TSU_[QSWU
ja%(I
b=Gh
J|#!8=
aQ^D
ho Tf
`):Au
8Z(!
F>U.
?]N|
uezO
/`uls
tA7d
BMjN
v+'}*
ddhxdt|xh
C]]#=]h
K?<;y
Pu45=68z
VSq^iZrFtD<
[FYT
*#tJ
XT"j
aTD[
$<% 
Tp52
dg$mLK
!)fSJ
:Xp
FWFJx$
<4oD_l
B8tV
CJaaC
C?xb
kZh<
^A3F
4g/;
536364
noW{
9?p({
5{q c
c!kNp
7oNN
p]0w
*156*!
2ZCMf))%
vI,5
Dp]/
KA`S
$[&f
W+x*
*2KM4
P[Qw
@MQu]IMcy}Ce
`eD[
U@Z
P8{/
I|Xz
m>1yy
\F6y
Z4^-
w~|~
@Eeu
^er6
G.<:z
}#]o
;b8
3=Pvm
-ih$
O!fK
DfJM
Wm$ufRo
`}i]]ImC
P]EECUUeqqUaQe!
gwQN6
"3WZ
9RxKI
SrcR)
$T(g
fK5,
Df!I
4=1=:
~ljrbdbl
hblrpp
]9yv
}!CYKz
lCl00
"J-dK
v!EE
aQD~
/o+=
-SY#7
hNI-l
moy6
&$jh
Ui[ZqS
E]xA}XzUL
=t*w@
Mm J
$JWR
=8#&wQj<U
E,%e
&0JV
H#pP
U+:c
-56++)
H(5!
Ht3B*
( B
"%z?ryZ
GOH 
Yh`(
a80/
87>WYTl
BNN<b
:0xu
I}63
AZUHv
i[g_
Xc~p
n_wv
hmmm
}.8*
:I$j
"pLT+
'%.TY
~Efk
FN39_
FBDHl(v
O4+:
(TX+R*M`
b:OH
%8:G
)&5U
4:|XL&
utd`v
z_5V
Scd~
p#z7
>k.F
R4{)E
IDATGg)
;8{k
M]?<u
Qyy#
yKXf
CusK
mdvux
j:jj
@EHH
:Fqz
N,v
C&CI2&
^!w%e
 OdP
An4*
{:#*
TB9 
&JS"HI
hH$|[
D<;.zd
s0Ye
FhOG
eaI]
CBhN
4M5t
..,~
C;DgbJ
N.Az
i\JQ.
~k*X
SkqY{}
cy[uM
8T}M
M-mC
RLhe
C.uFL
4z;y
(S+-1<
(!,<6
TpL"e.
m&{$
\4=b
]*c*
i9%
WusemSu
sedp
f;l6
l$o*
8"`:
kwTW
Z_?*
3n1Sm3'
6<=:2548>1976>3<2940
+dzL?%
HpR
xZ9%
1#V)FM
Xp@L
}$<8
l8Hh9
n3I5G
IX(N
+#1##)
VVBvf|FjLbJtLzltz\TRTH
0Jy
1x:W
pzBSG
yy}(
d*{"
wnpd
Y3]6
cg#3
-k.n5O8
mE??%
W^?^]
1NDp'
=2y{
oPDt
:T}
,T{,
l7Wm[
SuoEM
3>00
1088
tJg*P
eb-@
QB:c
;+Wy
D"G1\"x
66<&SbO
*d|L
zb:)
9L)U
4>12*%&*5&
a&SGj$-*!,,6
}Dr8
!@:
hu-U
h:{:C8
j~`r
Vmn;
5KyN
Cff[
W[S?
ePVc
JhbtvERAUr
VVw6
&zz&z{';:F
;I%7#__
N.x[==5
URKyII
=qM
49|S
4Ubx
2I@(
:1[%d
>b-|^
y^naVf> Q^
X.JHO
"Sb#`Q
yx7:
Fq>N
,&)5
2&SJg
N,>,88
Lx;.
e8M;
{Vo9
4:0R
;_H|
ta~n
W>?jr
KRO>
eHZiH
H+K{Q
3[-.
`D5
&okS
+,@+
AB8"
-:%"
%S"=
IeT",
S~ER
?}|'4
AW/?
Q(r#I
0kV,
qG$4
yB'Bl
"Y,%
qlX@E
L4wM
N/
kaihd02$
Ey_Qqs
zzkk:
,Oo^ug
o1T<{
)%=)
R>>yV
WuU|1Q
^>u]xR
;7{l
KMw}]_S
AU5K
+g(`
nLh 
 Mri#W
cJH*,
|>C E
7!g`
G~R"
~-tZLc
88ui
_.t_
;-W$
PsS{p
z_9XQ7\W
vn=i
V5/O-
B 5*4n
p!5p-rF
(Yl5~
R6%'
8rtn
p@#G
ng~{
S1jX5Q
8s%R
A()
dTT#lp
zl/?{
''&"
.!>3
ZEuUu5
AOm
ZX?X
Z]Xk
$}PX3_U
go[-=
\xd9qGk"
$7EB4
9sqN
K""e 
.l$EM
*rF)
H|)]
 ?#??
 /3?#)%'-
2:^L
#?TS
c18$
0pX}
{`eh
44,5
2<xk
zpq=
[}}e
y^:t
&+Z'*;
V;FV
T47
<K.~_
@DB~\ZMf
@Wp6
tEaviAV
XJM|
>\6 
Kw2[N
Q,d^
r]XH
=}vZ
UE'WS
gRI4-
o*x_
t,u
"=]7
 _8}
'fFw/j
X[z^
wLvt
otde
2>K(
I9Se.x
JD>|.
Hh|I/
%G)4
`]ME
h@E%
(H.C#fB!
z2Xj
FQ$
\"QLa#a$<
@SKr
lYD5*
L{oj
7^zwc
T-{]
~*k;
$\=P
_\h+z$
Ylvgb
5G|(
47p3:
]+}o
P^?V
uu~[X
%Ee)
_A@"
=DBx
VkdS
`Ort
|>z_
FLW@"6
)E""
 <92
!@[$t
!DTTV
S63%;
(='/
 3%+#%5-
Pz)#9=#
)ld3C
ej0B
ph|
@?,<
#ubL-V
<[mo
F*e-
GE=a
|/1|
%:=B
wWwc
~ l%
Gd&*
/w.5
ObiD
J(hIR
v?pyI
lMo]
SAS}
a\FMRL
<7:U$
Dfg\
L9FE"
q|gG
xdoOv
D,9P
H@sdt<
!ui !
@En<
J0$B
2EniVJ
"#5'+5335-;=
 '7?+
FY)i
&2"1
U|G"
u%sP
%j]i*
\(jG
|a1!%8
<4CGFNg
6ae|vkdzkpjkv
6tJoG
UM}*
W^9_|
ElZE
L~(d
nLNe||/
ZRO[
&jh;
@}fk
{fk:g
S[=C
-5wN
VYWQiWjY_vy_
sjjvw
cNc~
P~iwJa
"_Xgs
G.NL
n,Li
0Dn,!
U]eE]Ey
S@ZY
%7E"
T$ga~
$ap8p1t6
G:lD
e;q,:6
Fs 0
ylacbagr~
#79S@I
r.v1
vr%_
x+[x
0;z~m
9UY;q;
tM4tN|P
eIY5
caCbAStf
De{A
upqqfyna
q`yrb
uQyOiYwz
 P`Ae?pR~
dn~kr~[ZIO
erb~
qAF~
R$zD
 d4Q
`N#R
(b!|
32JC
XQ]TP
S)rK
.(Q**
lEfV
 FHt
(Lo*
MB I
l '&V5
@v"H
rp.B*
44mu)n
`{ee
_{su
[5#z
WX?]
=@!)%
_P9\T7\
{H<dB) 
RD.D.
ZRD,
ID><
Ep1d!
_`g8
LUWU
c#xIY
ZA'A
`I&8
/[pW S
3LR"
EDB,
S!mk
"2$
"p|
ecU6
p<2S
\\FmLVStV
JRv&
KFI8
OWwL
wMW7
u++{
GKs5
bPDt
l76U
=8bO
IDATD
n!rW
03Z4
}0Yg
B.%$:
nODjFNdu
8>913
`Z/5
&StJ
t}}c
;qf;
~$;l
Ng}-
{:c;
^8m=
'4M1:
dewJq_^
gmttlN
tO2tO
T)-P
3I)0
rckFASNI
{Ss+
3.++^
`OGa
%LO!
*d2d|
CCeF
McFct
BA#)S
`1$.
.&I$d
-Rq%
(3-?+]
CYzMf
!=%!--!=
QBt\
J%xG
UAfa
oEFe
<7p0
`/dI
g"!3
qubp
~]]]
:p{U
k,7Z
(}Wv
/m<&
h]GfU
7^fy
pp3E
D]K_
DiuwvI[Fi
hzu2
Qkh7
< x@
L}kNi{
uUgie':
+b]#
tic'j
&z#5 !S&e(
Vpp'2
<arGb,
[$%I
"C`D
1*)U$
,q0B
`d%k
Z~V!
TtN!9
Po?K
c$@6R
|2NK$
G@d`
r2OB"
Di_$
?V~|\
4iM@T#p
jK{jMc
['*[
C9Upnc
^san
/}POe
j*G>
tuOqm_^E
:UZ7
J*:te
mClz
mDWb
`1C$
RQA1
mA5I
$"QP
b{sY^
>Q g*
)1"m!
R)Y,!
C31*
sP?Z\2,
4D&B]
LW38
%^0X2"
ibox
X{rOm
FZ:G
'qN'#v
pGil
:n|wx
Ne7p
s_cqz
jJ*{
c@Ep
]{Zn]FAS
mFmx|
66AN[
1C}?
`PIU
e\fUJ
5vwv
g{{q
"Kp#z
y4/6 
^vnjrnZ
6#-?
|d!2
c~ b
!]P*
*XGl
4` @"
X\%W
7EJ@
GRT@6
%2UD
AC%M
NEp&@u
oW%q
;j+F
c6yPDr
wWw e
Jzi{
[Hq,
ZT6}
Ov/%
'/>p^
Cny[B~CX
EFud
N/FzEE5
?<fz
{7Zzm
5'hM
cR*>
%sx
HB>E
hpVpnHB
Hb1I"
!Tqe
)S|F}
FFzNZ
)H8;%&)
DQO#^<
{!Aa
F@QXM
 #UF
&'Sd$
<%U @6jlXA
CT$8
IZ^^
V?-.
evazqzrf
M^kN
KS3X
_>2{
EeW/<`
3qioo
\|vl
(}OaC
d}]Qm
BaXm>heyr
&DEu
K*:`
RJ:SK;?
K!~<
LR)'8t
Jm$e$
}?XL
Q%5M
I^\d
Q=Y?
="*OB
hsQj
Y#WS
lT|rt
J%AbN
,Aq#
AEEpE
BA\O
V#32w
yeey
di*B
C[ks
:'j:
>m;p
MFxO^
COy
@QYwbN]
iL[5
mSxJU
-vXXl
F$Ud
3u7
]Wn.
n|C+|
EIYU
-=8@
r1#rp=F$
MFq 
ll)`
6Y 
1Yj9[
E,)0"@
2_(;F
+h")U
+XJ5
|YQv
(9:)>
j!&j
XlxK
CPBf
m"RP\
(b"WBB
c*5k
Xm=L
owny[
n?p3(k
7wMU6
hxqtfetl*
fJK@T
4:lx
mA{M
PG.9
aN3w
[xph0`
=r^~xh
)dT*
7QW_U?
cnQS
*;;{f
T]Z~
G}9R
xrI^(
>$t! 
 *Rr
R9Be
%-%.%1&
Z|N%>
ArDT$f
7|(:
(zDbr
^T=mD
V7\l
5vO7
p3)4
Z_?
YV=P\
4O!g
*5&J
x<)_[
(-)/+
z63E
FrlZ|Tb\T|
HgxB?
FG]W
*$#o5%
9WLg#
ri2nQ
BGB"
D:F^
~|[]ZZZ^Z
_#,<gO<fO?&
c?|y
E8OESf
d5=p
{msr
,CGAug
1;dK
Uak)
Q:nW9X
P$LS`
a\V\Z
$?)Q
<*:"
;V$>-
4l;Rm
z#wb
I4xWH`
Ks'!
,`We
|_x"
.}ZZZ
"MA@
/OX?
Sj5Y[
{L\u\xv
;!^L
h,o6
:}~ygquoW
updBg
9"J*
N7gL
%W(a
!|:j
YX;
B,UC(a 
dX;
YR%W
0 *|
({).
BsgL
<y0p
R/8X
s@E5@B
LMLER
B`#|Z-P
FCTDd
@vG,
0+#:
\SDBF
XxJ+\
@B,7&
J,7_
KO!:
+{,~
|xIZ|
j}~l:
(~WmzW
&{LX
6CIew^i
yv``
O.Ix
(1|F
$&)[B
6aIS
b$!n
b1C!
SaG*
H| '8@
^$EF&>}
$z|9
{+.+
q}y|_
Q(R2Y
b{PQ
BW29*
_V>}
l+S3K}#
eqh|qplA?8
ON.?<
&ZzK
*#NEX
Bu/2
Ley&
@TOd
P@?x
iYIIo
GqE)
`>/H*
}(t_
cyQx
QHD3
](@9(
o}xd
v`65[
.5Fg
Zkts
ixzixz
OL^;<x
*;-%-f
n_{l
?704;
?3`F
9WL.
QW\`
q0_"
x1]
'b%"
/Eqi
UFj\Jrl
KrE%
L7|T7|
kpWFg
x*6^4b
KJpA
2KNb
]ilW
F9!DL
^xE;
jpqd
m~iu
YQ_v
-&P,w
==jKt
R$c!If
;gzz'
mCpb}
P\g.
57v
fL\\FAAU
?504
69+6Tr
qyCq
M"K)T9
+P"9/
7Ry+
xB_6
F2:2%R2
k;DEj
QzLV
qbqjfed
ozpb
|yvv
=l}th
=&<w^
s*::
.L|m
~{+%
DVs,@"
M<Kc
\>ED%I
SE<l
b:!.
Z(t
ca=/
er` 
$BM7
QQEy=NEu
:u[]uG]u
.=9-5)
`%FE
2\m}
B.U,!B
d4KOb
_t$*"R
&lJ{
2.
dT^oN
r<e5
<6u}
v4q!
243c
Z0O/
Uh"^d
*jtY
/?kE
{u_[G
$+jz
ruOU
J]niwe]
eD<Ix
JxFr
IDAT
pL)C
<<AHv
Rx,2
8*!f
!2/?
R@E^
jTW6
 3P8
X|DT
PL>nk
r*B^
o2]FDn
YNAT
weie
WE=/K
mujz~bbjy
b.<?lK
"":&
Agij
O4wY*
u~k~5
,mO.h
f'&0:
eMF`
#r}/ 
3YG2
Ym]D
$ yp<\i
T1FNb.
U}Xh
"` LO
0H**
4*."6):
RtI!
 h^M
,((r
p*J-
N-YmK
rjqffy
?-.|
O>>;
A!4v
{'! 
eWjSK5
~5&#
d4!3!
4TTR
x}GF
4TmBC
Qq%J
Y%^%
MfFz&
MFey
H\lB
,>,dS
jd}$c
yRPU
.` @
w?Lk
^VW\
297i]
K@Eu:
[2/
uahb
R<i%E0
L9)1L>
Xsk_EUG
v'*-::
5I6m
2"Yl
b*Q@vg
ZQUeC]M{m
i|\j
UTX^\
]) QfFAfF^
9ol*
&5t9
]C5]
ZUtd
90:>
422=
-]L]
V7NE
ww]d@uX@
@NhJ?
7"rx
9W,f
y(R 
5D^VENFYnV)PQ
!%5-
}Zrb
.l# R
PaL>.
Xgvz
6bpN[\
Frjt
eb|f|tjddvvvzbn
n^~o
:e~M
}*<9
}RT~
hhqL
`(h0
i~Wr
_gH/
/Xzn
9T$9P
~PY<
# $b
0BRC
R;BQ
 $B 9
G}M{KcW[s
AnF>r
En/\>
yd6l
KBSc<
a90"l/!
]k_n_
-F'>z
G[t#
=5<:a
FsI[_
\RcQ
Vzm=
ON)j
;00n
@KYl
  0
"q9(
Lq$W
+CU6~H$
{EKC#%
RQkS7
UbO+
-=//
Tt)Rt
DK([CD"F
GLab
C!^k
H4&&_
<D=B
~8$R
m+no
zZC\
p>=<
{?>9
?88zc
p9*jw
j*h0eU
Z[Tg
ali2
_>oO]dP
HQt@
xa2*
<LDT
<FN d
\,Pr
=$d(
lQ8O
QB9*
!@HgB
26J,
jkn@%
Z,KT
kgc/
LzA&
8+1C  
c_t$
K$$ 
J8bT
/wnx
M=CE
@Euj
=kV;
eJ?8
Ohm#
G{?%
vdWiZt
pcW_
y?l\
y{V,>
MRJ:
;,jm?
?684188
8`oR
28~mq
8@:B9
H$b 
vFF\
G}mgksOS
>$&&
N @Eg
pC{9
LS1Y#
4TM#`bKD:
*B3k
FD_G
*@E}
X]7j
1666759735=;
J%m3^;b
L\_?
i7/\
^xcU
rEjVURZ
CnCQIgBj
,V02
\"_LCbB
-DFi<
PQnV1
%3-?=93=9-+-=
,cQ-
GfdD
2Q<!
:#*B
l_sk
*uY
08asM
48fs
''?ON}
itjvxdjnnF
Q;]w
=002
DVqKm
0Wetu
J4x*[
rcqK_E
]A[n
0444
*jk774
#=hW
U[=e
>5U(
[*aH
a>h(E
CrvVzAnfyfZafjvFJzF
H$sC
aY"q0
M+nn_uc
8_o@
pxm.u{
Mv79
<467:65
A=En
zsqq
.m_y
iU;*;
eGW,
N*R4
u1O^
e]iy
P:yGZ
A>@E
n7&\
{|QF
D:B&
ph:sQ
K@:C
hHfOL
J(|l
'$B 
+22+
"-%';
KHI|
Ob.?
2SLA
2=V(
s@{@
!DF4
O@9@Ex
ydu)
@ECC
pJaAKu
zHa@
}Bmr
c#3c
]Z=|
L?90q/p&f
r4t9
tgVk
rjM)
+[zU
%{W{
W":Z
`DEA
h4C
5M(a
`&JM
+C$c
19-9
]E`$B3h2
xg8"$SD
`"iD
&DN\
#i0]N
BY\l
5580k
}cZl
C^+y
<2lQu
svxh
l6WS
Za/nP
fsMw
uz5wX
RMnuonEOICoI
<N:s
2uf~
aC>m;
JQP6iw!cW!
w'!D
22)g
(l1S
I07 L
rQEn
Eag!L1PQ
GI@"T"
`^H0/
PF^NfANV~NzvVJFVJ
QzrJrbR
.yp.
)DwS
(4!<[67
0on6
a~F%
Rv]htnhB51*
\vCI
x!3Njlh
S5$7
ZTXg
c|arj
qw!}o
?E=s
pn/?
kD?d
GCCsx
D&]dSor
u-WWg
WSvn]
}lpb|p
2<14
nzfadt
gn]y{
etD#
S.s
~~va|j~
]!7"3j
{Z{-
iay[Rf
c#l#
(gITl
D&J1
VBy"4
P1#8
uIUYqUqa9R
rSQjBz
S^ 0
p+Xx'Lx+
3A$&
,$?"
+B%"TC
|dnD
|I(d
07?7
~xlnhR
qRo_P
<m@"k
~RiD
63:&
13>6722
meg~
K&nm]|rh2
av&e
^slN
fP*3
(k[UM
5:',
elpp
~x!*!1
EU^/m
^uaq
KKyB
eBr)
UJ;V
*y^9gw
3^$&2X!3|)t
P9,"
36;&
Ln8W
 n06
6zbT
.t/T
VZNZAnF>6Y
'e$fd
r;Lr/,
*\Hs
D $ bz 
}qo?
bp\i
bz5#
U14`
mTmD2
>83i
g3f^
PBNE
ZMZQ7PQNe
IDAT
/n^{`
]WU#
yziQuwU
tuu]y
di|]
_qt$a
cS8"
+c~^
<XXq
 +#7;3/#-
 -/+!
rq$2
0/%T
rxB 
_F{~
nqvv~nn
+Vl>z(
Li-3
24i4
ye2nW
VW{G
tTJ]z
4\b69
M{^*{
*m5Wt8Z
T:gs
zufYOi
6yxl
FUnn
OCrf` 
E#!6
{"wD
DgPq4
@r94,
MDsdB:R:
kjZkk
lqMAn
+=9%3%#+5;;-';-
:\t5
SBXt
l_\ 
$T<r3
"Hb2
ZTyb#
JLa"
RZnm
5+=<
CaFM4w
,EN9H
K2K]s
z})>
_Y:~{
=?1yc
V[[{
/\kq
epBU
r*5C
(+[
7}HN4
vck:
%k<<
ywnES%a{}
B5(W
C^XXST
_&^:
?X)> 
;$gy
Dt>P
H>T`#4
aLxDd
DQ #
Zb"WL
ZDEM
R3QjGjffrzfrj
07=;/=/'%?
ezVbZvRjFRRJ|
o_{r
bn]yt
@<_<
QP<P
Db0v
6X&
Dx_1
2274638<
>ot.j
Pfl\_
yLT46`
hrM?
zl{'
!?X.
|&c<
uZ4*
~pZi
^'uVv
k[UZ
~pbg
'[Cp%
s&|Z
'(>T
AD60
Sl<R^3}
XY B 6
)!sCi
x!L1
<2SH
Z]m'
0PjlbvRz
n]}x
q"94,
1{*\
@<l?"
0XbT:b
2@E<
`a&H
#FEX
vfjz
{S}r6
y^|v
Cj@*
w?:6
OwL%
C6k2
72+R
cMJg
Mk-Sr
M_Z/GTT+
Vy,G
"~`zj
[#>Y
S,Yw
$Be3
ki,.
>;TRiwk{[SskcSK]WKC_KC
c=PQ
KLF2
irLLbTtJ
!tj$
qP4,
}NLFr
  \ 
),ws
cblr
vhjrj
3p,w9g
8(8O
n-k5
L}*{c
E~kq
ikZ-
!0fY
En]S
1)aW
KGw<
l\A?
 FLgK
:2~d
>iO[GK]SCu[]M[Cm
PQC]
qn*JKH
46)&.9
K1wn<
o\xt-
H8@<
2PQ8
&`jk7
}i@En
84pG
`4?;72<1;13;
m+P]
]3"7M
AR++<
zz|a
"8xR[
M171
UvW5
@9YG<]
=]G;
PfRhT
P_[Wk=
$-+5
_$'g=J
DP`QQ8
bD3(ad|
hq,V
{q{n|
F&x2
CS7d
KW z~
M+#=7
jyR-{S
nmcz<m
E+=V
n>z]
_"=<s
<]O;^G>TC
BExV(
DB >
EKv.[
(!$0
@BB
*YC$
?#)!=
sh7B
g@EP
FsBB
`'@"y
;NlB
Fnmv
>5>;?
"#Obi
F~FA
rpEF
(gJP{+
g1Ph
okU6
F(4L
!A&(
#9oH
^n_{KW[3
:$PTU
}Vnn
WSo\L
`FG*
m!P#
Uk(g
Z3<
P# $
@E_>/
5>57
lV'x
q@W"
:0[s
IGmy
';m9t
fazB
D?+VC
>ppM
~jN^
3HA
c0>D
EH$i+L
"0h(*$!45
J,,,oB
hnlki
7/ss_
#359#91
'%e$%@I
&_cS
ME0I
@iGJ@
Ril<1
S)Q
+z`]Q
%-p6
(mUT
L8GF&aK
U\Ci
ybS/
fWD&g
H6CD
^JVaUWC
o"x5b<+
cP#hx:
 eC$
n19h
1,h!
DAQ 
3ai6x
B#2
hjhn
YANI
&d>J}
~n-"v 
vz0"(
x0(A
!eF8w
:191
05;5
P;aSm
Z'u&
lw%m
I;k{
xy27
jZ:Ur
etvl
'>N8g
TkFf$r[M
J}u-
ukQ[6
$`O)
a3"C
ME`I
7i/3S
0PFr
<~p;
Qxt$
^a[Y 
SAL_R
jAXv
q!,2
?gG>
_&D?'
Tdv8'
uNoqI
v|P>6$C
CjG}
-C#M
M=RW
7/_yb
?ve8
"\-7?
(`>+
gH7(
WBncu
/rM
q{w];
]I8R
T|zG
yuC[
li~?
qA8*
q4Z<
A%pG
QHA4
!Ffp
*7lO
Lh-Ba
@QuUSEy}qQ
mAnva
W.&^
~O%DS
(Q,F
%hTw
bDS)
udG&
vP1*
[+m2
y(u-
?)+?
ky8[
O; 2w
[=x?
tpHt6
X?.R
Qi@>
K4,Q
fI-W
mkWD{n
Uq]#W60d
WOu^<
{j_k
(+RVzk
Q=3,
p4_4
:@1CX1
u+Wl[
CV/]
YMseE
%$>yp?#9
kqwc8
/l+#
>n
Xh(K
pbX4
~1V|
07=9c
s0\d
Xqnc
Sfph
8O32#
G',#
nJipI
LM\ig
01lv9
xD(7
|+_m
{P3(
+,3v
f^L|
}yEui
IL&94
@2@"
NdlIf
*,@"
]]TR
e^~v
r7#11=!
`-6X
@K`7
mViA8@
D":-
4@E1F,
_>}\
Xzz]
Va[`[
Z?`*nQUt
ZhL^(
uxT,
Fqjns
8O62
]HK`-
YqwR_
9\N9
6aw3
>OBCV
Q14wG
qtsr
WPyX
A*"3
\Fih
>UL&
wvg^
TDwv
!$!sm
=pd!
qzjaa
F&g'
kJ#+
n:It
IzM~u7
 'S
zQg~
k9;W
:Uru
wk'kZ
P I+S
*EuKO]EN
=@x5
|2h~|Y
#fq|
Xfuh
w=DI
#k6n
[Equ}Uc{
 5>;9
FR|VrB:@"
n^~x=
*zt% 
|i1
@"T+2
_f?C
/\ ;:S
&2yT
IDAT>
5*Z+o
{G9gG>a[
$*C]
})5}
1VF|
K-S&
dcCkI
YZWZu_~
JC3;
FYX)
W-/*
)Kk;
RiR^[baGV
VV\#
.h.(
TV6G
$S)wb
u03H
Kq"s
#K$?Zm
o)*(
fN@3
QA($
|i$_:
Fa t'
Owrgap
!1PU
8)Q8
f~~C
89g0LOM
1MM
tC,c>
*{&u
@Emr
/L2E
c[O8{>O/
w4w
kJ-lK
2+_Ee
'2)G*
<=D>>
b?/A
2+`^
y1=DT>\
]yx
A0|o_
R|(d
#<2-
lJXC
0=Y3`
<I$>
OnLr
vS1q}
wg:f
]6(Q
Wkj
.;7x
UO>V
s*w2
c##3j
pkW?
}lf`
DBVV[
2Zn2
CCq(h
[^^yii}A^ua~mq~]Q^MYAUUiMyiCQA
(+3/3#//
!Q<*
 QTXjlxrLD
0cSlDLtxX
[Qt1 
b"jC
Drrcap
.4g7
BBk^
Ns@fEH
q6|*
$,7
S"p.
D+"3
3???55
u&aM
~fvn~aaa
].aW
4S@E2
M:0604
#KTQ%
cUv
w`d`
R<gj
(d:U
]JMv
jnR64
{slO
:SnDf
:Zz;
RiraWf
*Zgsb
]BXREQ
"oh*c
MsCC
kWZo
02[9
zFs% 
\TTP
xT\XWRT_TPZ
:)>-6*1>*19.51&912%
}ldht
z$,>
("->*!>*
C:,
.L7,0
CDiv
#GD"<
Ey b
sinn
qj|vv
8361>
}aqV;0
REE[O
zX=0508
c`hfHo
BgTh
HM;2
xHU%
D5&W
Mfm_v
Z6Q%
WIG[U
\1frf3/-
zq`\
v*+;
oThp>
W[ZlXo{
vXLqysi
9/cK
!<Y,
}vxREUe{{
./!9
}wdo
n^
r8~f
(.(/
z!mu
@>-P
4px.
it8E
-w-
:==;>:
s33s
5c@E
YMHr
^5&2
|01)
yMFy
Q^[#
!emNh
mQA- 
#2!.2>",:",2,4
7|EW
N;?.
99S/\`:;
N~74
KCz4
Y< !
lmZZ
m_uEK}UK
m~nqjr
82157k
S1*U
<jQ"9Q
:tu]
O]>&
+Tc*
Fd2mV
yjQSQEGU
s+:c2+_
l{yhO
-_t&
+lVm=
Vl0-
xzqQ
 3-?%1
(-9/%1'>&=16;>29!:):">2<
(,42
@E>L
yxw4g
2]pHv
savin`i
ny{dC
VREr
Pt#=
R>ex
:uEC/P
^$T<H
_/7t
U)O)
aQi@E
vi[[
WI{bf]Tb
--7n
Zm61Z
Jv!00$
Q~nU^Ne^v
wa/_E
c1|$p
dEwC:k
E+_
NPxY@xs
rwt#
R3a4
;4:a0NL
MOM~
}'>k
`nE"
CCK0\4
[K>*}
sT&^Z}q
m)s=
^^?T
o~lV.
`ytB
rxrA8
:6-o
hi'\
N~i;
W\RBNcU
O0>:
}C0H`
iRVd
:So>
NMJ'
to(P
DW0s3Hn$
tug8
Q]M{]mk]m3
(n,/
<9=%
VxLx
ALZ 
ntwg
pEzhBG
_Gh*
X2@"6
<a`6
"X|M
`K?:
rmmm{{
?lml
J&W(
]te>
j@/*
gW{'
sbij^
hhB8
]CR@o
^}38Y
N-Ns
CG/9
7aOV
'?n.}
6gN(
QUecMeCuE}YqMYQCEi
`#0"<
H^X,
Mf04
L,QS
t/<>
D 8h
y_6x
-O~WL|
._R*
ng{ss{I&
#C32
`3hv&^
D[}<e
{\40-
S%;m%
|}|#
whdndL
PQRT\
065+
syRQ
*hCU
bxx0
]<acs
e.v9
A`ptpp4
`MeE
1#=/+3/+=7
NJJOIIKIOOy
2s'993
`#@!D
@EL$Y+
[owvv666
<:'P
|@B<
Qya+
PSI%
>pHw
F+wM
c&ypl
D"YP/.
$>)jl
Mi{Nygy
`iU/
awb|B
J-ly
}6g1~ay
s8!,
nY8:
23r2Rs_=OOy
$gd%g
oA;X\
Qt7
Ar
Ow%3
AloM
0<4
EaQa
>o-~{
q6O?g
YNwV?9
:56)yS
fWG'
LM7?-
j@~0-8%
5aWN
$w"|
4:ncy
@\tv
Bw#0
lYcEi
*3)-
j,t6
E 30
n~dJ
5ozq`LpA
]4O=aVv
MA0
T?(m
z!f#
z|ns
jz^1
I98Y
U@EC#
JGw?Lj
YQ[NI{q
,LMK
PQVqOVioFYgbv}
$%0*
lOfLDXnB
5IKc-
(>4JBD
FUyCmU
yBbr
^al:
*7Rn 
!\C@ZBbIn
6.44
TR'39D
&{xb
("@"
,X[Snm
wby`Z
ZOrR%]
;&*n
|bZ2:)
2=u=,
UAyWeU
QywIu_m
HZNMT
]\T5
/ v
-s5-
 0(.$<
<@E9Y%Y
Yb<L
MoXB
n,7,
(4?2
j|HL
~UA!qZ
I@ilw
VmJ$k
+adh
wA%^
~a] 
xPIhpJ6
W:F%
aym/
c|qdnuN
7YO:
s`V.
aJA=
4=I-I|
/q=Y
^DqbC
q+10$
$+c+C
(QSvMu
ndld
SwX|
ql7$
3\\=\Qt'$
8HE8H
WFK
]ll<
Abl %
 O&XT*
oom|x
@E+*HK
rzZ8
`c6x
{Z>"Z
@"0F
O>#^
R?(m
pa}~
Fyk#
+S<y
cT<5
060=
LvQk
kQfMxk0Z
*J:m
|VNt
~;4*,0"
"%EG)
"QIa
@Ey
%Z=k0
(-%5
 Qp%
DW$@%
IDAT
SX\pd8
$^+f
Ido:
!y@s4
0G&]
=Y/_9*R
]A$0
\:+J
c|xj
-/oN
>YjU
dtPX
6XWt+>
,H.hI
KLOx
.\cx
ljQ'[
<.60
+G!b
eEx{
7\|IT/<`
uw4!n
Uvw}
jgowcmu[
5f=M
G5W9
mKWvE
y1tC
{~}z~m
JNzj
< +lg
YHE]
g~hJ
5:!i
w>Mj
p^iG
=,lM~^y
rTR5
xxljL\
XT^2
]{|=01,,
^uu"
=vZO
VRX;
"cTW
k17CB
h@!h
3T3rwp
Xg@
9:C&s$
n8/7,2
\pt7
67^mnn
lQ YY
m/H_
gl9`
I/{i
,Y/k
vPT=
LMOC
pl=^o+
aI93
xmv^>8)
YY?g
Nna'
}sc3r
A#Sb
Xjlg
5};m
N-jxV
QY?Z
A&#4
n^sBfUJvMbjv@x
*(ucU
v/pf
}6(53e5S
JOYIO
Tm[EO
VE )
QI~NqnNInvAnV
'Y9O
Olh`
)648:( :
A$\ 
wCLdqH
nGy
L'_H?m
9~XW_
luO$
`wK/{
aIe?
!sWZ
,lL.HY
[eqxb
fKZFz
tqk{
aNjF
Y=e-o
}U[U
:z95u
(1$1
CnI]M[_
;:fk
kXW@!H
C}mWE
mV(_y
.O41
BaMT
|c}mgY
Fi"9
8;+X
SR(Y
HEF(
q/k}rj
jFj&GN8
OyTPX
5b-j
-v:Vp
/Xe^
5A[fnBHB8
2JM]M
DYAMEQ]eqmia}I
@<KC
8X>Dzq
BVh9
9|G<
tucyIX
x5@E
|tnerv]
FinF
Vb6
=^f\]
ecfduI
kqjn
jz9y
_zGT
T[7PPR
A^ku
('<>58:
*p8Q
1.=7\
oX 3
eh`jkis71
RYQWY
DQAV
u+*"&<$&
c`0p
3d w,
"<MPL
D@`>d
uo\Zl
wk_v8
wvrA
mC[4
}L20
=5/=
596)
EITL|
1JI[EY
^4w?
dmuZ
PZGQ
_oxUO
TDu%3
hO4I1h
PQuU
ZJ\L
WUqR
#~ px
M$3p$
8&9=1L
D7g?J
rF'[2F
"u#K
(][_
pm~i
^]Im
se=]
u>o}jn
prL0:
+GJj
*nJy
4YT3
/s<T
&X1a
uYMiI
~#!&.1
kA>a
2/Wx.
 Bqt
21ks
[hDZ
7)aq
J,]_
,bj6'
,msDk
2e6-
Vv~e^
hJ64
,ltOKZF
+3|8=>0
kX_K;
gJZ9
10.j
iomk\Y
}JDS
u^_S
QqwNE_I
xQ}C}B
!3h(
4]KC
`VKEJ
_!_qsw&z
PQi!
r2s_<
u31&
fttLxhT
tPpL
Id/4
.n <
X@qq
18o,
C1V#
P-iscoQ
]{vR
npB\
NHFX
uj`B21
/?8is
&:4=e
#|n?
J(C]={k
bSK?Z
bYO<^
;hldl
Bi  
p[\XWRP_^
Ey^vYVf
^de<
"_t?!
ZhxTH
=)a~
X7o7
Jv$)
Y0O<
_~Fz
9535(
6`#(
|`bi
^FC8
;gZ:
[PYRZ
85569
aqOA
<8-76
)/jc
O]ArE
M$C@E
lk~PYG]SM
{%5+
W0tg
Nr!P14
@Jl0Q
ueiQ-
<TV\SY
sB `
DkUUK
333J
3[f;
u.E*
^Z^Y~
xqyy
K<6+
!P,2
Y8\6
lH'8
EBIP)1
4BJ*1%
F(sOK
I]*1
=`l^
CA#X
"V,O
^cdGn
{wNXoT8
|Ey6
niI6<
'_ts
36u2
/-:ZXR^p
GtRC
ehhdln
Ndbbmhh
bl,52
ju5`
DNfY.
BKHH
piD<`#
N&fH
uXNym
%Rlq
?#{#S
Xxu.(
`ea^
d*{g
m_>_
,K98#
vo`F
Vh;+
9l"D
(&=/
GP")9
%x7D{<
@[;3#C3S}~
j&5'!
Pc`o
B0hB*jnl
vp[S
Eye99%Y9
N9JO.
u`UM
%)=5W
V{/-0
Qh65+/
dpI=+
KmUe
8S58'
(_iU
hyhF
JWEB
A=xo
:w3<%; )
4SKo}
.sgsK
xg?L
>0?d
LLL-
871)=
XBr,.
U~o<
*"F%bB
nhpL$
@EmmC
)$$@E  
?YTx
DeiYy^j
6>z~
$,"b
/_Si
|-SBG
>'X^
`;K333
m]v]
lt\2
f*z'
E%`J
b*X|5
=[U~
5|AYH
713"
^.TO
ad@u|
k6CC
3}y5@"X$T
NEm-
#b_p:&
*KJ+
yDt6.)
wRCII
F8b6
i!"%
j>_g
 '1y
j`;p
k{Tw
r~F:2-
j`V20
Ql@E
?1$
qye>
'<yp
a'@E
,ls.!'
jSHx
Bz74p
n@EM
AaFD1
|L2-
el"R
Hh@EU'
Voj40c$Tn
"_#R
7z*bK6a
1u?k
Uhgv
fxhJ
pR,'qV
hpB0<
]\Rr
Dk?o
`dV4
\cGs
BpZ=
VZy1
w8km
{\>
"cw$Qd
#459
*jmnkkA
BvJ!
0`t'dc
EB:>.
Y=T6"
+8"`
dH?<
C)K4F?
VosD
_S*^
p6+"
'ik#
vxJ<:
Q8e6
,=q.
z%fx
N&&6
rHt>L}=Ir
N7|wW
5,32t50C\>v
rlHE&
6CSc
hqdr4
6@E0W
IDAT
D]m_
^@EHM
B#+,
7k["
Y4J&
GJ8BK
.#p.
({mrJ
MqTL
n;5+
z&dC
xD;[
A/*-
=D)q>
{K{'(
~upF
`(xm
'E'a"0
`EQ
Ou/Z
Y;Tz|
4z*%5
NM!$
a`as~
fuM;
o{pA
`dI5.X]
x}?A
xe|A
4S5:#
R0%k[
p~N27#`-Jg
~}LL
]tzPJ6
]~x8
:*mo
.VfV(
w).$
pBM_l
Dxhj
<GFH
@3c{
c^>+^
`klQ;
0!vi
vfI>
L.97
vlN9
.HEv
.{Cs
K%GO
.+#cK8wfaoh
Vl@?
s(%p
AIe0
1u1|
s(>!
@4!"
w(AOE
QcG[s
@QSC
&T6B
Tg;'ss
t_x\
SBQjJQ*
A=B#
C4:)
,-J#P
H?[_
@t0A
W#Xs
xL]7
w3YJ
(TnI
Mrt`
|}xA^?,j
L2mL?
Nri?`
ZHsW
VNzl
o>Fo\
h*lWJ<
VO:Ob
&S<U
|pA=
jxI3
9+Sl
3R&O#
%tJvJ
hHjq
W?#dD
Z{7Fv9DUuXu7Q|5Lv6Hu.
y{{#
Y\Tt
{?%6
B<`#|!
HC>,<
q|lZ
hxdr
8O|.9#
:xP 
'`&(G
Y'Dk
$h3B
'W }
|bUZ=
_,9>uk
p)>1
;S|B
XnN9
wX7=c1
Cc[2
baD2?
;\__/
 _bl@K|
}xD)
TAYK
<)6M
kJ=1
vi7nK
=fz7/
*)rg
f?s<
|r~1qGVi
E8|>
ox|a
9A5#d\
4Xq
V#7phu,
<-l<*
y5TF5
54b-
K>  <
=.1M
y]4cz
K'.
yUiZ
E`)Q
T3'T9
s.?1
q>/&
rncX
\~%[
J}p&o
v~pK
wB=9*C
6:;7
~`D+V
#r@E`
Jo
? l}
; 1$vSlZ^
#'[N
r]oP
JLL
Rrr2
,,tn@
3@BW{
%wkvHPlr
TTA 6r8M\0X-
8lxL6
G5Fx&
wH@8
[ ?/
4=Bw
0.im
90;%1K
2!7K
~B>?,v
wg\;&^
9zGM
CdX]Z
o1;ER#
Q+5n
H8kQk]0
{nNuuO
D0cB)
=@?/
cvx{
OhH`
|LyN
H+"P
9y[D
7oJI
qX5lR=
*"@=!"
5H;=
P-,v
*"~/
7Z^A
|OlZ
Q9{&
~Ud\
V5E?8
<%4
zxT~gP
m|Tz
?lCL
l:pL
TRe!
RLLA1
VhHTZjzdhX
wlH(5
|c#ss
R0p9
+Wz/^
aG`p
%G'!
WXTbT8
"0He
[@x5d
_|?~
6n{y
1y-o
qEnX
p3,u
3v@r
X7!q
BnWjm
cLfw
_HPldx2
_><,
AQ>>
^QL,~on
__D!
(lN1%
#p7o
E=.Q
A`HTj\L,
e_sEE
\BbVRy
WA?5
x`d|X
`b`2
-1.x:
nAi^4Z
8 rHt+2
{qaUz
(zGT
Q;5*
e7>8
qbKX
Q[Qq;
eY(T
PQ1*
rtV! $H?
Si%D0
zqNIDh
'( .( 
1,2>=
QCmKKUuc
xTM%TQ
x@+4r
OVPh5Lf-
c_<\
+M@z
qnJiW
->4;
(Go]
j~Hj
Ck^T
P1=VS
P71k
fjR'
Z|eC
)E4L
VHZiR
b7$&&
**.'
&,o$
V#B"
S|i.
R|v9
3/BEW:
uy"@P
2jVf^TT
|<2V
MNpxTtX
#Tz%
5IFz>Z
\frv(
tBnUj
r^aY
hFcYv
\nXT
yIgZ
|~\97
il+2
3w6}
WJW_
vwL94
]c36
ZnLY
q4+%3.
ele]
]SMa
F`33s
Tv)&
J#j>
'1J(,
8).-2"5(4
?490<%(<
I< &9
{?~bsv
utz=
)ji4
| 5nGPh t
}Mm^
vEe^
PkQg\
]g7;
cL7 4
sJfmR
T49e
'"(")a
\rz17
6NCR
(((&
rLFF
TYv1l4
@E%`I
2Za))
A+FS
yDmXx*
*=^:
||*x
zoeM
&A%`
R^M 
"Cb`p
pK>v
k&usC
&2.h
fAiZ
Vi_3Y
|nT>7(u
<8:+W:
4.vj
FU]w
u~VbV
i<LUC
( $jeS
zgC61$z
sP(F
dY! 
+7ai
^;G+'$
_tpX
!D_?
,RAaT`
 uHlV
!QJq
<EE?}
c9olKz5'
8ZJ`Q
y>*&
qi^^
}MfY
<oZ18
rYb^
FX@-
[)AW2B
oZ? 
}y;G
;4;<*
o,&s
R.H.
IEDb!
X%xz
<Vh`@
:./'55{cj
T: $
54v%
aUrY5
'`a~
/7i_
sR999e
0#PO
L1,6
@11(6
p3"]
\3qt
LMC*
`p+tS|
u]lK
Dg6Oj
u-#w
0-{/
qH\|
T,*mW*&6
z2.3
Q[s}
]GT`
}=:n'"f'6%>
'<f 
NAbr
0P.9
r>5+
3":& d
V:K4
uKn
sZgt
aJmz(
iEP~
v~vnfj
z|L)
^Ld,!|'*pS
$Z*63
PQf:
_@d`p
OhhhDDDtt
S`15
*,!"
wh4XF
rI$0
LbA6
tpmH
^$^K
,(iwzeu
=68b
Z'4 3L
cHde+&
.7Nj
GbdK
@aeI
Z++^
lp]#
jooMB
gL9&t4
y\}w
]O/9
_j\Z
"XLML
ge:jw
ONAQR
`[~S]
5TxX
'Om[
}{ZBB
hh<`
d(ZM
xJIx~M
2O)M
`$RNH4
#@*<5,
K1=(q
4'VA
l?"s
6N^$?7
M-L}7
fUsUs
oNfAA
!K"~iU
iZvf<
~g>:%l
0W2P0S
-spT
~UMU}u%@
bK@P
`@A#
t$zA
TDKO
X(GY
N^!=
Z75x
cT1#
"7G
yZr|
Vtpk
.SXDR
EV@EV
Qms?{\
.\9_
;t<c
#G&e
b2#'
WXRz
y;88x
/B"o
>>}!J
(l\"&6
~kSo{
ybEc]
PQ]UGSC_c}o
IDATcO
a3<@
fyd:=
r)T:
*)+##
x-~uUj
^z>t
*VO-h
61,v
>Yf:
6s9~
c<#Oj
cz~r
c==}
"!:7*<
dFVvN
R<]f
ci)$R
iXX|
XQuym
9\RX
nFMC
3BfiN
>;RR
p9(d
@"HE?
vJa}
jNevKS
*3l7
CHE{
}@`m
`K(s
%2ss
f]S_
x)+'s
v<#:
X\D"1
%;//
0qhl<
.Z`#J*
aaef:
!ZC]g]M
ybE`
$Zk]U
ko7WV
(4 reD
Q1D*
' wm
YhtV*"
9/_=
cJ3l
`1,1
)(m
-QCw3
rpK9
,"mbe
itc\
:iR)
&6O{
z`L7.
K4<*
.~;);
?J,;
DF>)
>299
@yk@E
S0yoY
BVDF
'gRh
]d,>
!~AQ
)-WOJ
O7)4
.3?P
zX1+PX
_<W
e7S;
MM<p9
BfT*
E,VK
~r>;
YitJ
9RS(
qjj2
^umE]]e=X
TUT7
,@R}]3
P{[_G{
!U{?{
R3)R
fRny
Z7i0M
#R+G
hLje+-
c@dk
\vXl
y1Ytp
&@!"%t5
nHEV
c@"S
7o46Tw
s;cg5
-8r:5
WJ/=
D*iw
S~%wOd
;*jB
)XB2
TDMI
Q_UW[YQ{
Gkkm
Gs#L
`3~{L
y{{/_
?@"xp
'lixx
|T2#%
jXoU]
G5#BH3
|#Kj
Q^^[||
]z46&104
+|w,
RC<o
d!q0Y
\<mA
6UV^
.~X}
&6%|
^h`Pt
h,Tw
(i'3
E@E\
P;9,
*3Obq
<FP^~
9aU_
9s7R
i]ph
/?OA]L
bwBhp
Cthu
p@E
f`,x
PQs]5
^k{S
8,2(d
6<<~
$r:~
Em,S/
'fffY
eY23
-^$q
|]7E
\%[4+S
kchn
wp54:dn
M2YS
H7hh(
D7EB
C074
Qiu'
-yx35)
mdjk`n
NicU
30vr
i{sIF
hDjTRV<&9
CPM>
MmMSuU}cCksSGKs
3PxI
(|xT
tBOSuyUi
vqB|-
Ps%1K
&i/EIe+
d?Y8D
73@9
CPN'
E~1y1y
_w:w=
G'c1)
>x8j_b
/5)W.
22431
Z[Q_[
iRxdfB\V|\zLtflLZLDZ\XNR
/['}
=|g{
hjcm
"my'
078H
>`.
mmIi}
#c@EQv0
_LoLC
52N'
gO+K
Sagjbu
P(<")5
@)1p
csPP}7.
YKWsSG{[
=m}]
/[sk'
w_ZbbNb
Y6[>8,
&,nd|
zS-1G
c\9B
{wrK
>%t6
ciIJ
<_4#
iiBP
159li
!n?E
}P4D
brA&
DS]=
 N+A
k[Wws[
0S;}
 ;-?
<]p.=5
w9G+G
W.vvv
u\X".
L\vRr
JOKB
XXX]T
}2%%
S"#R
xR8R{O#
?]!U
Y6OCa)
B5?=
xvzjF
~+S#
>IekY
V6ff
raR6
D^7Y
*=7D
F$uC
Aa;AY
^7\zV
0c3h
`eddgj
!3[_
H8<95/+;
^V~6
_yhi
8&2
nKOD
B>hM
P5~MkS}GSCsks[sS;T{_
mmmm
h]_Uo
Ll/h7W
>tkc
l,/H
QM-+&
rz[3
#FEP9
2$m%
=PS=L
J]UU
b*9<
%Q&:G
Zn|l{P=p
{PAxX>
V~,{
\T&
xL.<97
l$.;
55Cz
N8~8
.}7Vx<
=U~uX
VU;S
$Qm;
,K0)
-L2=L
2^>[
Z)Bq
9Yd-9
D>%Uh
GMb*
LtxY
}8$"
XLbtld
$S#W
h$62
V.29
g'$B
!Lr6
Bl2@"
"CYI
kEW??
FR{Eo
MnSP
aTdB
>*"3>
"*YX
anA>
=EdN
3.yx
EWQyj
`tI7
tU7A^
oASl
G74&
_53_
.=>_
A&V^
\(,<s2
R\bz<
dA2~H|
f>K8
|bjRrnr
'/Oc
3ss{
6lQj7
4Iu;
}+@"Fi
oxTR
fgnzaF3
MHfG
C0GdN
^h:-{
P$\
du/A1B
g*Fh
0Sc3
jhhhmm
38@EI
P.6=5Q
mkhZ
N&0@E
TdHn
^7{w
XQjL
>6*5!6
}'lZ'
YJ<y
^n1k
lE]/
H93;
bcSN
I!5 
v16wN
=}-@~i
J"cb
W%W4
OwsY
@Dfy
S\7$
|UG,k$
aYsq
jNnFTd
g,,m
rt8`k
k98w+oL4>9:&-
B'e!
l`0kcC{
_6WV
nnyeqF
>REC
nZ:'
sfvQ*Qv
$y7`
D>Me
J@E=dU+A
e]DY7I
Wuc%
/+;n
}L,}
3q7q
#bB"
h7hdn
X,:*
SR 0J
&gcp
<x 4
B._'
[_6V
i;]C
-res4
NsEs
?z.,
{3ob
5:)o
DMe(
(6&"
8$k#
/kG_U
1gn$_*NF
}v^A
Hd|R**
$Hn1
 pyh\>
!@H'
LF6:5
M]L,
M ?a
:|jm
[4Kd(x
]-!!
*O=L
bZ'Wi8"H
ue>L
M9FW
@0Ig
]DY;QY
j{95=
lK233e:
-333
u#4:*!
z(']Cg%MSM}[
o=c7e-s-=[]
jJvjj
\KDj
rqlo
Jk(+
==.%
?]*9
{v<]|2
sc|e}
1G__
NC5TK;G_
!~l[*
o~n~S
?&>x
D;aL
_xpH
[}U0_a
5#`4
tU_3
I7"rc
(#**/)%715/)-;&
fbZNLl~|
e`cR
Phz(
R\UI}y
[kZ@k
4P9Y
{6Wp
{4q{
--HH
%[al/
*#37X|)
y\H^M`n
u\eo
!#2e\
i?F(
}M9O
||:W)*v
g6P
28@/i
wvD"
n>>^
`&'&&/.
67T7
V]__V
e'd8[8
***p
}8Yx
IDAT
}*G6:
"6ogn
"@ZL
>/z_
cSod
fhlwE
HS}=E
`}({c(M
P7XG=
cDt~r
SkUskuS{}s[]ScM
&JJ:
_fPh
<%4S
XiUoN^
5!Q%
8*<E
`onml
QSUuG5
J|w^9n
bR7e'2
&83,
h_(k
6@Bi
clZ~@F
lPJ~T
;i/>>
R,u|0H
1vEYx
CsgSkw
ihjb
jgioge
Nj*>ZJ1zj
qX|h5s
0=4<*80
z(6,818,.((1$$=
EDe`
d`cRB
Sn&$
kq-5
&$*bC!
B%$a0g
7YyFi
2Sz4
_z1r
|lE4G
(,n{^
74q66u
;jh[
2TQK
#)<2
P6~Bhxr
Ht3!
H@Ey
=6&':1/*9+<
;&)"692.)"
L:X-6-=:
SvAE
?~cv6
`tuM
QEGY
5'2"%
8?mP
x|AE
:sW*
RMSO
,3ed
{$1d
n@1$
HdAN
{`N8<
1_T?
zhhYj
k`gd
EN`e
wfr
yLjx
EZyr\
z#*.889,
B~)@
($=:
kFTTfT,
RVLtn|<X
(%J
*x6
?OLS
+*j*(h
h^Ak'Y
T|%5
g?~9<
Hv@cp
)=`Iv
*C2I
s*"Q
0/UX
"&C6
vfMX
Tw=)i|S
k{kOk
0.f&^
@#IO)]W
nF`S
pAE)a
J:.;>1
DEAf
H0s/=
D+m(+
Pu.'
(c`JH
MFHpb
{wKD
<^~q
6!cF
dH'Dfl
$!$-b
z]9T
'?6L
3:GX
lM,ML
X(+i
Dh#U
"{/c
d&gg,io$oo(k
<:6-*
Mfl<
X*-&
w"hw1
`+-,:=<
*\Ce
6\W}MKmuC
r\]u#
u'oeE
7B2o
~t4Zt0
K@E'
EC]}_
*k],:
e]kK
CgAL
IP$i~M2
W{#U
\+I!
CBcHI
KdmM
P"!s
VBNE
btMqz
U:1O
1q71
C_]-
4Wl4
8#&B
Ky8uM
)i.~
(q,&
NzLJRx
0lj0$
*.!;>13665:*'1
TGPbZCYy}Y%@
QU57
=q6u
HCAI
2]r<
[d.T
XGJ K
Vysd
F^o4
Xl?sX
m:]L
-:M2A
*obM
ihQ0
K/ps
6|u7
YaQ>
}31&
~+)>?>>7>
LzLTV\\z4
dlDrd8
FfGB
r\E%
R}iY
*\My-
\MSSmGK]okSoKC[wS{/
>=Y)
RtJ,
?pg$
:/I8RuFl
~{<Y
j(S5S7
 N:k
2_4M
&|l^xW;
_xJ@H
3yyY
a"LP
t4)p
:2GX
_{;T]
`_@E
0%",
>/lt
7$> 
/1889,,!(
((a2
LN^~I!
ePcTUZY]V
8[WZ
8SX)
O}q?zS
g^}~
jIXm}
Kr.wX<
^]]_
U@E|
R.OA
n\4=
)~@EGP&7p
}|fB878
/JjL
}hss
[AI~
WRTP\
8l0S
\vUY
z]]Q_UZ]S^[[VW
)yU_
:&9S/
zqR>
)@E"
jvR:
(gu3K
TtMO
j?Np
qj;sJ?<-
u=$f
;QBq
Qq$T(
D^oO97
gZHA
)YWm
7\9yq
7mk.R9
Q3c)YR
0t;$094
 QRP
j8U;
rvy%
0BOUy]MUmeycyi
TK@E
>m}^4,l
%)oQ
vcvyyeeeiy]>
igV4
:Y+t+S
lQ([
'$i<
tkui
#r@Eb
ajJ#
dlrZ 1
{X9!]
+l~=
f!xM
jo;E
7co[yu
8hWq
Wqu7
Z3)V
&%;S"h
cnyDyy
8ste
++_W
)/}]V
FI~F
}=#n\
==&b=N<
N]nK[
?mlnnno~Z
jfQ<
IZG4
T8=2
&p\@`
il`J
{^^r
Kw4q$
Rq:
#d:[~
a5O'
i[M!
(5}/
%t!Y
-@$1>
:48>88&  !$$94"
5RQIE9
S_SZ
qJZLXRDP\x`
sq79
rvmzac
Kt+;T4$
gS13
[+#u
<umm3
!$t 
{P;b\
C8t!
 !8vF
T,y,
YpPbppRH
6*-,
+fWpX
aA&^
,WGO
~n}U
`kIM
Qqw]
Ih0-
%vX&
CWZB
D#Fz
B&+'
YV^\]
uEY5@
pRNj
f?ss 
PcEN
Z[^]
_9/P
jV,7
/r/?v
WK|UC
?JN:x
H?69
v<6;
0ZX3T
K0/ 
]57lR
q6&wp
R5oX
Aaq!
D|p(
bNIQAIQ>
#.`!
X,0-
qXU\F9+
eVQf^
3@E/
?MT~
X'eI5C
<l4fl
QC#2L(
z@E}c
F;,<>5
Yxq\
mmuuyE"
cpbzL
'uNu
HNu[amoQUOA
Nv>mI
z^@HV
Nv4O;
IV`z
@Dd!
**$ w
,:mSx
:<,9"
(%"(&
?.(,604.(
EK>p
|vnQE~QU!
]VR^V\
*vE%
EhN-
MaU'
FS~m_Au;
J=|y
L!Z=$`
A/)V/
x$ 
a8v6,
kHE`
z`33s
RQDTbX
lvVVqvnqN
pYEe
JNU9
ndK5
\'O?"Z
_27.
6t3+j
L23<
=q#p
iN635v
yoSC=
Oh6/
'$T*
xI@g
KzDF<&
ho+D
C&Ad
H(%2
LO+z
v^63+
[VTZ
Yy/2r
)6CY
`j\y
ji'{$R.
CR@E
)oJRIU
{b^n
{YCs3K
n{bN
RwO/
aP|,
\>yWH
YL"X)0gK
e219
)ga+
ieBj
CJF#
CGl\)
yt\(
26QD'
w;2?
L43V-
AX|H
|ae~
|O_@E
,OZ,
IDAT
QMU}]u
LTT[
Qu]]U5t?*-~TV
PVW]-
?K6>5
ODh(
m9'x
|iurq}Z
U,m*5
+kPFmRRkV
2@3Z
oi5{
{[Pm
k=6%
md9~
\||1\0
9hX0-_
~ice
zxR;2m
)y:P
PQ^M[
obx'
'opN
YL.
?e9p
~tc5
V|v>
drq|
rKrse
R_]SSQ^]YUUV\^\RUZ
jYMUAm]
_\&-*
C"6
0l}\
T'|:
ep,X
U]3u/
"c.z
pQh>
SE<b
2%|:
Jx$@B`
I9D1
/TTeA
?.8468
O|04
QYMCyEmEimEI#
#YYMQmuq]uIMEqUiAuMiS}1
jYeuIu
EFaI
ED`SD
cV17~
)0Dr
~H>"
zfW{
F@ZuO
['*^
2k:E
]95oR*^
gHXD
IZd$$
|KT1
"]d1
F!v^1X
`MMiM
*iyInQe~IUAq-L
nOPh
DH$ZS
$Ql)d["
k3Ni
`&1)
pxqwpawx~{b
HE;;0
wM//
hviu|J[
rdJ3<ch
Uc;,
A#8UA
dt!
+9xX
'Y#8
oJ~X
Yd%L
764 2
7:$0:(8*0(*
U0A&.(
_?f
"@#Vd
rIw,
c=:d
,O>6
z`X?2yQ
@&ZbIy|
l0wK|R
fQu[z
QpRp
RNq2N
O+6g
&sb=
hFxdNj0
]wJp
o.UX
!R`*
Bk}]J
[Rx8
%@iQ`LpPD
RIzQn
(IqY
<YEA
RI^Q
"/3]
xJ~v&
Mqw\qX
(h\N
Hv$P,1
#_mA
]czX
rcrq}pfeR
&'4C
|}VX
LED<
Ywk]
,.,'
?M,~
'cc*
ReIk:
/2pXn
fC$*
bQNQn
(?S*
=LX(
HcXp?
]qG/
ro^w4>
wV7vu+
RPWd8P
5/y:
/;&sk
a9;qX
pu<L-
/@H@l
Rx#Uc(
.Q~n
iZtAZ
\II~QYAYu
p';U
!Wlj
et]dk"l
xh`R76
fbjsdB18
vLeT6g6
xNMoZek\
hf(,
YnH.
;~p~
Ay5lIk
xHHYi
Fl0h+
A9c1
H<K$
 \4tVd
Qaxh
LvZHq
)FgV;
ms[\
ojrM
.9{p
lsF.
!b&N
7-~d
DxBf
~~FS"
 =&P
Ci9E
\@B`
1w6w
%#D.,
.0lP
mQx;
TdE!
]rg%
];0l}\
vkeu
oD10
,x<V
S/}9
QIf}Oncwt
FfxD%
%f;_w
1.>,B
QdN/2
sI2.
^eA-7#
GP<
8XZa
Aann0
pQbdn
&Ge%
(!?3
NJM}
mp0!d
8^Z;
M,@_
l{yy
pg9l
n)`9o
{$,S
iD(4
8@o9
|M{>
N(fGe
cJ51
620f
;FTM
y[FIw
3#-@E'
ZdHz
B=\!
_dB,0
hfm}dm=
+3&\
vk ;d
?ug|
m;3uk#-k
~3FA
4@E1
HfbTx
b$D2
DvPZdh
~BdL
$NTRldj\dF|BV|FvbFv2
&nfB|
/=-6>9
6?2<
<v\*
iJLF
 ~v#~
B".ia/
sBVh
u+7M
B[b4.k
]uuD
'%[s
%e-3U
!Y=,u
{L64
msM#
{D<%
Y({S
v U
Q8s,
LL$^J
 !@<
4>Xqv
`&(\
8V@bLX
dND|
?-.63>5+!%
 T:/5
0B",
GHk
HP(<
Yp t*]
FgWG
|lT:0$h
,vC
&Zze]
fNQ-
cHN5
Z_s18{
(l-i
]dF)0
XbF(
djk2
_em_D
Y9w|
8f0`#
cG$q
7:>:
E_'i:
qh;M<x 
qt4Z
_YzvY
j@5
g\>8%
kg`}Y={/
`ykp\
M*;Gd
KzH!_&j
hR/S
 o@Eq
PQL0`#
Jx  
 ^x@l
8V@<+
cFFrj
20ydj
ooXw
~lq8;
}%G]
bxF>4
yzfi{nqmj
DshK
=@EP
jguegmuW
R![YW)s#<a
o,eY
|cnj
H4<%
^ugV
CdV1#93(>
Y_7=u
NTZO
[hG+
nF)4
)9z$@Ej0"B
h(eD
o_,z
yOd)g
=q]
(/OHE~
HEqa
8fh,+4>2"
aAq7
<t,
&zOL4
7-2l
zEmj
R5JZF
eQz{
w@80(n
iB62
lutp
'%u}s
Z1\X7V
o>9.
MtcD
\zUz
|3mu
,)E6
Dml*
{}4Y|8
0FDpXrt
8F`R$C-
T/]B
^#at
,N_MQ6D
AC&@E
hsM-
Z%DM
zqta]
,<M/lL
Zm<5
v;U[
wX<:
Nqcn
xM3,
l0:A"-u
":9W_3
4"$Q1
/%^^
>|[h?
7D^y
>Xz4
N pV?
<i9by
5p8;0
T~T"
}cC|
!@?!
($06
(1:2
c8q,&',
nFBl
#>1(
:?s{
Sq>&Z
B#A)j
9"L>_'
Qh(G
6`#XG7
Nkam
jpV9!
{a!L
]D`#
lmoA
dy]"
W7W>
oml(
y@<4
}j`rI(Pt
_4E?oHz
/nI
mG@l&7
gjqI
yR>#
kZXo[
i8j
^<8x~u#
;jd
c7D<
wDqw
Wr<T
2v>$
J BI
FD8P
A LpX
IDAT
1L<mt_O
04"X
1)4`
*:vN
OxhV
aB~i
Fvq=
E]#+<Z
'oyh
6^]]
z/mt
<B\\O
;><8
%DDp
#i(m
AC0n
 1'I
T/nm
jp5,
r/*-
S6XP3_
kvt~{h
r}F,
>~ontO
tll~rzitZ
|d^%
NffFbBF
c0AZ(
7SO0
:eVz
iXHt
JNiV
OtPw
4[} 
9g,kb\^
6^g&
9\I3
RHQq0n
H@B`ffPPlXHLh`lH0
HbIa
JcFfrXilj23,-:
Xrz4
FJeE
w2c K
P"Sb
O#\cN
@r $\2|
jiG@
4Q.:
xJ8Cpm
xzQq
`6@7o![
X_=j
ZD~T
a'?_
ln],]
&XTz
:k\a
_$m_
,R*%<
Z``tx8
 v`hlH
Dzv<57
2bH)
5jbd`2%X
mZj4#%
Sj^<
nwn>a\
PeYy
/3C?
r}r5
O#mP
fHU{
PMU_)
^VMUwJj{e
O07:
dPUH4
otvpL><
*d]l
=5{m7v
Y0Z{
EMIwJ3
TG~2@"'
},*UC
#E`g
{'dyVc
W+]
FvX(=(
PD(;V)1
QILj
&RCS
eynonnK.
s+XZ
EP40
?gHt6
aC@Y
U1PU
@#-1j
l=D7
YO>D
K7aY
,:T0
h~tR1
T~_W
5X|G
>85w
TS'lC
6vN=
mG^Q[
F\Ba
s5?2
+z^A
1IWh1g|
q2(w6
L$ZJ
L:1~
Y{=w
C#X!$f
K`^O
l6=7
dVDH"5
!)y(
PBTxf4
wrMd
~w0Z
upAZ
(s$B
2TiMq
BwXp~u
tXl4;
?,'R
>Z})
?Ee>c
f>,M
3%94
E{3c
QV=d
eoCV
.O<r
bRno
'lv&lv_]
ltdn
xakP`g
GnGo
rSdm
EZtX =
VX@|
F";#:
4pCN4#
,6Jg
T0UrTD
/!2*
Lw}_
qAWC
),TMT
#gu
^(@E
JWw(
xuxb
"hn:0*
tljnffA!_
XI^zpd
Y,Zr
oX<,
wD<!\
bCsS3k
T4#^
b0L7
*\?
)r >7W
kdmV
uY~}|
@p$:8
j*#*
BlR(
K)L2
emdz
Q"gM
>OD_ b
zQt~{fAK
CS+#
H)r==
btR!
o72w
,0w/
%r2c
bQ/9
{?mon+
VO;+
;AO
O074
xutr
rzaF
bdL68$
'?uN
*zV1\
N{VQP
;/)9
vRC5\
^Ad/_
%6$46
X)tVb
#ZT<9
$ZTz|L
/u4 
U\tQ
1h/]t
ojyjv
u`f`lqdrE \
%/Ya0
/RSx
4Eo>
%u-SE
XTP|.*
)57.
KOiW
}~d)
_0f_
L:/Y
qscy^a
th(;
=jq73ngI
E<v 
7YY5
;z-j
`-uo
tf2TC
YG'O
P<?-^
S%uC
+./-
M:y%
Lq8W
vRC3
g'V_8,
(t[)
^Wh>~Q>
vXX:
JeA~
n@4<ak
m}~G!V
|!`9F
ZE=$
Wmuw
-Ro)
kem9{
S0R8S
;NcA:
@282=
#uY]9
~~m2Fs
d&y~s
<'Zb
iT~O
O!s;
{\2!\
jjQq
&g>'
Zlt&
&#%c
|WQ&
w`J?
`dT!Y
 tT#
}Hw@
d>SW
CmUG
9{`]<
`|Zx
g&D
I$Lj
rI]%
jKI]02u
UAJZ_Q
<TT;
c?Xar
Ck9)?]
.G<D
+kdVu
>Ay7
t7}j`t
L.;h
N_R?]jI
V;]_1V[
,g(%
6~fFI
1(IG
I@a 
6:#$
0RJ(1
HRB }
PUu 
9oageh
e])YcY
/6V4
nn3u
'$KSs
CxS*
!KeA
;GQm
hvJ<
Swri
s#E]x
UL.I)
Bi=i0
<R[)DW>
bmT"t
-<`=
]ag)"
pbVL04_
|!-"hcR|
;Agnh
FoA>
#pkrDn
{qbca
qEdac
#q:p
`DeCjC,
|@Bb
orEg
26Le
}KXf
/;zx`
9S9W
,QW1
?V{4
^~$o_@ED8
JD!b
cU%3
;JIlu
=AWZ} 
){z{
#<"!
/Onwg
xZA{Q
1/Jo
,LI8
-d~?M
nu'T<
^PN)
NaAY
OAO>&
$\TbLr.>*
)i-y%C9E#)
O7R~~
|I7_O5
m/O5e
q&::
`tf$6)
0RF$T
BH@'
PbJ .
Qqx<d
 |Nt`
I0'=9Eu
iPko^go
Xo<r
^x~"
![eA
:9=#
::=4"&
3*:+
,W+#7i
eXT?
M~ia
CVYe
HV^f
WX:1
30RT?
is^[
,TK.
#!3
mX1.
*B`<
Hbz4
O"da
vjxx
Ps~4
S[Byh
+<W?
wW~|
`s(o
n8I2
IDAT
L9(n
LI?M
~q78
g`P`ZAP
({|$*>
kKIkA3h
RrFr
9e5KMm+%U=)9
;EYE)9
G]FIWN
 .Ne
&~vi
V\0N.8g/?{
}`D$,
8?3muS
:7sjl
`s)9
sF^F
*H-5
{'ui
)WhX
y29p<M=
N)Ny
i0@v
]Q;C
xvsrzu\
hr|^"Z
_\Y-r
,o\R
bLuQ
+hye
MZQu
\Dd"1>
5Qt*
6V}b
/vxY6
kv`m
FP0|
#%-/'
o!_h
gQx
%[c/
hdwfdW<t$
Yf+9
:F<"<
hbb^0
^SSD
8U[]I{
$sc^?}
&V];
|pRF
bNJp
q7a~
9,9,
zjxM
"%))sY
bXzI
3qk i
mS>n
<w:b
q0JQ
gqHH=
 "OGP
xc@J8)=*
aPIu,
95S-
b/\L
_~@`
:5~2
~PP?
~N7}
0=HgF^
T$m-#
!7Ao:
dLQY
-c_ZX
R_UE>
_@66
@$d;
iX%XaJL\
":(1
>P:W-
#x)A
D_)`
/LV$
Rg~}
cdw0
6NfP
I2;1
usr42
d`eb`ef
_u4Y
3t4Lt4
A!*r
m|<\
"+@B
Jt4t
Crjb
*pyuc
Rz&
]u:l
l&J_
{del
&{D%
z.YV^%f
?&\DOC+ECc
TtK(
Vg-Fe
61v34
q40r00
j5k$8
XZA=h
uC{j3
'[/'{
PC<CE>F
8Y~7^b7
]YT^}t
>J/~
Q{fv
PA~7
O,Ci
Ch#P
9JW[
<ufnc
Gg6'
Hmcd@E
IYn)
q&V.
@;F
M&&>
c$HC
V*st
,<h'9h#3`+
py~{4'
7aP|-
0/pnb
Ho(Y;
ke` 
rs=E
_}5]u=
VO-CG5
|1fGzN
o?>|9'
Pft3
p)@K
m.G#48
e.X1(
+Ai)Z~
*)H`
o-X~
__<\
OR.*
sBQ\
ofM`^MR~]pb
QFNh
6!EnqU~
dxK_
+:*58)
?8k+
b=N~
9q`s|
q{J9
Jt{
5#2(
%sU%
\%n{`r
sbkx~kvy
[ C}B
U.z[
)W^B
eZn'
77vV
;=8F
d_EU
=Dp+
w.Uv
X9{)
LHCx
%s;c
lO%i,\
%!*b
`9z3
{+I5
6qzj
Cmb]
yzDzy%
ry*L
FQOUoO
}Vn}V
FK9MK%]_
@xY#
%1l-
gCq3C
o^m\YGJUoR
vB]/
C:FK
F^:fE
m?Iz
\4#O:
4=Cmk
.@0=K]
NB)v
-nN(
jp/#'_3o/#GgkL
!e=.1U!
M.@E0
9V.Yn!
k48[u
;i}
cqZgqVgs
VZKR
2un*
vzF(3+
dg`fk`
C?CRB
7 !p5
yBMg
{X]:
$*PCTG
&+I$
/_n~
+?lt
)zXj}X
}95#
ZGVp
guMn6
.nO-
M-B~
ut4O
D=$o
3K]t
>;OYZ"O
7<7;
fUTQ/
Ybum7
GV]X
/Fn%
}@Y{$td{
={}C{}c
@[_H
}!-"0
"e>n
'*rI
o,L|{8z8
>\S>]
'GV 
JRYJ
,<ml|
)B,q
khdHRVPJ
oVEL~sbIG
*,_=
^]?%
i{iuw
,Pg]
tVc}
x\cs
@"Zv
c0.a
&b-Z
#wJm
=I;%
Se)q|
|.067
k7cm
_!^k
[`N&V
 0H
<c1^1
~Rk~/
9#L]
V!.v1
z?Qy7Rf'\l;L
FsK{
P&~n{xb
GUuOu
H.mw
9`2ll|4P
?xkh
_a#V
&]Nf
@EP(
e,2`)
Sco~
3%Fg9Fu>Bo#
Gh7D
(.zg
npkGck'C+
r66w1
mL@B
a~iQ
Sb5*
\AB\
?/V}
y^ozU
 Mm/^~7B|+L
Ma|qSfU
t:8E
z,B:
-/o-
b`Sf
Z^;S
=CD@E
]**J
u<CL
_[Z[y
Xxi{
*l-z
&!Zi.R
%Vj=Xr
<cvB
dk8-
DE 4a
C/rDV
}X@J
2#^j+)
t81Q
go2+%8
je&H
cdJPFqjIGJ
@pNkxQw
c+{1
G<Da
kG`ed
c%]e
`.D 
nxdr`
`cN}
`S~y[PfmBi
fitEwFQ7
*6ws6
8Qe~
/.i/Si
Xyi3
a'=a
fdbe
*ijJ
Ce|AWpV[PvKhnK
tM/d
V[GW
i4Ah
5@EK8h
l~ygay
qU]K
_jUFi_F~mpjqpN}DAC
KAE_
nf'a
 w&r*
SnG*
,5_-
15hs
)Q eK`
25}+u
U=@<
?+hj
@3hzf
xFx9
:iq8
YRU8?h
kK@E
p=WcCW
P7"b
n~;'^,5|
b5T;
D-NN
Oju`n
KP5m
H{X"
1ioQ
dGCS7
v2BCd
Kb^bAkvIWj^}d
7}W/
-$g&
fj#m
dr)))98
{b'#
0K!?s
F!|-
x6]x6
cp"-M
 2CF
u\t
+mck]S
w'_/
z<@=
o>Wj
S+M}
jm?4n
>jyc
hjisayg
;4G@
.jmu
C\;\
2OI^
y`i`
X$, vP
.Wv,Wv
s5]Hh
-)EX
bj6J07
@mk{
[V!9
RPqRRs
2*>f^%
/c"t
RdJ,
>^L'
'^Ng
ndiljmd
>2 %:(9*
S@E?
l/>lN
?&~9]
/fKn
.&?\
IDAT
J;~F
2>Uz5Fd%Vp
 vpfe`
Z.i_.
Vx&f
#(*%
#;am
$T-Dt
8nT8
h&Fn.
24@_
LIYO^I_A
@AK_I
PIUO^
B"U}S5
u=3M
OYK-
C#kC
^RGPb)
!18 !
/TJK
zJx8\
$>)JA
>[x=
Wtt
~\}?
\;+ZQem
W>5/4
k'j{
40K
'J~.U
&jng
&AEIpH'W
Z0UR
kzP%-
->50
#.3:
CFq}Uc'w
hXi
48.W
PhN*~
6 dj
3u1i
9IZZ
'mIG
5AG=
kop}
<ER<
AcY^
C3{]
daP$G
DBx@Rx 
l>P'5
:Fz8B
>a[n
?]L'^
Ph3S
KfjK
0oKH
vk,>w
f_#kn
|.z\
8Wl7C
5g:?c$?
gU%~
 ;M,n
IR}}
-^]".
z]]Wk
{r!@
U]KU
"8> )
PQhf
\\AI
Ipzp~Wz
aY-Z6QZNq&~
jvQr(-
A}FJ{&JG&
{%Y+5
%cEeS%u
@2E!^/I @?i
)Q!)
x=+:B
-M}m
V,?1
J&II
bU74
+l'55u
a[GW
/nYL,
S[FikxFqrA
yu&vnp
FOEI
Jrp1
7c*/Tn
:Qa)Q
@k7_o
n P*
..oV
$PX@Jx
?o~<
T2Td
u$nw
zKC=;;
o.B(
f=Kc}
YZ@/
sI1p
WfO(
O+N?
amx&
3Rq}
jU*W%P!U
f(+W3
.&6`
Bzej
L'b^J
 1uTX2
@J"@
 <E\
,7ZCK
>PWx
L(^f
*Ad'E
uiy~
(m`|klfejv
(-KJC;
|nmrI;:
+\F[
r|BJ<|
y!+#
p18r
H&_$
0o,?W
4n>.
}V`v^`
Te~Rl
#=#@E
Dl">2
41*,622>
`Pb&
P_@]
N(_vf
Pt;]
i_FS
/QC2YO:
=O*
KL.
vjE7
=}\7
eor~{bnkbn
}@Z3K
>(LM
K02r?
}*bbbbc
HVAKTD
`ga&
&VQf
"x92t$
(Zl!L5
4?,2:
Y!+/F
XQ$YB
CK 3
--e-
ix|*.:
`G|:9
@?R$
WRd@
/9&,%&$
_hM_
G\t{
^U[}
Dy$Q
zQcq[i
fIq'
0yp18!X
upi`|
,BH48
}V Qi{
M6QI
t1dB
XqZy
E$gz
:l~}
MplX8F
]\HR
)baf
a(>vS>vs
N"?'
0Fp3
4Fa1
_\LDTD
t^o~Zf
9GCH
tBLr4
 lx|LX<>
t]ir]fyW
|Qay]
cuPZ
Or5:w 
yxyE
2umzzvhtff
(*JI
avsj~
abspx
5N'W
8/rj
6pP
V1(e
  afV$
Z(%UCE
}i)A
1YKp>
Y$kR
/GJR
M,4P
}+;]
gO#S
+Hlda
L%Fg
F*>"9&
4bx:
t2)"
RH<6
2+z&!H
l?Na#
<rDK&i
@y5W
CJNKQ
&J;i
.pveb
3,BZ
})Nz
8OY\
58No
rK{K
ygKs3
C+m=3
MmCE%
S-VrZ
@MOOE
`KV,.
$|L|L$
 [mL(
G^wz]W
!(21
"QY8VA
` O4T!Z
>(U}/K
*Ys'Z
){]b}]f
G`5Pl%@x
^s18q3
X0O?
|jij
)|UdG
kKO\fY
gixr
X_Rc
06Q&.
\P 
fbSUP3
6TU7T
=Dd9@h
kBI4c
_yBj
#!&:.
$ta\
%=ME
NW=.
w}~7
TbuVby
{Tlr]
j7Qe
sEmK
%W/t
zWkz
fmd+
o-H|9D
27;3
fj]/
ZY>X
a]-U
0>Un
Iq e
:pAU
ef>Y~
]nau6
y&VQF6q&.
$,"P
dy~3
]dg
P${0d_
&ctf
nHNOan?Q
TuL4u
ZFVZ(35=
j+k`
71i8b
lI"@
drnbbf
)x|"
LX,&
VK'b
)Qks
-W}O
[izYfyY
sU z
/:^]
ixuZ
BC$UE6IC
.\`&
2LUrmt2-42M
.2b+
H\\QI
?+Sl
mni
TUS|
**j[H
H.hO
Pb:&5
0V8+
zip1+
5fq:
_jM8
5uC+
[={<Z
K{#k;
x Bz
-&(=&<-*
|Sku
dz[oqYgrQ
o=L`
N7SME)%
d/Lr
u>&k
kBsZH
dTuW
]]9Y]?
l}ZX9
l/o|
9uS{
uy{x
DjHf
Ow_Rk
zA35
f7&g6[
E}RZr
5NWt
6LdVv
RAKHBitF}\I7.
O.js
ktl@lQ`|>
g&!Ff8;
k%;oU[
7J&.
uTuL
WKM}S--
19s3
@^fHK
8}Dx<
(G]c
]S@EV
 $[}
#@E&
~c+g3{o
D)8,X
\<#_
/WzW
;B$u
N7WH
TI1WM6SI0
3ylc
}_vV
d=+p
C6bm
sO `
6hG{{/
3+TGa
+Zm
EKV?
Bz5Xp
p3^z
I:G)Z
/gfV
RakV
P@jIxZyLNmXR
Ef>aV~
0Ay.
M^>yV
Ka#/
fe`a
bdPbcRd
PagR
`><
;=~b=^
SeeVdb
`Qef
$[ck
;x9{
Pb,"
btd*
KBB
AKAE
[W/Wo
?lL\
6|}vR
jss*
`.a)yCi%k
]w!}
J*F$
P+[G
>{X}
/wOo
e6.`
C$>4!
ARL|
@lVpB
1vV4vQ3
P5uU
#@
@Pec
a{nF7
.7a67>
P8[0
ltOR"LA8
=L
L@@0
 $"a
@Edcb
/_>|
%;|c
;FJ<
Bz?Bt
e(Pw
!}%t
%V;Ef
RzUi~m,:
dbnw
8B%Y
5Q^;
;D+k
5=[E
yhxK/
Fd^wHZKxNcXzmpJ
*nq&
l@E 
3TJ(Z
me7CcW
tMmu
4--5
n5-hh
q22u60
;[88
PQ:>>9>>)
,@vG
(->&
W_O_~
IDATu
B\xAn$
7zf6;'f
wbmhj
uhif
X?Y^9
dzqw~
$Go#[s
MmuMn@
<mvf
$*h],h
Vt.e
hDVkX^
CbQ@F[tq
Qj}PV
[iiY
7?l0
7_ll
RBRL
wx9m
mqK<
xb*119
$"&&
d8i&Z+
Tq6zh'k@E~V
5^NV
3]$.
HiJ
'%[=
dvnw
xfiga
$r1B
R1OO
&sNZ0
G)*KX
Q-ST
sZf3k
\@Ka)
y@LpRaxb
BDVuxF
|YFf
.&c.f+^v
^&g~fW
O^FOn
<W$((
sm}k=s+:
#cHH
@HK 
Bu4T*
TX2*
"?z
r}Zm
@?kpyW
$Qq6P
 0~O
?'*=O
(Zl'Tv
!0qW
.1`-
R|xq
*;2)
jT^[06301' >
8^\;
(/e8
yslfglz
kkUe
OZeHf
D~_t~wDz]LA
tAXk
13hp
?s0?k
?{k=
VBhV
`7#s7c;G}[WC#g=c
&5]C@E
PQ &
8$]a
*;>>
y#B<
1#!>
4L\*:6)6
~,$?
a9V6
~Vw>foa
zNm{1S
n$/S
pfo8
&wLl
O\hZ_
8mxrut|y|bmlf
[~BY8
u(W4:
j)*)
uy;U
Z$75
;'W{'
)n[,i
Vt~%
'UcrZ
!r{#3:}
89x5
Av_1._n
mtM 
:xAu4
{W3[{#K:
+q19
b:>>
$&@x
4LT6:27!
GSgO
u(^/_>
|6wu4v
d/Un
9YYJ
_jI=
FnRV
.jN#
mtzc
4~6NI..YV
;|Mf
^h>i
!282k
kGk{V[F
NnWu/e5BT
vGe7
nb^slz
i5#`
Sj&HU
ldkh
#~fo^f
C>pf
\07a
BMpt
DdL*
,RF.)=/1##)-715
t,&;
0Ow)
jk]/
bdRc
vcyI
{Ki}7W{
+W/O
%9jT
q2kp
esjak
ouE-
kcs;
3WY:O_
w*z7
FW;'6k{
w,e7
g2*&
pe=)
aB~ota
bnDj=
WrmPN[H^wT
<o\jdr
F6Nv
H}%~V
ik>#
gFzF
X>43
-t u
Y5bc
h".6
DT1
Ih$16&>:
4\J*65717'13
 533!)
c!3$
^,~|
Nf/O&
LNpV
OWG>
g?[
mzlM
@>FOn
{p6'^6SV
5XaR
@1;?i
"C3\
hen.
D8s:">
zQKbYwZ
uf{Ri_i
NiOD~Ylq]Jy_z
H-mN-
J2F!AY6QE>
DjrY
&u~6
EnAA
3hp6
p-M5
$/[j
bvuaI-
M~s6
t7/k
W5]/
r,^>
K`>i
~Z]?
0".ZK
v{Dv
W;x1
hMk%
-Yycy
11GK5C
wR49A
'*":
+J+ep
:F`{
DxJy
`cuz"
BTX[
b2aY
[jz=
?=^~
~)*x
QOk}%9
MHE4u
7GD[
-@BS
S;CS
jpzO
Z:Y\
5E<lpz@5
h{dt
Jz'$
uCw*
Znzm
f^|i
'&5$6
7u3{]s
W@9vP
/G% 
b6N>
$(&adc
#.!i
FANPc
<~mK"y
Pavf~F
r@Eu%
1~F~i>
uaf"tg
=>l<
W*RU>
BgR_
~@5]
Q0[7-
xNj|2n
5(CrC
D\c4
32{4
z&\8
Z<ZX
94u88
]\?ZZ
4&cu
nPKlB
2JKAI
yUk3[g
K!`"
!4XM
BTbY
JH8%
Y};h-
PQnR\Nb,X
d@E0
3#!?5
_N1>L1
JL{9
TEP,
^33q
(Zy*
?4{8
'}S'
AqUC_
RV0u
V@EyMBz
2:DQ
v{Dnyz=
rrj de
{98{
m6$_
[?Ksg
MTM$(
l}L.A
YV^MA
}^>Kb
oghoF
'Ly5
uUcu
}FA!
+SD@W
@#|T
V6TC
7BB+
`foh
fN;G
T24wwpr
sdkja
K%Kr\_
*[7t
&^Ze
zeBe
)yAIY
Dqtt
Cgd+[
!s+W
&kG2
Qgia
.*KW9
)ZcW
;xHE
)RwX/
{ExBY
+bd$
 35?=
,)+(.g
lz>;?
EM/g
tzInzAZr)5
fZ|yvlMv\#3ee
L}4S
J<:G])Y
F\QE
[&{9
Nj#n
BEic
p(Sy9%i
-zYZQu|Q
H8}40
38y*\
-<I3
7u2 >
oP<8(j
Vj8k
WsWs
`ryOJEoV-/
f~M4
.ZM7
rNQta
:BNM
Zfh%
U%OML
U@T.
i)VZi
_7]Iv
L 9A
FVj^Z|^F
P513
UYTX
[PN-
DTsVG
HJoLfXo0
U_;n
J4<*SC9
/GC%
q:Po
D{bU
Cc_J
H])AY
F~;\
9uBf
`biWZU?
O/j-
rNIFI}BA
:[Z;[
4P/5
6z,Cl
m\|HR
4[wok
aW)!
Pcy}SE
JfYMQeEAi]qM5
JfqyaA%+
G_/4~
W4PW
?VW-
HT~4
SP24
5 (2
z^^E?
:^bYwf
JUGA
oedTedP
KfffY>
AMN,
%TZQ.
**c2jJ
SQUayM
Mbg%
z3I};t
8h1qxKg
_O'}
mmHw0
@h2E
5QExE
A)OS%C]1V
F\FC#
Mg&%-
fJVL&5
'j8k
uhK:3
~)e#
7}8,
Abi[z
Zz5%
<BL)W-
I@E^
J?p>
3x~0
4@EP
`CEGZvAV
tm{~
113333;q
?E~7
/G|^
v(r#
tr*]7
OD!R
+uPExe
b"A5
|"b|#c
fO 'M
uF}9w
=jv?N
ioEi
zR#>o
;={48q
7~20u<4
^?pP
q1Ft
Ogp-
9(Uk,
WBMW
,x493S
y6>@
l]9P
SNRLZ\hFbXFBxjL
$&*=>J
vdG]"Qnr|Qj
t?./5%?-=+)5'%
4WTTUT^WZSSTQ_Z
$;9.?-
Ib*$
_xs1
W{^.
y`V]
_D#TYi
W7bX
uVC8"e]
0E8T.V
spPfAh
$0!38*' "
*J.o
k{V
YLoZ
fjA\q}da
IDAT
h=%U
)CYj
&e#,
o4`o
Vy$4
M5v5!3
rSB#G
v.<{
A1k:
b7+;
$M5I
Vz.<+{
cRcn
9RSX
vtArBNR
/I+HK/LO
g\M'
.!b%8d<V
_jo!
c|"E;
oLH6
r(i5
\4N)
k8y7$
J!^!
4]d$N
3g#s
#t4*
k}SG
[]3'm
HL'MS
TP@J%
!,BV
^+t;C
&!O[
2i[q
&c.B0
Sf|tJ
"r$1`?9
PqfFQFzqfVivNIf>
TTPz
uqzvqzfI
/#:?)
PQMz
_>A_X@E
Gk??
TB#K
oh"o
@djk$
stSG
 89'6
QHN}Z
l7l
W7xP7rp
5w>0
Y.e3Do
w5C;
u}k-
FV.x
!KD(
~K#]V
cil,
fnT37
DPJ4
.'96K
yyEKSbenHn
A{Z{K+k&
Wg%E
DfDG
^iIP
Kk^iP
/F>\
L,N5C
q#M;
l9$l
,c$/
T5'f
KMw
u%6%<
(Xt'
19H6_
lg}ivy}
xa~?/3
jxS$
XAYKYUKVEWY
k`JI
,JZw
cjaCc[
*r'b
ic#H
%<(u>(
QfoZ
Qr^(9'
(\KsK>
l3bJ
>0.<HHb
OH(LI
PT^ZLAZ\N
i}93
7#'[
bJ.
Q9IC&
$!k0
A*qUe
I^D|
}o|a
p6ZM
ttOM
/l]/i\
ZZ~@~
1Dhs+
KM#!
W5PQ3Bi
5XwU
t(\:
.ZY0
(T{:
,m)T
?wMk)
|4g,
+w;7
bmhL;*
OjRf
d!'Ap
Qfz>
FIfaQZ
Tij*
?=[y
`U@8
Ug;X
Z7Sm
Y-ES-MW#^[-
dy%BF
}s+X
`fnwd
DU-#=
k-C;
BVIU
Iem9
[<UH
z\%-3
0k}
<p_>
&[db
<tC{3
t7"u
R){)
\7Q[=
ey}eY
e#v~jFqFN
K**LK
I+eO~z
=oH~V
XiWZ
URA
,^S%]
@+[w
U72+
X|{:
s)!Au
c'`{{
!VB*RV
hq}v
'Ozf
7Zr5^
If`Hl
EF\'
n:Tg
22j2
JoU2
(vT&X8]8
8wUw!Pw9
E1JU[E
Sf|d
DFtDzl
F9`?-
Q~IfnQF&l
ap>?#rq
Co_>}
|^dv
3L"Q)NS%TC
D8F.%
#`_6R.
-7D7P
!-<5?&
N(kN(k
pfm_^
GS#R
t!q\
+l'?
4E9Us
fEaA
a06#Lg
A2u+
`)Xg:
4qEo)
PUL@
SFLXflxjDpVLdVlTv\4
!)#-W
Qe~AYN
D[Ar
y)I9I1Y
o.~z
v?>_}
nXyw
qr75
L3MG
Z1BC9
SHBpH
{&v;
I7OV
CU/Vo|
7(/S
.J"0We#e"
\.WJ
~0);
JnLn
6owv
:GUm
X6^!
=+_CG
s$y
 ~dbQ
SpD*
$Nt[
dk3!
B-cq$
 )#.1
ArJd(2
TVR+*
YemSE
^o~z
gGcg
s=6L?
,Sa`F+
-k10
0Co}-{m-
R8Q~$6
 3!U
++O(
[Z{,S>;W|
([V,/
[OOv
`Zl`H
%PqD
G#}n
Q=-}}
s%Vc
9ueyu
?~v8s
ZjG!t
85 >
'T}3
W~} 
98n$
FJ.
8NBzPD
=Y<|
sqH#-m
=|(X
:Zf;
RSSd:
d8od8
8HhQ
IEND
