
Starting Nmap 7.60 ( https://nmap.org ) at 2017-12-21 18:33 EST
Nmap scan report for 10.10.10.56
Host is up (0.41s latency).
Not shown: 998 closed ports
PORT     STATE SERVICE VERSION
80/tcp   open  http    Apache httpd 2.4.18 ((Ubuntu))
|_http-server-header: Apache/2.4.18 (Ubuntu)
|_http-title: Site doesn't have a title (text/html).
2222/tcp open  ssh     OpenSSH 7.2p2 Ubuntu 4ubuntu2.2 (Ubuntu Linux; protocol 2.0)
| ssh-hostkey: 
|   2048 c4:f8:ad:e8:f8:04:77:de:cf:15:0d:63:0a:18:7e:49 (RSA)
|   256 22:8f:b1:97:bf:0f:17:08:fc:7e:2c:8f:e9:77:3a:48 (ECDSA)
|_  256 e6:ac:27:a3:b5:a9:f1:12:3c:34:a5:5d:5b:eb:3d:e9 (EdDSA)
No exact OS matches for host (If you know what OS is running on it, see https://nmap.org/submit/ ).
TCP/IP fingerprint:
OS:SCAN(V=7.60%E=4%D=12/21%OT=80%CT=1%CU=39769%PV=Y%DS=2%DC=T%G=Y%TM=5A3C44
OS:E3%P=x86_64-pc-linux-gnu)SEQ(SP=104%GCD=1%ISR=10D%TI=Z%CI=RD%TS=8)SEQ(SP
OS:=105%GCD=1%ISR=10D%TI=Z%CI=RD%II=I%TS=8)SEQ(SP=104%GCD=2%ISR=10D%TI=Z%II
OS:=I%TS=8)OPS(O1=M54BST11NW6%O2=M54BST11NW6%O3=M54BNNT11NW6%O4=M54BST11NW6
OS:%O5=M54BST11NW6%O6=M54BST11)WIN(W1=7120%W2=7120%W3=7120%W4=7120%W5=7120%
OS:W6=7120)ECN(R=Y%DF=Y%T=40%W=7210%O=M54BNNSNW6%CC=Y%Q=)T1(R=Y%DF=Y%T=40%S
OS:=O%A=S+%F=AS%RD=0%Q=)T2(R=N)T3(R=N)T4(R=Y%DF=Y%T=40%W=0%S=A%A=Z%F=R%O=%R
OS:D=0%Q=)T5(R=Y%DF=Y%T=40%W=0%S=Z%A=S+%F=AR%O=%RD=0%Q=)T6(R=Y%DF=Y%T=40%W=
OS:0%S=A%A=Z%F=R%O=%RD=0%Q=)T7(R=Y%DF=Y%T=40%W=0%S=Z%A=S+%F=AR%O=%RD=0%Q=)U
OS:1(R=Y%DF=N%T=40%IPL=164%UN=0%RIPL=G%RID=G%RIPCK=G%RUCK=G%RUD=G)IE(R=Y%DF
OS:I=N%T=40%CD=S)

Network Distance: 2 hops
Service Info: OS: Linux; CPE: cpe:/o:linux:linux_kernel

TRACEROUTE (using port 3306/tcp)
HOP RTT       ADDRESS
1   262.81 ms 10.10.16.1
2   129.54 ms 10.10.10.56

OS and Service detection performed. Please report any incorrect results at https://nmap.org/submit/ .
Nmap done: 1 IP address (1 host up) scanned in 51.58 seconds
